[INFO] Scanning for projects...
[INFO] ------------------------------------------------------------------------
[INFO] Reactor Build Order:
[INFO] 
[INFO] Virtual Language Observatory
[INFO] VLO Solr
[INFO] VLO Commons
[INFO] VLO Vocabularies
[INFO] VLO Importer
[INFO] VLO Web Application
[INFO] VLO Sitemap Generator
[INFO] VLO Report Generator
[INFO] VLO Distribution
[INFO]                                                                         
[INFO] ------------------------------------------------------------------------
[INFO] Building Virtual Language Observatory 4.6-SNAPSHOT
[INFO] ------------------------------------------------------------------------
[INFO]                                                                         
[INFO] ------------------------------------------------------------------------
[INFO] Building VLO Solr 4.6-SNAPSHOT
[INFO] ------------------------------------------------------------------------
[INFO] 
[INFO] --- maven-resources-plugin:2.6:resources (default-resources) @ vlo-solr ---
[INFO] Using 'UTF-8' encoding to copy filtered resources.
[INFO] skip non existing resourceDirectory /root/workspace/clarin-eric/VLO/415509045/vlo-solr/src/main/resources
[INFO] 
[INFO] --- maven-compiler-plugin:3.1:compile (default-compile) @ vlo-solr ---
[INFO] No sources to compile
[INFO] 
[INFO] --- maven-resources-plugin:2.6:testResources (default-testResources) @ vlo-solr ---
[INFO] Using 'UTF-8' encoding to copy filtered resources.
[INFO] Copying 2 resources
[INFO] Copying 47 resources to solr
[INFO] 
[INFO] --- maven-compiler-plugin:3.1:testCompile (default-testCompile) @ vlo-solr ---
[INFO] Nothing to compile - all classes are up to date
[INFO] 
[INFO] --- maven-surefire-plugin:2.20.1:test (default-test) @ vlo-solr ---
[INFO] Downloading: https://repo.maven.apache.org/maven2/org/apache/maven/surefire/surefire-junit4/2.20.1/surefire-junit4-2.20.1.pom
[INFO] Downloaded: https://repo.maven.apache.org/maven2/org/apache/maven/surefire/surefire-junit4/2.20.1/surefire-junit4-2.20.1.pom (4 KB at 6.9 KB/sec)
[INFO] Downloading: https://repo.maven.apache.org/maven2/org/apache/maven/surefire/surefire-providers/2.20.1/surefire-providers-2.20.1.pom
[INFO] Downloaded: https://repo.maven.apache.org/maven2/org/apache/maven/surefire/surefire-providers/2.20.1/surefire-providers-2.20.1.pom (3 KB at 123.0 KB/sec)
[INFO] Downloading: https://repo.maven.apache.org/maven2/org/apache/maven/surefire/surefire-junit4/2.20.1/surefire-junit4-2.20.1.jar
[INFO] Downloaded: https://repo.maven.apache.org/maven2/org/apache/maven/surefire/surefire-junit4/2.20.1/surefire-junit4-2.20.1.jar (81 KB at 1116.0 KB/sec)
[INFO] 
[INFO] -------------------------------------------------------
[INFO]  T E S T S
[INFO] -------------------------------------------------------
[INFO] Running eu.clarin.cmdi.vlo.solr.SolrQueryTest
2018-08-13 18:15:49,454 WARN [org.apache.solr.core.SolrConfig#initLibs:751] - Couldn't add files from /root/workspace/clarin-eric/VLO/415509045/vlo-solr/target/test-classes/solr/vlo-index/../../../../contrib/extraction/lib filtered by .*\.jar to classpath: /root/workspace/clarin-eric/VLO/415509045/vlo-solr/target/test-classes/solr/vlo-index/../../../../contrib/extraction/lib
2018-08-13 18:15:49,463 WARN [org.apache.solr.core.SolrConfig#initLibs:751] - Couldn't add files from /root/workspace/clarin-eric/VLO/415509045/vlo-solr/target/test-classes/solr/vlo-index/../../../../dist filtered by solr-cell-\d.*\.jar to classpath: /root/workspace/clarin-eric/VLO/415509045/vlo-solr/target/test-classes/solr/vlo-index/../../../../dist
2018-08-13 18:15:49,466 WARN [org.apache.solr.core.SolrConfig#initLibs:751] - Couldn't add files from /root/workspace/clarin-eric/VLO/415509045/vlo-solr/target/test-classes/solr/vlo-index/../../../../contrib/clustering/lib filtered by .*\.jar to classpath: /root/workspace/clarin-eric/VLO/415509045/vlo-solr/target/test-classes/solr/vlo-index/../../../../contrib/clustering/lib
2018-08-13 18:15:49,470 WARN [org.apache.solr.core.SolrConfig#initLibs:751] - Couldn't add files from /root/workspace/clarin-eric/VLO/415509045/vlo-solr/target/test-classes/solr/vlo-index/../../../../dist filtered by solr-clustering-\d.*\.jar to classpath: /root/workspace/clarin-eric/VLO/415509045/vlo-solr/target/test-classes/solr/vlo-index/../../../../dist
2018-08-13 18:15:49,472 WARN [org.apache.solr.core.SolrConfig#initLibs:751] - Couldn't add files from /root/workspace/clarin-eric/VLO/415509045/vlo-solr/target/test-classes/solr/vlo-index/../../../../contrib/langid/lib filtered by .*\.jar to classpath: /root/workspace/clarin-eric/VLO/415509045/vlo-solr/target/test-classes/solr/vlo-index/../../../../contrib/langid/lib
2018-08-13 18:15:49,475 WARN [org.apache.solr.core.SolrConfig#initLibs:751] - Couldn't add files from /root/workspace/clarin-eric/VLO/415509045/vlo-solr/target/test-classes/solr/vlo-index/../../../../dist filtered by solr-langid-\d.*\.jar to classpath: /root/workspace/clarin-eric/VLO/415509045/vlo-solr/target/test-classes/solr/vlo-index/../../../../dist
2018-08-13 18:15:49,477 WARN [org.apache.solr.core.SolrConfig#initLibs:751] - Couldn't add files from /root/workspace/clarin-eric/VLO/415509045/vlo-solr/target/test-classes/solr/vlo-index/../../../../contrib/velocity/lib filtered by .*\.jar to classpath: /root/workspace/clarin-eric/VLO/415509045/vlo-solr/target/test-classes/solr/vlo-index/../../../../contrib/velocity/lib
2018-08-13 18:15:49,480 WARN [org.apache.solr.core.SolrConfig#initLibs:751] - Couldn't add files from /root/workspace/clarin-eric/VLO/415509045/vlo-solr/target/test-classes/solr/vlo-index/../../../../dist filtered by solr-velocity-\d.*\.jar to classpath: /root/workspace/clarin-eric/VLO/415509045/vlo-solr/target/test-classes/solr/vlo-index/../../../../dist
2018-08-13 18:15:49,718 WARN [org.apache.solr.schema.ManagedIndexSchemaFactory#warnIfNonManagedSchemaExists:252] - The schema has been upgraded to managed, but the non-managed schema /root/workspace/clarin-eric/VLO/415509045/vlo-solr/target/test-classes/solr/vlo-index/conf/managed-schema is still loadable.  PLEASE REMOVE THIS FILE.
2018-08-13 18:15:49,790 WARN [org.apache.solr.core.SolrResourceLoader#findClass:573] - Solr loaded a deprecated plugin/analysis class [solr.TrieIntField]. Please consult documentation how to replace it accordingly.
2018-08-13 18:15:50,361 WARN [org.apache.solr.metrics.reporters.SolrJmxReporter#doInit:87] - No JMX server found. Not exposing Solr metrics via JMX.
2018-08-13 18:15:50,362 WARN [org.apache.solr.metrics.reporters.SolrJmxReporter#doInit:87] - No JMX server found. Not exposing Solr metrics via JMX.
2018-08-13 18:15:50,367 WARN [org.apache.solr.metrics.reporters.SolrJmxReporter#doInit:87] - No JMX server found. Not exposing Solr metrics via JMX.
2018-08-13 18:15:50,436 WARN [org.apache.solr.core.SolrConfig#initLibs:751] - Couldn't add files from /root/workspace/clarin-eric/VLO/415509045/vlo-solr/target/test-classes/solr/vlo-index/../../../../contrib/extraction/lib filtered by .*\.jar to classpath: /root/workspace/clarin-eric/VLO/415509045/vlo-solr/target/test-classes/solr/vlo-index/../../../../contrib/extraction/lib
2018-08-13 18:15:50,437 WARN [org.apache.solr.core.SolrConfig#initLibs:751] - Couldn't add files from /root/workspace/clarin-eric/VLO/415509045/vlo-solr/target/test-classes/solr/vlo-index/../../../../dist filtered by solr-cell-\d.*\.jar to classpath: /root/workspace/clarin-eric/VLO/415509045/vlo-solr/target/test-classes/solr/vlo-index/../../../../dist
2018-08-13 18:15:50,438 WARN [org.apache.solr.core.SolrConfig#initLibs:751] - Couldn't add files from /root/workspace/clarin-eric/VLO/415509045/vlo-solr/target/test-classes/solr/vlo-index/../../../../contrib/clustering/lib filtered by .*\.jar to classpath: /root/workspace/clarin-eric/VLO/415509045/vlo-solr/target/test-classes/solr/vlo-index/../../../../contrib/clustering/lib
2018-08-13 18:15:50,441 WARN [org.apache.solr.core.SolrConfig#initLibs:751] - Couldn't add files from /root/workspace/clarin-eric/VLO/415509045/vlo-solr/target/test-classes/solr/vlo-index/../../../../dist filtered by solr-clustering-\d.*\.jar to classpath: /root/workspace/clarin-eric/VLO/415509045/vlo-solr/target/test-classes/solr/vlo-index/../../../../dist
2018-08-13 18:15:50,442 WARN [org.apache.solr.core.SolrConfig#initLibs:751] - Couldn't add files from /root/workspace/clarin-eric/VLO/415509045/vlo-solr/target/test-classes/solr/vlo-index/../../../../contrib/langid/lib filtered by .*\.jar to classpath: /root/workspace/clarin-eric/VLO/415509045/vlo-solr/target/test-classes/solr/vlo-index/../../../../contrib/langid/lib
2018-08-13 18:15:50,444 WARN [org.apache.solr.core.SolrConfig#initLibs:751] - Couldn't add files from /root/workspace/clarin-eric/VLO/415509045/vlo-solr/target/test-classes/solr/vlo-index/../../../../dist filtered by solr-langid-\d.*\.jar to classpath: /root/workspace/clarin-eric/VLO/415509045/vlo-solr/target/test-classes/solr/vlo-index/../../../../dist
2018-08-13 18:15:50,446 WARN [org.apache.solr.core.SolrConfig#initLibs:751] - Couldn't add files from /root/workspace/clarin-eric/VLO/415509045/vlo-solr/target/test-classes/solr/vlo-index/../../../../contrib/velocity/lib filtered by .*\.jar to classpath: /root/workspace/clarin-eric/VLO/415509045/vlo-solr/target/test-classes/solr/vlo-index/../../../../contrib/velocity/lib
2018-08-13 18:15:50,448 WARN [org.apache.solr.core.SolrConfig#initLibs:751] - Couldn't add files from /root/workspace/clarin-eric/VLO/415509045/vlo-solr/target/test-classes/solr/vlo-index/../../../../dist filtered by solr-velocity-\d.*\.jar to classpath: /root/workspace/clarin-eric/VLO/415509045/vlo-solr/target/test-classes/solr/vlo-index/../../../../dist
2018-08-13 18:15:50,717 WARN [org.apache.solr.metrics.reporters.SolrJmxReporter#doInit:87] - No JMX server found. Not exposing Solr metrics via JMX.
[INFO] Tests run: 6, Failures: 0, Errors: 0, Skipped: 0, Time elapsed: 4.119 s - in eu.clarin.cmdi.vlo.solr.SolrQueryTest
[INFO] 
[INFO] Results:
[INFO] 
[INFO] Tests run: 6, Failures: 0, Errors: 0, Skipped: 0
[INFO] 
[INFO]                                                                         
[INFO] ------------------------------------------------------------------------
[INFO] Building VLO Commons 4.6-SNAPSHOT
[INFO] ------------------------------------------------------------------------
[INFO] 
[INFO] --- maven-dependency-plugin:3.0.0:unpack (unpack-mapping) @ vlo-commons ---
[INFO] Configured Artifact: eu.clarin.cmdi:vlo-mapping:1.2.1:jar
[INFO] vlo-mapping-1.2.1.jar already unpacked.
[INFO] 
[INFO] --- maven-resources-plugin:2.6:resources (default-resources) @ vlo-commons ---
[INFO] Using 'UTF-8' encoding to copy filtered resources.
[INFO] Copying 6 resources
[INFO] 
[INFO] --- maven-compiler-plugin:3.1:compile (default-compile) @ vlo-commons ---
[INFO] Nothing to compile - all classes are up to date
[INFO] 
[INFO] --- maven-resources-plugin:2.6:testResources (default-testResources) @ vlo-commons ---
[INFO] Using 'UTF-8' encoding to copy filtered resources.
[INFO] Copying 3 resources
[INFO] 
[INFO] --- maven-compiler-plugin:3.1:testCompile (default-testCompile) @ vlo-commons ---
[INFO] Nothing to compile - all classes are up to date
[INFO] 
[INFO] --- maven-surefire-plugin:2.12.4:test (default-test) @ vlo-commons ---
[INFO] Surefire report directory: /root/workspace/clarin-eric/VLO/415509045/vlo-commons/target/surefire-reports
[INFO] Downloading: https://repo.maven.apache.org/maven2/org/apache/maven/surefire/surefire-junit4/2.12.4/surefire-junit4-2.12.4.pom
[INFO] Downloaded: https://repo.maven.apache.org/maven2/org/apache/maven/surefire/surefire-junit4/2.12.4/surefire-junit4-2.12.4.pom (3 KB at 123.9 KB/sec)
[INFO] Downloading: https://repo.maven.apache.org/maven2/org/apache/maven/surefire/surefire-providers/2.12.4/surefire-providers-2.12.4.pom
[INFO] Downloaded: https://repo.maven.apache.org/maven2/org/apache/maven/surefire/surefire-providers/2.12.4/surefire-providers-2.12.4.pom (3 KB at 120.7 KB/sec)
[INFO] Downloading: https://repo.maven.apache.org/maven2/org/apache/maven/surefire/surefire-junit4/2.12.4/surefire-junit4-2.12.4.jar
[INFO] Downloaded: https://repo.maven.apache.org/maven2/org/apache/maven/surefire/surefire-junit4/2.12.4/surefire-junit4-2.12.4.jar (37 KB at 1287.7 KB/sec)

-------------------------------------------------------
 T E S T S
-------------------------------------------------------
Running eu.clarin.cmdi.vlo.config.DefaultVloConfigFactoryTest
2018-08-13 18:15:54,752 DEBUG [AbstractXmlVloConfigFactory#newConfig:48] - Config location: file:/root/workspace/clarin-eric/VLO/415509045/vlo-commons/target/classes/VloConfig.xml
2018-08-13 18:15:55,026 DEBUG [AbstractXmlVloConfigFactory#newConfig:48] - Config location: file:/root/workspace/clarin-eric/VLO/415509045/vlo-commons/target/classes/VloConfig.xml
2018-08-13 18:15:55,090 DEBUG [AbstractXmlVloConfigFactory#newConfig:48] - Config location: file:/root/workspace/clarin-eric/VLO/415509045/vlo-commons/target/classes/VloConfig.xml
2018-08-13 18:15:55,148 DEBUG [AbstractXmlVloConfigFactory#newConfig:48] - Config location: file:/root/workspace/clarin-eric/VLO/415509045/vlo-commons/target/classes/VloConfig.xml
2018-08-13 18:15:55,219 DEBUG [AbstractXmlVloConfigFactory#newConfig:48] - Config location: file:/root/workspace/clarin-eric/VLO/415509045/vlo-commons/target/classes/VloConfig.xml
2018-08-13 18:15:55,286 DEBUG [AbstractXmlVloConfigFactory#newConfig:48] - Config location: file:/root/workspace/clarin-eric/VLO/415509045/vlo-commons/target/classes/VloConfig.xml
2018-08-13 18:15:55,339 DEBUG [AbstractXmlVloConfigFactory#newConfig:48] - Config location: file:/root/workspace/clarin-eric/VLO/415509045/vlo-commons/target/classes/VloConfig.xml
2018-08-13 18:15:55,390 DEBUG [AbstractXmlVloConfigFactory#newConfig:48] - Config location: file:/root/workspace/clarin-eric/VLO/415509045/vlo-commons/target/classes/VloConfig.xml
2018-08-13 18:15:55,430 DEBUG [AbstractXmlVloConfigFactory#newConfig:48] - Config location: file:/root/workspace/clarin-eric/VLO/415509045/vlo-commons/target/classes/VloConfig.xml
2018-08-13 18:15:55,462 DEBUG [AbstractXmlVloConfigFactory#newConfig:48] - Config location: file:/root/workspace/clarin-eric/VLO/415509045/vlo-commons/target/classes/VloConfig.xml
2018-08-13 18:15:55,499 DEBUG [AbstractXmlVloConfigFactory#newConfig:48] - Config location: file:/root/workspace/clarin-eric/VLO/415509045/vlo-commons/target/classes/VloConfig.xml
2018-08-13 18:15:55,553 DEBUG [AbstractXmlVloConfigFactory#newConfig:48] - Config location: file:/root/workspace/clarin-eric/VLO/415509045/vlo-commons/target/classes/VloConfig.xml
2018-08-13 18:15:55,578 DEBUG [AbstractXmlVloConfigFactory#newConfig:48] - Config location: file:/root/workspace/clarin-eric/VLO/415509045/vlo-commons/target/classes/VloConfig.xml
2018-08-13 18:15:55,613 DEBUG [AbstractXmlVloConfigFactory#newConfig:48] - Config location: file:/root/workspace/clarin-eric/VLO/415509045/vlo-commons/target/classes/VloConfig.xml
2018-08-13 18:15:55,643 DEBUG [AbstractXmlVloConfigFactory#newConfig:48] - Config location: file:/root/workspace/clarin-eric/VLO/415509045/vlo-commons/target/classes/VloConfig.xml
2018-08-13 18:15:55,669 DEBUG [AbstractXmlVloConfigFactory#newConfig:48] - Config location: file:/root/workspace/clarin-eric/VLO/415509045/vlo-commons/target/classes/VloConfig.xml
2018-08-13 18:15:55,699 DEBUG [AbstractXmlVloConfigFactory#newConfig:48] - Config location: file:/root/workspace/clarin-eric/VLO/415509045/vlo-commons/target/classes/VloConfig.xml
2018-08-13 18:15:55,728 DEBUG [AbstractXmlVloConfigFactory#newConfig:48] - Config location: file:/root/workspace/clarin-eric/VLO/415509045/vlo-commons/target/classes/VloConfig.xml
2018-08-13 18:15:55,777 DEBUG [AbstractXmlVloConfigFactory#newConfig:48] - Config location: file:/root/workspace/clarin-eric/VLO/415509045/vlo-commons/target/classes/VloConfig.xml
2018-08-13 18:15:55,809 DEBUG [AbstractXmlVloConfigFactory#newConfig:48] - Config location: file:/root/workspace/clarin-eric/VLO/415509045/vlo-commons/target/classes/VloConfig.xml
2018-08-13 18:15:55,837 DEBUG [AbstractXmlVloConfigFactory#newConfig:48] - Config location: file:/root/workspace/clarin-eric/VLO/415509045/vlo-commons/target/classes/VloConfig.xml
2018-08-13 18:15:55,873 DEBUG [AbstractXmlVloConfigFactory#newConfig:48] - Config location: file:/root/workspace/clarin-eric/VLO/415509045/vlo-commons/target/classes/VloConfig.xml
2018-08-13 18:15:55,900 DEBUG [AbstractXmlVloConfigFactory#newConfig:48] - Config location: file:/root/workspace/clarin-eric/VLO/415509045/vlo-commons/target/classes/VloConfig.xml
2018-08-13 18:15:55,928 DEBUG [AbstractXmlVloConfigFactory#newConfig:48] - Config location: file:/root/workspace/clarin-eric/VLO/415509045/vlo-commons/target/classes/VloConfig.xml
2018-08-13 18:15:55,955 DEBUG [AbstractXmlVloConfigFactory#newConfig:48] - Config location: file:/root/workspace/clarin-eric/VLO/415509045/vlo-commons/target/classes/VloConfig.xml
2018-08-13 18:15:55,981 DEBUG [AbstractXmlVloConfigFactory#newConfig:48] - Config location: file:/root/workspace/clarin-eric/VLO/415509045/vlo-commons/target/classes/VloConfig.xml
2018-08-13 18:15:56,008 DEBUG [AbstractXmlVloConfigFactory#newConfig:48] - Config location: file:/root/workspace/clarin-eric/VLO/415509045/vlo-commons/target/classes/VloConfig.xml
2018-08-13 18:15:56,033 DEBUG [AbstractXmlVloConfigFactory#newConfig:48] - Config location: file:/root/workspace/clarin-eric/VLO/415509045/vlo-commons/target/classes/VloConfig.xml
2018-08-13 18:15:56,058 DEBUG [AbstractXmlVloConfigFactory#newConfig:48] - Config location: file:/root/workspace/clarin-eric/VLO/415509045/vlo-commons/target/classes/VloConfig.xml
2018-08-13 18:15:56,082 DEBUG [AbstractXmlVloConfigFactory#newConfig:48] - Config location: file:/root/workspace/clarin-eric/VLO/415509045/vlo-commons/target/classes/VloConfig.xml
2018-08-13 18:15:56,112 DEBUG [AbstractXmlVloConfigFactory#newConfig:48] - Config location: file:/root/workspace/clarin-eric/VLO/415509045/vlo-commons/target/classes/VloConfig.xml
2018-08-13 18:15:56,135 DEBUG [AbstractXmlVloConfigFactory#newConfig:48] - Config location: file:/root/workspace/clarin-eric/VLO/415509045/vlo-commons/target/classes/VloConfig.xml
2018-08-13 18:15:56,158 DEBUG [AbstractXmlVloConfigFactory#newConfig:48] - Config location: file:/root/workspace/clarin-eric/VLO/415509045/vlo-commons/target/classes/VloConfig.xml
2018-08-13 18:15:56,227 DEBUG [AbstractXmlVloConfigFactory#newConfig:48] - Config location: file:/root/workspace/clarin-eric/VLO/415509045/vlo-commons/target/classes/VloConfig.xml
2018-08-13 18:15:56,261 DEBUG [AbstractXmlVloConfigFactory#newConfig:48] - Config location: file:/root/workspace/clarin-eric/VLO/415509045/vlo-commons/target/classes/VloConfig.xml
2018-08-13 18:15:56,286 DEBUG [AbstractXmlVloConfigFactory#newConfig:48] - Config location: file:/root/workspace/clarin-eric/VLO/415509045/vlo-commons/target/classes/VloConfig.xml
2018-08-13 18:15:56,312 DEBUG [AbstractXmlVloConfigFactory#newConfig:48] - Config location: file:/root/workspace/clarin-eric/VLO/415509045/vlo-commons/target/classes/VloConfig.xml
2018-08-13 18:15:56,334 DEBUG [AbstractXmlVloConfigFactory#newConfig:48] - Config location: file:/root/workspace/clarin-eric/VLO/415509045/vlo-commons/target/classes/VloConfig.xml
2018-08-13 18:15:56,357 DEBUG [AbstractXmlVloConfigFactory#newConfig:48] - Config location: file:/root/workspace/clarin-eric/VLO/415509045/vlo-commons/target/classes/VloConfig.xml
2018-08-13 18:15:56,385 DEBUG [AbstractXmlVloConfigFactory#newConfig:48] - Config location: file:/root/workspace/clarin-eric/VLO/415509045/vlo-commons/target/classes/VloConfig.xml
2018-08-13 18:15:56,409 DEBUG [AbstractXmlVloConfigFactory#newConfig:48] - Config location: file:/root/workspace/clarin-eric/VLO/415509045/vlo-commons/target/classes/VloConfig.xml
2018-08-13 18:15:56,433 DEBUG [AbstractXmlVloConfigFactory#newConfig:48] - Config location: file:/root/workspace/clarin-eric/VLO/415509045/vlo-commons/target/classes/VloConfig.xml
2018-08-13 18:15:56,464 DEBUG [AbstractXmlVloConfigFactory#newConfig:48] - Config location: file:/root/workspace/clarin-eric/VLO/415509045/vlo-commons/target/classes/VloConfig.xml
2018-08-13 18:15:56,494 DEBUG [AbstractXmlVloConfigFactory#newConfig:48] - Config location: file:/root/workspace/clarin-eric/VLO/415509045/vlo-commons/target/classes/VloConfig.xml
2018-08-13 18:15:56,524 DEBUG [AbstractXmlVloConfigFactory#newConfig:48] - Config location: file:/root/workspace/clarin-eric/VLO/415509045/vlo-commons/target/classes/VloConfig.xml
2018-08-13 18:15:56,549 DEBUG [AbstractXmlVloConfigFactory#newConfig:48] - Config location: file:/root/workspace/clarin-eric/VLO/415509045/vlo-commons/target/classes/VloConfig.xml
2018-08-13 18:15:56,578 DEBUG [AbstractXmlVloConfigFactory#newConfig:48] - Config location: file:/root/workspace/clarin-eric/VLO/415509045/vlo-commons/target/classes/VloConfig.xml
2018-08-13 18:15:56,612 DEBUG [AbstractXmlVloConfigFactory#newConfig:48] - Config location: file:/root/workspace/clarin-eric/VLO/415509045/vlo-commons/target/classes/VloConfig.xml
2018-08-13 18:15:56,637 DEBUG [AbstractXmlVloConfigFactory#newConfig:48] - Config location: file:/root/workspace/clarin-eric/VLO/415509045/vlo-commons/target/classes/VloConfig.xml
2018-08-13 18:15:56,661 DEBUG [AbstractXmlVloConfigFactory#newConfig:48] - Config location: file:/root/workspace/clarin-eric/VLO/415509045/vlo-commons/target/classes/VloConfig.xml
2018-08-13 18:15:56,679 DEBUG [AbstractXmlVloConfigFactory#newConfig:48] - Config location: file:/root/workspace/clarin-eric/VLO/415509045/vlo-commons/target/classes/VloConfig.xml
2018-08-13 18:15:56,699 DEBUG [AbstractXmlVloConfigFactory#newConfig:48] - Config location: file:/root/workspace/clarin-eric/VLO/415509045/vlo-commons/target/classes/VloConfig.xml
2018-08-13 18:15:56,724 DEBUG [AbstractXmlVloConfigFactory#newConfig:48] - Config location: file:/root/workspace/clarin-eric/VLO/415509045/vlo-commons/target/classes/VloConfig.xml
2018-08-13 18:15:56,749 DEBUG [AbstractXmlVloConfigFactory#newConfig:48] - Config location: file:/root/workspace/clarin-eric/VLO/415509045/vlo-commons/target/classes/VloConfig.xml
2018-08-13 18:15:56,768 DEBUG [AbstractXmlVloConfigFactory#newConfig:48] - Config location: file:/root/workspace/clarin-eric/VLO/415509045/vlo-commons/target/classes/VloConfig.xml
2018-08-13 18:15:56,789 DEBUG [AbstractXmlVloConfigFactory#newConfig:48] - Config location: file:/root/workspace/clarin-eric/VLO/415509045/vlo-commons/target/classes/VloConfig.xml
2018-08-13 18:15:56,812 DEBUG [AbstractXmlVloConfigFactory#newConfig:48] - Config location: file:/root/workspace/clarin-eric/VLO/415509045/vlo-commons/target/classes/VloConfig.xml
2018-08-13 18:15:56,833 DEBUG [AbstractXmlVloConfigFactory#newConfig:48] - Config location: file:/root/workspace/clarin-eric/VLO/415509045/vlo-commons/target/classes/VloConfig.xml
Tests run: 58, Failures: 0, Errors: 0, Skipped: 0, Time elapsed: 2.469 sec
Running eu.clarin.cmdi.vlo.config.VloConfigMarshallerTest
2018-08-13 18:15:56,907 DEBUG [VloConfigMarshallerTest#testMarshal:102] - <?xml version="1.0" encoding="UTF-8" standalone="yes"?><VloConfig><pagesInApplicationCache>0</pagesInApplicationCache><sessionCacheSize>0</sessionCacheSize><solrUrl>http://server/solr</solrUrl><deleteAllFirst>false</deleteAllFirst><maxDocsInList>0</maxDocsInList><minDocsInSolrQueue>0</minDocsInSolrQueue><solrTimeOut>0</solrTimeOut><dataRoots><DataRoot ignoreHierarchyDirs="" processHierarchyDirs="*"><tostrip>toStrip</tostrip><deleteFirst>false</deleteFirst><originName>originName</originName><prefix>prefix</prefix><rootFile>rootFile</rootFile></DataRoot></dataRoots><maxFileSize>0</maxFileSize><maxDaysInSolr>0</maxDaysInSolr><facetConceptsFile></facetConceptsFile><printMapping>false</printMapping><valueMappingsFile></valueMappingsFile><countryComponentUrl></countryComponentUrl><language2LetterCodeComponentUrl></language2LetterCodeComponentUrl><language3LetterCodeComponentUrl></language3LetterCodeComponentUrl><silToISO639CodesUrl></silToISO639CodesUrl><FederatedContentSearchUrl></FederatedContentSearchUrl><useHandleResolver>false</useHandleResolver><profileSchemaUrl></profileSchemaUrl><componentRegistryRESTURL></componentRegistryRESTURL><handleServerUrl></handleServerUrl><languageLinkPrefix></languageLinkPrefix><languageLinkTemplate></languageLinkTemplate><conceptRegistryUrl></conceptRegistryUrl><vocabularyRegistryUrl></vocabularyRegistryUrl><homeUrl></homeUrl><helpUrl></helpUrl><feedbackFromUrl></feedbackFromUrl><vcrMaximumItemsCount>0</vcrMaximumItemsCount><showResultScores>false</showResultScores><processHierarchies>true</processHierarchies><fileProcessingThreads>2</fileProcessingThreads><solrThreads>2</solrThreads><fields/><deprecatedFields/><facetFields><facetField>collection</facetField><facetField>country</facetField><facetField>continent</facetField></facetFields><hideSecondaryFacetsLimit>7</hideSecondaryFacetsLimit><cqlEndpointFilter></cqlEndpointFilter><cqlEndpointAlternative></cqlEndpointAlternative><lrSwitchboardBaseUrl>http://weblicht.sfs.uni-tuebingen.de/clrs/</lrSwitchboardBaseUrl><availabilityValue value="PUB"><description>Description for public</description><displayValue>Public</displayValue></availabilityValue><availabilityValue value="ACA"><description>Description for academic</description><displayValue>Academic</displayValue></availabilityValue><availability><availabilityValue value="PUB"><description>Description for public</description><displayValue>Public</displayValue></availabilityValue><availabilityValue value="ACA"><description>Description for academic</description><displayValue>Academic</displayValue></availabilityValue></availability></VloConfig>
Tests run: 3, Failures: 0, Errors: 0, Skipped: 0, Time elapsed: 0.097 sec
Running eu.clarin.cmdi.vlo.facets.FacetConceptsMarshallerTest
Tests run: 1, Failures: 0, Errors: 0, Skipped: 0, Time elapsed: 0.13 sec
Running eu.clarin.cmdi.vlo.StringUtilsTest
normalizeIdString
capitalizeFirstLetter
createStringFromArray
uncapitalizeFirstLetter
toMultiLineHtml
Tests run: 5, Failures: 0, Errors: 0, Skipped: 0, Time elapsed: 0.01 sec

Results :

Tests run: 67, Failures: 0, Errors: 0, Skipped: 0

[INFO]                                                                         
[INFO] ------------------------------------------------------------------------
[INFO] Building VLO Vocabularies 4.6-SNAPSHOT
[INFO] ------------------------------------------------------------------------
[INFO] 
[INFO] --- maven-resources-plugin:2.6:resources (default-resources) @ vlo-vocabularies ---
[INFO] Using 'UTF-8' encoding to copy filtered resources.
[INFO] skip non existing resourceDirectory /root/workspace/clarin-eric/VLO/415509045/vlo-vocabularies/maps/uniform_maps
[INFO] 
[INFO] --- maven-compiler-plugin:3.1:compile (default-compile) @ vlo-vocabularies ---
[INFO] Nothing to compile - all classes are up to date
[INFO] 
[INFO] --- maven-resources-plugin:2.6:testResources (default-testResources) @ vlo-vocabularies ---
[INFO] Using 'UTF-8' encoding to copy filtered resources.
[INFO] Copying 1 resource
[INFO] 
[INFO] --- maven-compiler-plugin:3.1:testCompile (default-testCompile) @ vlo-vocabularies ---
[INFO] No sources to compile
[INFO] 
[INFO] --- maven-surefire-plugin:2.12.4:test (default-test) @ vlo-vocabularies ---
[INFO]                                                                         
[INFO] ------------------------------------------------------------------------
[INFO] Building VLO Importer 4.6-SNAPSHOT
[INFO] ------------------------------------------------------------------------
[INFO] 
[INFO] --- maven-remote-resources-plugin:1.4:bundle (default) @ vlo-importer ---
[INFO] 
[INFO] --- maven-resources-plugin:2.6:resources (default-resources) @ vlo-importer ---
[INFO] Using 'UTF-8' encoding to copy filtered resources.
[INFO] Copying 1 resource
[INFO] Copying 0 resource
[INFO] 
[INFO] --- maven-compiler-plugin:3.6.1:compile (default-compile) @ vlo-importer ---
[INFO] Nothing to compile - all classes are up to date
[INFO] 
[INFO] --- maven-resources-plugin:2.6:testResources (default-testResources) @ vlo-importer ---
[INFO] Using 'UTF-8' encoding to copy filtered resources.
[INFO] Copying 20 resources
[INFO] 
[INFO] --- maven-compiler-plugin:3.6.1:testCompile (default-testCompile) @ vlo-importer ---
[INFO] Nothing to compile - all classes are up to date
[INFO] 
[INFO] --- maven-surefire-plugin:2.12.4:test (default-test) @ vlo-importer ---
[INFO] Surefire report directory: /root/workspace/clarin-eric/VLO/415509045/vlo-importer/target/surefire-reports

-------------------------------------------------------
 T E S T S
-------------------------------------------------------
Running eu.clarin.cmdi.vlo.importer.FacetMappingFactoryTest
2018-08-13 18:15:58,280 DEBUG [           main] [AbstractXmlVloConfigFactory#newConfig:48] - Config location: file:/root/workspace/clarin-eric/VLO/415509045/vlo-commons/target/classes/VloConfig.xml
2018-08-13 18:15:58,561 DEBUG [      test-main] [MappingDefinitionResolver#getUrlStream:71] - Not a valid vocabulary URL / URI: /root/workspace/clarin-eric/VLO/415509045/vlo-importer/target/test-classes/facetConceptsTest.xml
2018-08-13 18:15:58,562  INFO [      test-main] [VLOMarshaller#lambda$getFacetConceptMapping$0:62] - Unmarshalling facet concepts definition from file /root/workspace/clarin-eric/VLO/415509045/vlo-importer/target/test-classes/facetConceptsTest.xml
2018-08-13 18:15:58,601 DEBUG [      test-main] [FacetMappingFactory#createBaseMapping:113] - Creating base mapping
2018-08-13 18:15:58,606  INFO [      test-main] [ValueMappingFactoryDOMImpl#createValueMapping:42] - Parsing value mapping in /root/workspace/clarin-eric/VLO/415509045/vlo-importer/target/test-classes/valueMappingsTest.xml
2018-08-13 18:15:58,606 DEBUG [      test-main] [MappingDefinitionResolver#getUrlStream:71] - Not a valid vocabulary URL / URI: /root/workspace/clarin-eric/VLO/415509045/vlo-importer/target/test-classes/valueMappingsTest.xml
2018-08-13 18:15:58,614  INFO [      test-main] [ValueMappingFactoryDOMImpl#createValueMapping:52] - Found 0 origin-facet nodes
2018-08-13 18:15:58,617 DEBUG [      test-main] [FacetMappingFactory#createMapping:156] - Creating mapping for null using /root/workspace/clarin-eric/VLO/415509045/vlo-importer/target/test-classes/facetConceptsTest.xml (useLocalXSDCache: null)
2018-08-13 18:15:58,833 DEBUG [      test-main] [MappingDefinitionResolver#getUrlStream:71] - Not a valid vocabulary URL / URI: /root/workspace/clarin-eric/VLO/415509045/vlo-importer/target/test-classes/facetConceptsTest.xml
2018-08-13 18:15:58,833  INFO [      test-main] [VLOMarshaller#lambda$getFacetConceptMapping$0:62] - Unmarshalling facet concepts definition from file /root/workspace/clarin-eric/VLO/415509045/vlo-importer/target/test-classes/facetConceptsTest.xml
2018-08-13 18:15:58,857 DEBUG [      test-main] [FacetMappingFactory#createBaseMapping:113] - Creating base mapping
2018-08-13 18:15:58,858  INFO [      test-main] [ValueMappingFactoryDOMImpl#createValueMapping:42] - Parsing value mapping in /root/workspace/clarin-eric/VLO/415509045/vlo-importer/target/test-classes/valueMappingsTest.xml
2018-08-13 18:15:58,859 DEBUG [      test-main] [MappingDefinitionResolver#getUrlStream:71] - Not a valid vocabulary URL / URI: /root/workspace/clarin-eric/VLO/415509045/vlo-importer/target/test-classes/valueMappingsTest.xml
2018-08-13 18:15:58,861  INFO [      test-main] [ValueMappingFactoryDOMImpl#createValueMapping:52] - Found 0 origin-facet nodes
2018-08-13 18:15:58,861 DEBUG [      test-main] [FacetMappingFactory#createMapping:156] - Creating mapping for null using /root/workspace/clarin-eric/VLO/415509045/vlo-importer/target/test-classes/facetConceptsTest.xml (useLocalXSDCache: null)
2018-08-13 18:15:58,979 DEBUG [      test-main] [MappingDefinitionResolver#getUrlStream:71] - Not a valid vocabulary URL / URI: /root/workspace/clarin-eric/VLO/415509045/vlo-importer/target/test-classes/facetConceptsTest.xml
2018-08-13 18:15:58,981  INFO [      test-main] [VLOMarshaller#lambda$getFacetConceptMapping$0:62] - Unmarshalling facet concepts definition from file /root/workspace/clarin-eric/VLO/415509045/vlo-importer/target/test-classes/facetConceptsTest.xml
2018-08-13 18:15:59,000 DEBUG [      test-main] [FacetMappingFactory#createBaseMapping:113] - Creating base mapping
2018-08-13 18:15:59,001  INFO [      test-main] [ValueMappingFactoryDOMImpl#createValueMapping:42] - Parsing value mapping in /root/workspace/clarin-eric/VLO/415509045/vlo-importer/target/test-classes/valueMappingsTest.xml
2018-08-13 18:15:59,002 DEBUG [      test-main] [MappingDefinitionResolver#getUrlStream:71] - Not a valid vocabulary URL / URI: /root/workspace/clarin-eric/VLO/415509045/vlo-importer/target/test-classes/valueMappingsTest.xml
2018-08-13 18:15:59,004  INFO [      test-main] [ValueMappingFactoryDOMImpl#createValueMapping:52] - Found 0 origin-facet nodes
2018-08-13 18:15:59,006 DEBUG [      test-main] [MappingDefinitionResolver#getUrlStream:71] - Not a valid vocabulary URL / URI: /root/workspace/clarin-eric/VLO/415509045/vlo-importer/target/test-classes/facetConceptsTest.xml
2018-08-13 18:15:59,006  INFO [      test-main] [VLOMarshaller#lambda$getFacetConceptMapping$0:62] - Unmarshalling facet concepts definition from file /root/workspace/clarin-eric/VLO/415509045/vlo-importer/target/test-classes/facetConceptsTest.xml
2018-08-13 18:15:59,020 DEBUG [      test-main] [FacetMappingFactory#createBaseMapping:113] - Creating base mapping
2018-08-13 18:15:59,021  INFO [      test-main] [ValueMappingFactoryDOMImpl#createValueMapping:42] - Parsing value mapping in /root/workspace/clarin-eric/VLO/415509045/vlo-importer/target/test-classes/valueMappingsTest.xml
2018-08-13 18:15:59,021 DEBUG [      test-main] [MappingDefinitionResolver#getUrlStream:71] - Not a valid vocabulary URL / URI: /root/workspace/clarin-eric/VLO/415509045/vlo-importer/target/test-classes/valueMappingsTest.xml
2018-08-13 18:15:59,023  INFO [      test-main] [ValueMappingFactoryDOMImpl#createValueMapping:52] - Found 0 origin-facet nodes
2018-08-13 18:15:59,023 DEBUG [      test-main] [FacetMappingFactory#createMapping:156] - Creating mapping for null using /root/workspace/clarin-eric/VLO/415509045/vlo-importer/target/test-classes/facetConceptsTest.xml (useLocalXSDCache: null)
2018-08-13 18:15:59,096 DEBUG [      test-main] [MappingDefinitionResolver#getUrlStream:71] - Not a valid vocabulary URL / URI: /root/workspace/clarin-eric/VLO/415509045/vlo-importer/target/test-classes/facetConceptsTest.xml
2018-08-13 18:15:59,097  INFO [      test-main] [VLOMarshaller#lambda$getFacetConceptMapping$0:62] - Unmarshalling facet concepts definition from file /root/workspace/clarin-eric/VLO/415509045/vlo-importer/target/test-classes/facetConceptsTest.xml
2018-08-13 18:15:59,115 DEBUG [      test-main] [FacetMappingFactory#createBaseMapping:113] - Creating base mapping
2018-08-13 18:15:59,120  INFO [      test-main] [ValueMappingFactoryDOMImpl#createValueMapping:42] - Parsing value mapping in /root/workspace/clarin-eric/VLO/415509045/vlo-importer/target/test-classes/valueMappingsTest.xml
2018-08-13 18:15:59,120 DEBUG [      test-main] [MappingDefinitionResolver#getUrlStream:71] - Not a valid vocabulary URL / URI: /root/workspace/clarin-eric/VLO/415509045/vlo-importer/target/test-classes/valueMappingsTest.xml
2018-08-13 18:15:59,122  INFO [      test-main] [ValueMappingFactoryDOMImpl#createValueMapping:52] - Found 0 origin-facet nodes
2018-08-13 18:15:59,123 DEBUG [      test-main] [FacetMappingFactory#createMapping:156] - Creating mapping for null using /root/workspace/clarin-eric/VLO/415509045/vlo-importer/target/test-classes/facetConceptsTest.xml (useLocalXSDCache: null)
2018-08-13 18:15:59,153 DEBUG [      test-main] [MappingDefinitionResolver#getUrlStream:71] - Not a valid vocabulary URL / URI: /root/workspace/clarin-eric/VLO/415509045/vlo-importer/target/test-classes/facetConceptsTest.xml
2018-08-13 18:15:59,154  INFO [      test-main] [VLOMarshaller#lambda$getFacetConceptMapping$0:62] - Unmarshalling facet concepts definition from file /root/workspace/clarin-eric/VLO/415509045/vlo-importer/target/test-classes/facetConceptsTest.xml
2018-08-13 18:15:59,171 DEBUG [      test-main] [FacetMappingFactory#createBaseMapping:113] - Creating base mapping
2018-08-13 18:15:59,172  INFO [      test-main] [ValueMappingFactoryDOMImpl#createValueMapping:42] - Parsing value mapping in /root/workspace/clarin-eric/VLO/415509045/vlo-importer/target/test-classes/valueMappingsTest.xml
2018-08-13 18:15:59,173 DEBUG [      test-main] [MappingDefinitionResolver#getUrlStream:71] - Not a valid vocabulary URL / URI: /root/workspace/clarin-eric/VLO/415509045/vlo-importer/target/test-classes/valueMappingsTest.xml
2018-08-13 18:15:59,175  INFO [      test-main] [ValueMappingFactoryDOMImpl#createValueMapping:52] - Found 0 origin-facet nodes
2018-08-13 18:15:59,175 DEBUG [      test-main] [FacetMappingFactory#createMapping:156] - Creating mapping for null using /root/workspace/clarin-eric/VLO/415509045/vlo-importer/target/test-classes/facetConceptsTest.xml (useLocalXSDCache: null)
2018-08-13 18:15:59,191 DEBUG [      test-main] [MappingDefinitionResolver#getUrlStream:71] - Not a valid vocabulary URL / URI: /root/workspace/clarin-eric/VLO/415509045/vlo-importer/target/test-classes/facetConceptsTest.xml
2018-08-13 18:15:59,192  INFO [      test-main] [VLOMarshaller#lambda$getFacetConceptMapping$0:62] - Unmarshalling facet concepts definition from file /root/workspace/clarin-eric/VLO/415509045/vlo-importer/target/test-classes/facetConceptsTest.xml
2018-08-13 18:15:59,209 DEBUG [      test-main] [FacetMappingFactory#createBaseMapping:113] - Creating base mapping
2018-08-13 18:15:59,210  INFO [      test-main] [ValueMappingFactoryDOMImpl#createValueMapping:42] - Parsing value mapping in /root/workspace/clarin-eric/VLO/415509045/vlo-importer/target/test-classes/valueMappingsTest.xml
2018-08-13 18:15:59,210 DEBUG [      test-main] [MappingDefinitionResolver#getUrlStream:71] - Not a valid vocabulary URL / URI: /root/workspace/clarin-eric/VLO/415509045/vlo-importer/target/test-classes/valueMappingsTest.xml
2018-08-13 18:15:59,212  INFO [      test-main] [ValueMappingFactoryDOMImpl#createValueMapping:52] - Found 0 origin-facet nodes
2018-08-13 18:15:59,213 DEBUG [      test-main] [FacetMappingFactory#createMapping:156] - Creating mapping for null using /root/workspace/clarin-eric/VLO/415509045/vlo-importer/target/test-classes/facetConceptsTest.xml (useLocalXSDCache: null)
2018-08-13 18:15:59,271 DEBUG [      test-main] [FacetMappingFactory#createMapping:242] - Rejecting /cmd:CMD/cmd:Components/cmdp:teiHeader/cmdp:profileDesc/cmdp:textClass/cmdp:classCode/text() because of blacklisted substring /cmd:CMD/cmd:Components/cmdp:teiHeader/cmdp:profileDesc/cmdp:textClass
2018-08-13 18:15:59,272 DEBUG [      test-main] [MappingDefinitionResolver#getUrlStream:71] - Not a valid vocabulary URL / URI: /root/workspace/clarin-eric/VLO/415509045/vlo-importer/target/test-classes/facetConceptsTest.xml
2018-08-13 18:15:59,273  INFO [      test-main] [VLOMarshaller#lambda$getFacetConceptMapping$0:62] - Unmarshalling facet concepts definition from file /root/workspace/clarin-eric/VLO/415509045/vlo-importer/target/test-classes/facetConceptsTest.xml
2018-08-13 18:15:59,289 DEBUG [      test-main] [FacetMappingFactory#createBaseMapping:113] - Creating base mapping
2018-08-13 18:15:59,290  INFO [      test-main] [ValueMappingFactoryDOMImpl#createValueMapping:42] - Parsing value mapping in /root/workspace/clarin-eric/VLO/415509045/vlo-importer/target/test-classes/valueMappingsTest.xml
2018-08-13 18:15:59,291 DEBUG [      test-main] [MappingDefinitionResolver#getUrlStream:71] - Not a valid vocabulary URL / URI: /root/workspace/clarin-eric/VLO/415509045/vlo-importer/target/test-classes/valueMappingsTest.xml
2018-08-13 18:15:59,293  INFO [      test-main] [ValueMappingFactoryDOMImpl#createValueMapping:52] - Found 0 origin-facet nodes
2018-08-13 18:15:59,294 DEBUG [      test-main] [FacetMappingFactory#createMapping:156] - Creating mapping for null using /root/workspace/clarin-eric/VLO/415509045/vlo-importer/target/test-classes/facetConceptsTest.xml (useLocalXSDCache: null)
2018-08-13 18:15:59,400 DEBUG [      test-main] [FacetMappingFactory#createMapping:242] - Rejecting /cmd:CMD/cmd:Components/cmdp:TextCorpusProfile/cmdp:Project/cmdp:Duration/cmdp:CompletionYear/text() because of blacklisted substring /cmd:CMD/cmd:Components/cmdp:TextCorpusProfile/cmdp:Project/cmdp:Duration
2018-08-13 18:15:59,401 DEBUG [      test-main] [FacetMappingFactory#createMapping:242] - Rejecting /cmd:CMD/cmd:Components/cmdp:TextCorpusProfile/cmdp:GeneralInfo/cmdp:Location/cmdp:Country/cmdp:CountryName/text() because of blacklisted substring /cmdp:Location/cmdp:Country/cmdp:CountryName
2018-08-13 18:15:59,401 DEBUG [      test-main] [FacetMappingFactory#createMapping:242] - Rejecting /cmd:CMD/cmd:Components/cmdp:TextCorpusProfile/cmdp:Project/cmdp:Institution/cmdp:Location/cmdp:Country/cmdp:CountryName/text() because of blacklisted substring /cmdp:Location/cmdp:Country/cmdp:CountryName
2018-08-13 18:15:59,406 DEBUG [      test-main] [FacetMappingFactory#createMapping:242] - Rejecting /cmd:CMD/cmd:Components/cmdp:TextCorpusProfile/cmdp:Documentations/cmdp:Documentation/cmdp:DocumentationLanguages/cmdp:DocumentationLanguage/cmdp:Language/cmdp:LanguageName/text() because of blacklisted substring /cmdp:LanguageName
2018-08-13 18:15:59,407 DEBUG [      test-main] [FacetMappingFactory#createMapping:242] - Rejecting /cmd:CMD/cmd:Components/cmdp:TextCorpusProfile/cmdp:SubjectLanguages/cmdp:SubjectLanguage/cmdp:Language/cmdp:LanguageName/text() because of blacklisted substring /cmdp:LanguageName
2018-08-13 18:15:59,407 DEBUG [      test-main] [FacetMappingFactory#createMapping:242] - Rejecting /cmd:CMD/cmd:Components/cmdp:TextCorpusProfile/cmdp:DocumentationLanguages/cmdp:DocumentationLanguage/cmdp:Language/cmdp:LanguageName/text() because of blacklisted substring /cmdp:LanguageName
2018-08-13 18:15:59,407 DEBUG [      test-main] [FacetMappingFactory#createMapping:242] - Rejecting /cmd:CMD/cmd:Components/cmdp:TextCorpusProfile/cmdp:SizeInfo/cmdp:SizePerLanguage/cmdp:Language/cmdp:LanguageName/text() because of blacklisted substring /cmdp:LanguageName
2018-08-13 18:15:59,408 DEBUG [      test-main] [FacetMappingFactory#createMapping:242] - Rejecting /cmd:CMD/cmd:Components/cmdp:TextCorpusProfile/cmdp:Documentations/cmdp:Documentation/cmdp:DocumentationLanguages/cmdp:DocumentationLanguage/cmdp:Language/cmdp:ISO639/cmdp:iso-639-3-code/text() because of blacklisted substring /cmd:CMD/cmd:Components/cmdp:TextCorpusProfile/cmdp:Documentations
2018-08-13 18:15:59,408 DEBUG [      test-main] [FacetMappingFactory#createMapping:242] - Rejecting /cmd:CMD/cmd:Components/cmdp:TextCorpusProfile/cmdp:DocumentationLanguages/cmdp:DocumentationLanguage/cmdp:Language/cmdp:ISO639/cmdp:iso-639-3-code/text() because of blacklisted substring /cmd:CMD/cmd:Components/cmdp:TextCorpusProfile/cmdp:DocumentationLanguages
2018-08-13 18:15:59,409 DEBUG [      test-main] [FacetMappingFactory#createMapping:242] - Rejecting /cmd:CMD/cmd:Components/cmdp:TextCorpusProfile/cmdp:Project/cmdp:Institution/cmdp:Descriptions/cmdp:Description/text() because of blacklisted substring /cmd:CMD/cmd:Components/cmdp:TextCorpusProfile/cmdp:Project
2018-08-13 18:15:59,409 DEBUG [      test-main] [FacetMappingFactory#createMapping:242] - Rejecting /cmd:CMD/cmd:Components/cmdp:TextCorpusProfile/cmdp:Project/cmdp:Institution/cmdp:Contact/cmdp:Descriptions/cmdp:Description/text() because of blacklisted substring /cmd:CMD/cmd:Components/cmdp:TextCorpusProfile/cmdp:Project
2018-08-13 18:15:59,409 DEBUG [      test-main] [FacetMappingFactory#createMapping:242] - Rejecting /cmd:CMD/cmd:Components/cmdp:TextCorpusProfile/cmdp:Project/cmdp:Cooperations/cmdp:Descriptions/cmdp:Description/text() because of blacklisted substring /cmd:CMD/cmd:Components/cmdp:TextCorpusProfile/cmdp:Project
2018-08-13 18:15:59,410 DEBUG [      test-main] [FacetMappingFactory#createMapping:242] - Rejecting /cmd:CMD/cmd:Components/cmdp:TextCorpusProfile/cmdp:Project/cmdp:Cooperations/cmdp:Cooperation/cmdp:Descriptions/cmdp:Description/text() because of blacklisted substring /cmd:CMD/cmd:Components/cmdp:TextCorpusProfile/cmdp:Project
2018-08-13 18:15:59,410 DEBUG [      test-main] [FacetMappingFactory#createMapping:242] - Rejecting /cmd:CMD/cmd:Components/cmdp:TextCorpusProfile/cmdp:Project/cmdp:Descriptions/cmdp:Description/text() because of blacklisted substring /cmd:CMD/cmd:Components/cmdp:TextCorpusProfile/cmdp:Project
2018-08-13 18:15:59,410 DEBUG [      test-main] [FacetMappingFactory#createMapping:242] - Rejecting /cmd:CMD/cmd:Components/cmdp:TextCorpusProfile/cmdp:Project/cmdp:Contact/cmdp:Descriptions/cmdp:Description/text() because of blacklisted substring /cmd:CMD/cmd:Components/cmdp:TextCorpusProfile/cmdp:Project
2018-08-13 18:15:59,411 DEBUG [      test-main] [FacetMappingFactory#createMapping:242] - Rejecting /cmd:CMD/cmd:Components/cmdp:TextCorpusProfile/cmdp:Publications/cmdp:Descriptions/cmdp:Description/text() because of blacklisted substring /cmd:CMD/cmd:Components/cmdp:TextCorpusProfile/cmdp:Publications
2018-08-13 18:15:59,411 DEBUG [      test-main] [FacetMappingFactory#createMapping:242] - Rejecting /cmd:CMD/cmd:Components/cmdp:TextCorpusProfile/cmdp:Publications/cmdp:Publication/cmdp:Descriptions/cmdp:Description/text() because of blacklisted substring /cmd:CMD/cmd:Components/cmdp:TextCorpusProfile/cmdp:Publications
2018-08-13 18:15:59,412 DEBUG [      test-main] [FacetMappingFactory#createMapping:242] - Rejecting /cmd:CMD/cmd:Components/cmdp:TextCorpusProfile/cmdp:Documentations/cmdp:Documentation/cmdp:DocumentationLanguages/cmdp:Descriptions/cmdp:Description/text() because of blacklisted substring /cmd:CMD/cmd:Components/cmdp:TextCorpusProfile/cmdp:Documentations
2018-08-13 18:15:59,412 DEBUG [      test-main] [FacetMappingFactory#createMapping:242] - Rejecting /cmd:CMD/cmd:Components/cmdp:TextCorpusProfile/cmdp:Documentations/cmdp:Documentation/cmdp:DocumentationLanguages/cmdp:DocumentationLanguage/cmdp:Descriptions/cmdp:Description/text() because of blacklisted substring /cmd:CMD/cmd:Components/cmdp:TextCorpusProfile/cmdp:Documentations
2018-08-13 18:15:59,412 DEBUG [      test-main] [FacetMappingFactory#createMapping:242] - Rejecting /cmd:CMD/cmd:Components/cmdp:TextCorpusProfile/cmdp:Documentations/cmdp:Documentation/cmdp:Descriptions/cmdp:Description/text() because of blacklisted substring /cmd:CMD/cmd:Components/cmdp:TextCorpusProfile/cmdp:Documentations
2018-08-13 18:15:59,413 DEBUG [      test-main] [FacetMappingFactory#createMapping:242] - Rejecting /cmd:CMD/cmd:Components/cmdp:TextCorpusProfile/cmdp:Documentations/cmdp:Descriptions/cmdp:Description/text() because of blacklisted substring /cmd:CMD/cmd:Components/cmdp:TextCorpusProfile/cmdp:Documentations
2018-08-13 18:15:59,413 DEBUG [      test-main] [FacetMappingFactory#createMapping:242] - Rejecting /cmd:CMD/cmd:Components/cmdp:TextCorpusProfile/cmdp:CorpusContext/cmdp:Descriptions/cmdp:Description/text() because of blacklisted substring /cmd:CMD/cmd:Components/cmdp:TextCorpusProfile/cmdp:CorpusContext
2018-08-13 18:15:59,413 DEBUG [      test-main] [FacetMappingFactory#createMapping:242] - Rejecting /cmd:CMD/cmd:Components/cmdp:TextCorpusProfile/cmdp:Creation/cmdp:Creators/cmdp:Descriptions/cmdp:Description/text() because of blacklisted substring /cmd:CMD/cmd:Components/cmdp:TextCorpusProfile/cmdp:Creation
2018-08-13 18:15:59,414 DEBUG [      test-main] [FacetMappingFactory#createMapping:242] - Rejecting /cmd:CMD/cmd:Components/cmdp:TextCorpusProfile/cmdp:Creation/cmdp:Creators/cmdp:Creator/cmdp:Contact/cmdp:Descriptions/cmdp:Description/text() because of blacklisted substring /cmd:CMD/cmd:Components/cmdp:TextCorpusProfile/cmdp:Creation
2018-08-13 18:15:59,414 DEBUG [      test-main] [FacetMappingFactory#createMapping:242] - Rejecting /cmd:CMD/cmd:Components/cmdp:TextCorpusProfile/cmdp:Creation/cmdp:CreationToolInfo/cmdp:Descriptions/cmdp:Description/text() because of blacklisted substring /cmd:CMD/cmd:Components/cmdp:TextCorpusProfile/cmdp:Creation
2018-08-13 18:15:59,414 DEBUG [      test-main] [FacetMappingFactory#createMapping:242] - Rejecting /cmd:CMD/cmd:Components/cmdp:TextCorpusProfile/cmdp:Creation/cmdp:Annotation/cmdp:SegmentationUnits/cmdp:Descriptions/cmdp:Description/text() because of blacklisted substring /cmd:CMD/cmd:Components/cmdp:TextCorpusProfile/cmdp:Creation
2018-08-13 18:15:59,415 DEBUG [      test-main] [FacetMappingFactory#createMapping:242] - Rejecting /cmd:CMD/cmd:Components/cmdp:TextCorpusProfile/cmdp:Creation/cmdp:Annotation/cmdp:AnnotationTypes/cmdp:AnnotationType/cmdp:TagsetInfo/cmdp:Descriptions/cmdp:Description/text() because of blacklisted substring /cmd:CMD/cmd:Components/cmdp:TextCorpusProfile/cmdp:Creation
2018-08-13 18:15:59,415 DEBUG [      test-main] [FacetMappingFactory#createMapping:242] - Rejecting /cmd:CMD/cmd:Components/cmdp:TextCorpusProfile/cmdp:Creation/cmdp:Annotation/cmdp:AnnotationTypes/cmdp:AnnotationType/cmdp:Descriptions/cmdp:Description/text() because of blacklisted substring /cmd:CMD/cmd:Components/cmdp:TextCorpusProfile/cmdp:Creation
2018-08-13 18:15:59,415 DEBUG [      test-main] [FacetMappingFactory#createMapping:242] - Rejecting /cmd:CMD/cmd:Components/cmdp:TextCorpusProfile/cmdp:Creation/cmdp:Annotation/cmdp:AnnotationTypes/cmdp:Descriptions/cmdp:Description/text() because of blacklisted substring /cmd:CMD/cmd:Components/cmdp:TextCorpusProfile/cmdp:Creation
2018-08-13 18:15:59,416 DEBUG [      test-main] [FacetMappingFactory#createMapping:242] - Rejecting /cmd:CMD/cmd:Components/cmdp:TextCorpusProfile/cmdp:Creation/cmdp:Annotation/cmdp:AnnotationToolInfo/cmdp:Descriptions/cmdp:Description/text() because of blacklisted substring /cmd:CMD/cmd:Components/cmdp:TextCorpusProfile/cmdp:Creation
2018-08-13 18:15:59,416 DEBUG [      test-main] [FacetMappingFactory#createMapping:242] - Rejecting /cmd:CMD/cmd:Components/cmdp:TextCorpusProfile/cmdp:Creation/cmdp:Annotation/cmdp:Descriptions/cmdp:Description/text() because of blacklisted substring /cmd:CMD/cmd:Components/cmdp:TextCorpusProfile/cmdp:Creation
2018-08-13 18:15:59,416 DEBUG [      test-main] [FacetMappingFactory#createMapping:242] - Rejecting /cmd:CMD/cmd:Components/cmdp:TextCorpusProfile/cmdp:Creation/cmdp:Source/cmdp:MediaFiles/cmdp:MediaFile/cmdp:Access/cmdp:DeploymentToolInfo/cmdp:Descriptions/cmdp:Description/text() because of blacklisted substring /cmd:CMD/cmd:Components/cmdp:TextCorpusProfile/cmdp:Creation
2018-08-13 18:15:59,417 DEBUG [      test-main] [FacetMappingFactory#createMapping:242] - Rejecting /cmd:CMD/cmd:Components/cmdp:TextCorpusProfile/cmdp:Creation/cmdp:Source/cmdp:MediaFiles/cmdp:MediaFile/cmdp:Access/cmdp:Contact/cmdp:Descriptions/cmdp:Description/text() because of blacklisted substring /cmd:CMD/cmd:Components/cmdp:TextCorpusProfile/cmdp:Creation
2018-08-13 18:15:59,417 DEBUG [      test-main] [FacetMappingFactory#createMapping:242] - Rejecting /cmd:CMD/cmd:Components/cmdp:TextCorpusProfile/cmdp:Creation/cmdp:Source/cmdp:MediaFiles/cmdp:MediaFile/cmdp:Access/cmdp:Descriptions/cmdp:Description/text() because of blacklisted substring /cmd:CMD/cmd:Components/cmdp:TextCorpusProfile/cmdp:Creation
2018-08-13 18:15:59,417 DEBUG [      test-main] [FacetMappingFactory#createMapping:242] - Rejecting /cmd:CMD/cmd:Components/cmdp:TextCorpusProfile/cmdp:Creation/cmdp:Source/cmdp:MediaFiles/cmdp:MediaFile/cmdp:Descriptions/cmdp:Description/text() because of blacklisted substring /cmd:CMD/cmd:Components/cmdp:TextCorpusProfile/cmdp:Creation
2018-08-13 18:15:59,418 DEBUG [      test-main] [FacetMappingFactory#createMapping:242] - Rejecting /cmd:CMD/cmd:Components/cmdp:TextCorpusProfile/cmdp:Creation/cmdp:Source/cmdp:MediaFiles/cmdp:Descriptions/cmdp:Description/text() because of blacklisted substring /cmd:CMD/cmd:Components/cmdp:TextCorpusProfile/cmdp:Creation
2018-08-13 18:15:59,418 DEBUG [      test-main] [FacetMappingFactory#createMapping:242] - Rejecting /cmd:CMD/cmd:Components/cmdp:TextCorpusProfile/cmdp:Creation/cmdp:Source/cmdp:Derivation/cmdp:DerivationToolInfo/cmdp:Descriptions/cmdp:Description/text() because of blacklisted substring /cmd:CMD/cmd:Components/cmdp:TextCorpusProfile/cmdp:Creation
2018-08-13 18:15:59,419 DEBUG [      test-main] [FacetMappingFactory#createMapping:242] - Rejecting /cmd:CMD/cmd:Components/cmdp:TextCorpusProfile/cmdp:Creation/cmdp:Source/cmdp:Derivation/cmdp:Descriptions/cmdp:Description/text() because of blacklisted substring /cmd:CMD/cmd:Components/cmdp:TextCorpusProfile/cmdp:Creation
2018-08-13 18:15:59,419 DEBUG [      test-main] [FacetMappingFactory#createMapping:242] - Rejecting /cmd:CMD/cmd:Components/cmdp:TextCorpusProfile/cmdp:Creation/cmdp:Source/cmdp:Descriptions/cmdp:Description/text() because of blacklisted substring /cmd:CMD/cmd:Components/cmdp:TextCorpusProfile/cmdp:Creation
2018-08-13 18:15:59,419 DEBUG [      test-main] [FacetMappingFactory#createMapping:242] - Rejecting /cmd:CMD/cmd:Components/cmdp:TextCorpusProfile/cmdp:Creation/cmdp:Descriptions/cmdp:Description/text() because of blacklisted substring /cmd:CMD/cmd:Components/cmdp:TextCorpusProfile/cmdp:Creation
2018-08-13 18:15:59,420 DEBUG [      test-main] [FacetMappingFactory#createMapping:242] - Rejecting /cmd:CMD/cmd:Components/cmdp:TextCorpusProfile/cmdp:Access/cmdp:DeploymentToolInfo/cmdp:Descriptions/cmdp:Description/text() because of blacklisted substring /cmd:CMD/cmd:Components/cmdp:TextCorpusProfile/cmdp:Access
2018-08-13 18:15:59,420 DEBUG [      test-main] [FacetMappingFactory#createMapping:242] - Rejecting /cmd:CMD/cmd:Components/cmdp:TextCorpusProfile/cmdp:Access/cmdp:Contact/cmdp:Descriptions/cmdp:Description/text() because of blacklisted substring /cmd:CMD/cmd:Components/cmdp:TextCorpusProfile/cmdp:Access
2018-08-13 18:15:59,420 DEBUG [      test-main] [FacetMappingFactory#createMapping:242] - Rejecting /cmd:CMD/cmd:Components/cmdp:TextCorpusProfile/cmdp:Access/cmdp:Descriptions/cmdp:Description/text() because of blacklisted substring /cmd:CMD/cmd:Components/cmdp:TextCorpusProfile/cmdp:Access
2018-08-13 18:15:59,421 DEBUG [      test-main] [FacetMappingFactory#createMapping:242] - Rejecting /cmd:CMD/cmd:Components/cmdp:TextCorpusProfile/cmdp:SubjectLanguages/cmdp:Descriptions/cmdp:Description/text() because of blacklisted substring /cmd:CMD/cmd:Components/cmdp:TextCorpusProfile/cmdp:SubjectLanguages
2018-08-13 18:15:59,421 DEBUG [      test-main] [FacetMappingFactory#createMapping:242] - Rejecting /cmd:CMD/cmd:Components/cmdp:TextCorpusProfile/cmdp:SubjectLanguages/cmdp:SubjectLanguage/cmdp:Descriptions/cmdp:Description/text() because of blacklisted substring /cmd:CMD/cmd:Components/cmdp:TextCorpusProfile/cmdp:SubjectLanguages
2018-08-13 18:15:59,421 DEBUG [      test-main] [FacetMappingFactory#createMapping:242] - Rejecting /cmd:CMD/cmd:Components/cmdp:TextCorpusProfile/cmdp:DocumentationLanguages/cmdp:Descriptions/cmdp:Description/text() because of blacklisted substring /cmd:CMD/cmd:Components/cmdp:TextCorpusProfile/cmdp:DocumentationLanguages
2018-08-13 18:15:59,422 DEBUG [      test-main] [FacetMappingFactory#createMapping:242] - Rejecting /cmd:CMD/cmd:Components/cmdp:TextCorpusProfile/cmdp:DocumentationLanguages/cmdp:DocumentationLanguage/cmdp:Descriptions/cmdp:Description/text() because of blacklisted substring /cmd:CMD/cmd:Components/cmdp:TextCorpusProfile/cmdp:DocumentationLanguages
2018-08-13 18:15:59,422 DEBUG [      test-main] [FacetMappingFactory#createMapping:242] - Rejecting /cmd:CMD/cmd:Components/cmdp:TextCorpusProfile/cmdp:SizeInfo/cmdp:TotalSize/cmdp:Descriptions/cmdp:Description/text() because of blacklisted substring /cmd:CMD/cmd:Components/cmdp:TextCorpusProfile/cmdp:SizeInfo
2018-08-13 18:15:59,422 DEBUG [      test-main] [FacetMappingFactory#createMapping:242] - Rejecting /cmd:CMD/cmd:Components/cmdp:TextCorpusProfile/cmdp:SizeInfo/cmdp:SizePerLanguage/cmdp:Descriptions/cmdp:Description/text() because of blacklisted substring /cmd:CMD/cmd:Components/cmdp:TextCorpusProfile/cmdp:SizeInfo
2018-08-13 18:15:59,423 DEBUG [      test-main] [FacetMappingFactory#createMapping:242] - Rejecting /cmd:CMD/cmd:Components/cmdp:TextCorpusProfile/cmdp:ModalityInfo/cmdp:Descriptions/cmdp:Description/text() because of blacklisted substring /cmd:CMD/cmd:Components/cmdp:TextCorpusProfile/cmdp:ModalityInfo
2018-08-13 18:15:59,423 DEBUG [      test-main] [FacetMappingFactory#createMapping:242] - Rejecting /cmd:CMD/cmd:Components/cmdp:TextCorpusProfile/cmdp:ValidationGrp/cmdp:Descriptions/cmdp:Description/text() because of blacklisted substring /cmd:CMD/cmd:Components/cmdp:TextCorpusProfile/cmdp:ValidationGrp
2018-08-13 18:15:59,423 DEBUG [      test-main] [FacetMappingFactory#createMapping:242] - Rejecting /cmd:CMD/cmd:Components/cmdp:TextCorpusProfile/cmdp:TextTechnical/cmdp:Descriptions/cmdp:Description/text() because of blacklisted substring /cmd:CMD/cmd:Components/cmdp:TextCorpusProfile/cmdp:TextTechnical
2018-08-13 18:15:59,424 DEBUG [      test-main] [FacetMappingFactory#createMapping:242] - Rejecting /cmd:CMD/cmd:Components/cmdp:TextCorpusProfile/cmdp:TextTechnical/cmdp:LanguageScripts/cmdp:Descriptions/cmdp:Description/text() because of blacklisted substring /cmd:CMD/cmd:Components/cmdp:TextCorpusProfile/cmdp:TextTechnical
Tests run: 8, Failures: 0, Errors: 0, Skipped: 0, Time elapsed: 1.474 sec
Running eu.clarin.cmdi.vlo.importer.CMDIParserVTDXMLTest
2018-08-13 18:15:59,427 DEBUG [      test-main] [AbstractXmlVloConfigFactory#newConfig:48] - Config location: file:/root/workspace/clarin-eric/VLO/415509045/vlo-commons/target/classes/VloConfig.xml
2018-08-13 18:15:59,466  INFO [      test-main] [VLOMarshaller#lambda$getFacetConceptMapping$0:62] - Unmarshalling facet concepts definition from file 
2018-08-13 18:15:59,482 DEBUG [      test-main] [FacetMappingFactory#createBaseMapping:113] - Creating base mapping
2018-08-13 18:15:59,483  INFO [      test-main] [ValueMappingFactoryDOMImpl#createValueMapping:42] - Parsing value mapping in /root/workspace/clarin-eric/VLO/415509045/vlo-importer/target/test-classes/valueMappingsTest.xml
2018-08-13 18:15:59,483 DEBUG [      test-main] [MappingDefinitionResolver#getUrlStream:71] - Not a valid vocabulary URL / URI: /root/workspace/clarin-eric/VLO/415509045/vlo-importer/target/test-classes/valueMappingsTest.xml
2018-08-13 18:15:59,485  INFO [      test-main] [ValueMappingFactoryDOMImpl#createValueMapping:52] - Found 0 origin-facet nodes
2018-08-13 18:15:59,526  INFO [      test-main] [VLOMarshaller#lambda$getFacetConceptMapping$0:62] - Unmarshalling facet concepts definition from file 
2018-08-13 18:15:59,544 DEBUG [      test-main] [FacetMappingFactory#createBaseMapping:113] - Creating base mapping
2018-08-13 18:15:59,545  INFO [      test-main] [ValueMappingFactoryDOMImpl#createValueMapping:42] - Parsing value mapping in /root/workspace/clarin-eric/VLO/415509045/vlo-importer/target/test-classes/valueMappingsTest.xml
2018-08-13 18:15:59,546 DEBUG [      test-main] [MappingDefinitionResolver#getUrlStream:71] - Not a valid vocabulary URL / URI: /root/workspace/clarin-eric/VLO/415509045/vlo-importer/target/test-classes/valueMappingsTest.xml
2018-08-13 18:15:59,548  INFO [      test-main] [ValueMappingFactoryDOMImpl#createValueMapping:52] - Found 0 origin-facet nodes
2018-08-13 18:15:59,551  INFO [      test-main] [VLOMarshaller#lambda$getFacetConceptMapping$0:62] - Unmarshalling facet concepts definition from file 
2018-08-13 18:15:59,567 DEBUG [      test-main] [FacetMappingFactory#createBaseMapping:113] - Creating base mapping
2018-08-13 18:15:59,568  INFO [      test-main] [ValueMappingFactoryDOMImpl#createValueMapping:42] - Parsing value mapping in /root/workspace/clarin-eric/VLO/415509045/vlo-importer/target/test-classes/valueMappingsTest.xml
2018-08-13 18:15:59,568 DEBUG [      test-main] [MappingDefinitionResolver#getUrlStream:71] - Not a valid vocabulary URL / URI: /root/workspace/clarin-eric/VLO/415509045/vlo-importer/target/test-classes/valueMappingsTest.xml
2018-08-13 18:15:59,570  INFO [      test-main] [ValueMappingFactoryDOMImpl#createValueMapping:52] - Found 0 origin-facet nodes
2018-08-13 18:15:59,574  INFO [      test-main] [VLOMarshaller#lambda$getFacetConceptMapping$0:62] - Unmarshalling facet concepts definition from file 
2018-08-13 18:15:59,590 DEBUG [      test-main] [FacetMappingFactory#createBaseMapping:113] - Creating base mapping
2018-08-13 18:15:59,591  INFO [      test-main] [ValueMappingFactoryDOMImpl#createValueMapping:42] - Parsing value mapping in /root/workspace/clarin-eric/VLO/415509045/vlo-importer/target/test-classes/valueMappingsTest.xml
2018-08-13 18:15:59,591 DEBUG [      test-main] [MappingDefinitionResolver#getUrlStream:71] - Not a valid vocabulary URL / URI: /root/workspace/clarin-eric/VLO/415509045/vlo-importer/target/test-classes/valueMappingsTest.xml
2018-08-13 18:15:59,593  INFO [      test-main] [ValueMappingFactoryDOMImpl#createValueMapping:52] - Found 0 origin-facet nodes
Tests run: 4, Failures: 0, Errors: 0, Skipped: 0, Time elapsed: 0.168 sec
Running eu.clarin.cmdi.vlo.importer.FacetConceptMappingTest
Tests run: 1, Failures: 0, Errors: 0, Skipped: 0, Time elapsed: 0.01 sec
Running eu.clarin.cmdi.vlo.importer.ValueMappingsTest
2018-08-13 18:15:59,608 DEBUG [      test-main] [AbstractXmlVloConfigFactory#newConfig:48] - Config location: file:/root/workspace/clarin-eric/VLO/415509045/vlo-commons/target/classes/VloConfig.xml
2018-08-13 18:15:59,667 DEBUG [      test-main] [MappingDefinitionResolver#getUrlStream:71] - Not a valid vocabulary URL / URI: /root/workspace/clarin-eric/VLO/415509045/vlo-importer/target/test-classes/facetConceptsTest.xml
2018-08-13 18:15:59,667  INFO [      test-main] [VLOMarshaller#lambda$getFacetConceptMapping$0:62] - Unmarshalling facet concepts definition from file /root/workspace/clarin-eric/VLO/415509045/vlo-importer/target/test-classes/facetConceptsTest.xml
2018-08-13 18:15:59,676 DEBUG [      test-main] [FacetMappingFactory#createBaseMapping:113] - Creating base mapping
2018-08-13 18:15:59,676  INFO [      test-main] [ValueMappingFactoryDOMImpl#createValueMapping:42] - Parsing value mapping in /tmp/junit5193387846961785317/1534176959657.tmp
2018-08-13 18:15:59,677 DEBUG [      test-main] [MappingDefinitionResolver#getUrlStream:71] - Not a valid vocabulary URL / URI: /tmp/junit5193387846961785317/1534176959657.tmp
2018-08-13 18:15:59,683  INFO [      test-main] [ValueMappingFactoryDOMImpl#createValueMapping:52] - Found 1 origin-facet nodes
2018-08-13 18:15:59,684  INFO [      test-main] [ValueMappingFactoryDOMImpl#processOriginFacet:75] - Processing origin-facet node with name='projectName'
2018-08-13 18:15:59,684  INFO [      test-main] [ValueMappingFactoryDOMImpl#processValueMap:93] - -- Processing value-map node
2018-08-13 18:15:59,684  INFO [      test-main] [ValueMappingFactoryDOMImpl#processValueMap:110] - -- Found 1 target-value-set nodes
2018-08-13 18:15:59,685 DEBUG [      test-main] [ValueMappingFactoryDOMImpl#processTargetValueSet:128] - -- -- Processing target-value-set with 3 target-value node(s)
2018-08-13 18:15:59,685 DEBUG [      test-main] [ValueMappingFactoryDOMImpl#processTargetValueSet:134] - -- -- Processing target-value node with facet='subject'
2018-08-13 18:15:59,696 DEBUG [      test-main] [ValueMappingFactoryDOMImpl#processTargetValueSet:162] - -- -- -- Added target value 'blabla1' [overrideExistingValues: false, removeSourceValue: false]
2018-08-13 18:15:59,697 DEBUG [      test-main] [ValueMappingFactoryDOMImpl#processTargetValueSet:134] - -- -- Processing target-value node with facet='projectName'
2018-08-13 18:15:59,697 DEBUG [      test-main] [ValueMappingFactoryDOMImpl#processTargetValueSet:162] - -- -- -- Added target value 'blabla2' [overrideExistingValues: false, removeSourceValue: false]
2018-08-13 18:15:59,697 DEBUG [      test-main] [ValueMappingFactoryDOMImpl#processTargetValueSet:134] - -- -- Processing target-value node with facet='projectName'
2018-08-13 18:15:59,698 DEBUG [      test-main] [ValueMappingFactoryDOMImpl#processTargetValueSet:162] - -- -- -- Added target value 'blabla3' [overrideExistingValues: false, removeSourceValue: false]
2018-08-13 18:15:59,698 DEBUG [      test-main] [ValueMappingFactoryDOMImpl#processTargetValueSet:168] - -- -- Continued processing of target-value-set with 1 source-value node(s)
2018-08-13 18:15:59,698 DEBUG [      test-main] [ValueMappingFactoryDOMImpl#processTargetValueSet:172] - -- -- -- Processing source-value node with content 'DiDDD.+'
2018-08-13 18:15:59,723  INFO [      test-main] [MetadataImporter#startImport:382] - Start of processing: testRoot
2018-08-13 18:15:59,724  INFO [      test-main] [MetadataImporter#getFilesFromDataRoot:479] - Collecting files in data root /tmp/junit5193387846961785317/testSession1534176959642_a.cmdi
2018-08-13 18:15:59,724  INFO [      test-main] [MetadataImporter#getFilesFromDataRoot:482] - Data root /tmp/junit5193387846961785317/testSession1534176959642_a.cmdi is a singleton dataroot
2018-08-13 18:15:59,724 DEBUG [      test-main] [MetadataImporter#startImport:393] - PROCESSING FILE: /tmp/junit5193387846961785317/testSession1534176959642_a.cmdi
2018-08-13 18:15:59,728 DEBUG [      test-main] [FacetMappingFactory#createMapping:156] - Creating mapping for null using /root/workspace/clarin-eric/VLO/415509045/vlo-importer/target/test-classes/facetConceptsTest.xml (useLocalXSDCache: null)
2018-08-13 18:16:02,587 DEBUG [      test-main] [FacetMappingFactory#createMapping:242] - Rejecting /cmd:CMD/cmd:Components/cmdp:DynaSAND/cmdp:Size/cmdp:SizePerLanguage/cmdp:Language/cmdp:LanguageName/text() because of blacklisted substring /cmdp:LanguageName
2018-08-13 18:16:02,588 DEBUG [      test-main] [FacetMappingFactory#createMapping:242] - Rejecting /cmd:CMD/cmd:Components/cmdp:DynaSAND/cmdp:Collection/cmdp:DocumentationLanguages/cmdp:Language/cmdp:LanguageName/text() because of blacklisted substring /cmdp:LanguageName
2018-08-13 18:16:02,635 DEBUG [      test-main] [CMDIComponentProfileNamePostNormalizer#calculate:66] - PARSING PROFILE: http://catalog.clarin.eu/ds/ComponentRegistry/rest/registry/1.x/profiles/clarin.eu:cr1:p_1280305685235
2018-08-13 18:16:02,641 DEBUG [      test-main] [CMDIComponentProfileNamePostNormalizer#getInputStream:84] - Opening input stream at http://catalog.clarin.eu/ds/ComponentRegistry/rest/registry/1.x/profiles/clarin.eu:cr1:p_1280305685235/xml
2018-08-13 18:16:03,792 DEBUG [      test-main] [CMDIComponentProfileNamePostNormalizer#calculate:77] - PARSED PROFILE: http://catalog.clarin.eu/ds/ComponentRegistry/rest/registry/1.x/profiles/clarin.eu:cr1:p_1280305685235
2018-08-13 18:16:03,804 DEBUG [      test-main] [MetadataImporter#updateDocument:621] - Adding document for submission to SOLR: /tmp/junit5193387846961785317/testSession1534176959642_a.cmdi
2018-08-13 18:16:03,804  INFO [      test-main] [MetadataImporter#startImport:406] - End of processing: testRoot
2018-08-13 18:16:03,804  INFO [      test-main] [MetadataImporter#startImport:416] - Found 0 file(s) without an id. (id is generated based on fileName but that may not be unique)
2018-08-13 18:16:03,804  INFO [      test-main] [MetadataImporter#startImport:418] - Found 0 file(s) with errors.
2018-08-13 18:16:03,805  INFO [      test-main] [MetadataImporter#startImport:420] - Update of 1 took 4 secs. Total nr of files analyzed 1
2018-08-13 18:16:03,807 DEBUG [      test-main] [MappingDefinitionResolver#getUrlStream:71] - Not a valid vocabulary URL / URI: /root/workspace/clarin-eric/VLO/415509045/vlo-importer/target/test-classes/facetConceptsTest.xml
2018-08-13 18:16:03,808  INFO [      test-main] [VLOMarshaller#lambda$getFacetConceptMapping$0:62] - Unmarshalling facet concepts definition from file /root/workspace/clarin-eric/VLO/415509045/vlo-importer/target/test-classes/facetConceptsTest.xml
2018-08-13 18:16:03,821 DEBUG [      test-main] [FacetMappingFactory#createBaseMapping:113] - Creating base mapping
2018-08-13 18:16:03,822  INFO [      test-main] [ValueMappingFactoryDOMImpl#createValueMapping:42] - Parsing value mapping in /tmp/junit8825498111041017781/1534176963807.tmp
2018-08-13 18:16:03,823 DEBUG [      test-main] [MappingDefinitionResolver#getUrlStream:71] - Not a valid vocabulary URL / URI: /tmp/junit8825498111041017781/1534176963807.tmp
2018-08-13 18:16:03,825  INFO [      test-main] [ValueMappingFactoryDOMImpl#createValueMapping:52] - Found 1 origin-facet nodes
2018-08-13 18:16:03,825  INFO [      test-main] [ValueMappingFactoryDOMImpl#processOriginFacet:75] - Processing origin-facet node with name='projectName'
2018-08-13 18:16:03,825  INFO [      test-main] [ValueMappingFactoryDOMImpl#processValueMap:93] - -- Processing value-map node
2018-08-13 18:16:03,826  INFO [      test-main] [ValueMappingFactoryDOMImpl#processValueMap:110] - -- Found 1 target-value-set nodes
2018-08-13 18:16:03,826 DEBUG [      test-main] [ValueMappingFactoryDOMImpl#processTargetValueSet:128] - -- -- Processing target-value-set with 1 target-value node(s)
2018-08-13 18:16:03,826 DEBUG [      test-main] [ValueMappingFactoryDOMImpl#processTargetValueSet:134] - -- -- Processing target-value node with facet='projectName'
2018-08-13 18:16:03,827 DEBUG [      test-main] [ValueMappingFactoryDOMImpl#processTargetValueSet:162] - -- -- -- Added target value 'blabla2' [overrideExistingValues: false, removeSourceValue: false]
2018-08-13 18:16:03,827 DEBUG [      test-main] [ValueMappingFactoryDOMImpl#processTargetValueSet:168] - -- -- Continued processing of target-value-set with 1 source-value node(s)
2018-08-13 18:16:03,827 DEBUG [      test-main] [ValueMappingFactoryDOMImpl#processTargetValueSet:172] - -- -- -- Processing source-value node with content '.+'
2018-08-13 18:16:03,829  INFO [      test-main] [MetadataImporter#startImport:382] - Start of processing: testRoot
2018-08-13 18:16:03,829  INFO [      test-main] [MetadataImporter#getFilesFromDataRoot:479] - Collecting files in data root /tmp/junit8825498111041017781/testSession1534176963807_a.cmdi
2018-08-13 18:16:03,830  INFO [      test-main] [MetadataImporter#getFilesFromDataRoot:482] - Data root /tmp/junit8825498111041017781/testSession1534176963807_a.cmdi is a singleton dataroot
2018-08-13 18:16:03,830 DEBUG [      test-main] [MetadataImporter#startImport:393] - PROCESSING FILE: /tmp/junit8825498111041017781/testSession1534176963807_a.cmdi
2018-08-13 18:16:03,831 DEBUG [      test-main] [FacetMappingFactory#createMapping:156] - Creating mapping for null using /root/workspace/clarin-eric/VLO/415509045/vlo-importer/target/test-classes/facetConceptsTest.xml (useLocalXSDCache: null)
2018-08-13 18:16:06,590 DEBUG [      test-main] [FacetMappingFactory#createMapping:242] - Rejecting /cmd:CMD/cmd:Components/cmdp:DynaSAND/cmdp:Size/cmdp:SizePerLanguage/cmdp:Language/cmdp:LanguageName/text() because of blacklisted substring /cmdp:LanguageName
2018-08-13 18:16:06,590 DEBUG [      test-main] [FacetMappingFactory#createMapping:242] - Rejecting /cmd:CMD/cmd:Components/cmdp:DynaSAND/cmdp:Collection/cmdp:DocumentationLanguages/cmdp:Language/cmdp:LanguageName/text() because of blacklisted substring /cmdp:LanguageName
2018-08-13 18:16:06,605 DEBUG [      test-main] [CMDIComponentProfileNamePostNormalizer#calculate:66] - PARSING PROFILE: http://catalog.clarin.eu/ds/ComponentRegistry/rest/registry/1.x/profiles/clarin.eu:cr1:p_1280305685235
2018-08-13 18:16:06,605 DEBUG [      test-main] [CMDIComponentProfileNamePostNormalizer#getInputStream:84] - Opening input stream at http://catalog.clarin.eu/ds/ComponentRegistry/rest/registry/1.x/profiles/clarin.eu:cr1:p_1280305685235/xml
2018-08-13 18:16:07,754 DEBUG [      test-main] [CMDIComponentProfileNamePostNormalizer#calculate:77] - PARSED PROFILE: http://catalog.clarin.eu/ds/ComponentRegistry/rest/registry/1.x/profiles/clarin.eu:cr1:p_1280305685235
2018-08-13 18:16:07,756 DEBUG [      test-main] [MetadataImporter#updateDocument:621] - Adding document for submission to SOLR: /tmp/junit8825498111041017781/testSession1534176963807_a.cmdi
2018-08-13 18:16:07,756  INFO [      test-main] [MetadataImporter#startImport:406] - End of processing: testRoot
2018-08-13 18:16:07,756  INFO [      test-main] [MetadataImporter#startImport:416] - Found 0 file(s) without an id. (id is generated based on fileName but that may not be unique)
2018-08-13 18:16:07,757  INFO [      test-main] [MetadataImporter#startImport:418] - Found 0 file(s) with errors.
2018-08-13 18:16:07,757  INFO [      test-main] [MetadataImporter#startImport:420] - Update of 1 took 3 secs. Total nr of files analyzed 1
2018-08-13 18:16:07,759 DEBUG [      test-main] [MappingDefinitionResolver#getUrlStream:71] - Not a valid vocabulary URL / URI: /root/workspace/clarin-eric/VLO/415509045/vlo-importer/target/test-classes/facetConceptsTest.xml
2018-08-13 18:16:07,759  INFO [      test-main] [VLOMarshaller#lambda$getFacetConceptMapping$0:62] - Unmarshalling facet concepts definition from file /root/workspace/clarin-eric/VLO/415509045/vlo-importer/target/test-classes/facetConceptsTest.xml
2018-08-13 18:16:07,770 DEBUG [      test-main] [FacetMappingFactory#createBaseMapping:113] - Creating base mapping
2018-08-13 18:16:07,771  INFO [      test-main] [ValueMappingFactoryDOMImpl#createValueMapping:42] - Parsing value mapping in /tmp/junit5310867576070860263/1534176967758.tmp
2018-08-13 18:16:07,771 DEBUG [      test-main] [MappingDefinitionResolver#getUrlStream:71] - Not a valid vocabulary URL / URI: /tmp/junit5310867576070860263/1534176967758.tmp
2018-08-13 18:16:07,773  INFO [      test-main] [ValueMappingFactoryDOMImpl#createValueMapping:52] - Found 1 origin-facet nodes
2018-08-13 18:16:07,773  INFO [      test-main] [ValueMappingFactoryDOMImpl#processOriginFacet:75] - Processing origin-facet node with name='projectName'
2018-08-13 18:16:07,774  INFO [      test-main] [ValueMappingFactoryDOMImpl#processValueMap:93] - -- Processing value-map node
2018-08-13 18:16:07,774  INFO [      test-main] [ValueMappingFactoryDOMImpl#processValueMap:110] - -- Found 1 target-value-set nodes
2018-08-13 18:16:07,774 DEBUG [      test-main] [ValueMappingFactoryDOMImpl#processTargetValueSet:128] - -- -- Processing target-value-set with 1 target-value node(s)
2018-08-13 18:16:07,775 DEBUG [      test-main] [ValueMappingFactoryDOMImpl#processTargetValueSet:134] - -- -- Processing target-value node with facet=''
2018-08-13 18:16:07,775 DEBUG [      test-main] [ValueMappingFactoryDOMImpl#processTargetValueSet:168] - -- -- Continued processing of target-value-set with 1 source-value node(s)
2018-08-13 18:16:07,775 DEBUG [      test-main] [ValueMappingFactoryDOMImpl#processTargetValueSet:172] - -- -- -- Processing source-value node with content 'DiDDD.+'
2018-08-13 18:16:07,776  INFO [      test-main] [MetadataImporter#startImport:382] - Start of processing: testRoot
2018-08-13 18:16:07,777  INFO [      test-main] [MetadataImporter#getFilesFromDataRoot:479] - Collecting files in data root /tmp/junit5310867576070860263/testSession1534176967758_a.cmdi
2018-08-13 18:16:07,777  INFO [      test-main] [MetadataImporter#getFilesFromDataRoot:482] - Data root /tmp/junit5310867576070860263/testSession1534176967758_a.cmdi is a singleton dataroot
2018-08-13 18:16:07,777 DEBUG [      test-main] [MetadataImporter#startImport:393] - PROCESSING FILE: /tmp/junit5310867576070860263/testSession1534176967758_a.cmdi
2018-08-13 18:16:07,778 DEBUG [      test-main] [FacetMappingFactory#createMapping:156] - Creating mapping for null using /root/workspace/clarin-eric/VLO/415509045/vlo-importer/target/test-classes/facetConceptsTest.xml (useLocalXSDCache: null)
2018-08-13 18:16:10,513 DEBUG [      test-main] [FacetMappingFactory#createMapping:242] - Rejecting /cmd:CMD/cmd:Components/cmdp:DynaSAND/cmdp:Size/cmdp:SizePerLanguage/cmdp:Language/cmdp:LanguageName/text() because of blacklisted substring /cmdp:LanguageName
2018-08-13 18:16:10,513 DEBUG [      test-main] [FacetMappingFactory#createMapping:242] - Rejecting /cmd:CMD/cmd:Components/cmdp:DynaSAND/cmdp:Collection/cmdp:DocumentationLanguages/cmdp:Language/cmdp:LanguageName/text() because of blacklisted substring /cmdp:LanguageName
2018-08-13 18:16:10,521 DEBUG [      test-main] [CMDIComponentProfileNamePostNormalizer#calculate:66] - PARSING PROFILE: http://catalog.clarin.eu/ds/ComponentRegistry/rest/registry/1.x/profiles/clarin.eu:cr1:p_1280305685235
2018-08-13 18:16:10,522 DEBUG [      test-main] [CMDIComponentProfileNamePostNormalizer#getInputStream:84] - Opening input stream at http://catalog.clarin.eu/ds/ComponentRegistry/rest/registry/1.x/profiles/clarin.eu:cr1:p_1280305685235/xml
2018-08-13 18:16:11,624 DEBUG [      test-main] [CMDIComponentProfileNamePostNormalizer#calculate:77] - PARSED PROFILE: http://catalog.clarin.eu/ds/ComponentRegistry/rest/registry/1.x/profiles/clarin.eu:cr1:p_1280305685235
2018-08-13 18:16:11,627 DEBUG [      test-main] [MetadataImporter#updateDocument:621] - Adding document for submission to SOLR: /tmp/junit5310867576070860263/testSession1534176967758_a.cmdi
2018-08-13 18:16:11,627  INFO [      test-main] [MetadataImporter#startImport:406] - End of processing: testRoot
2018-08-13 18:16:11,628  INFO [      test-main] [MetadataImporter#startImport:416] - Found 0 file(s) without an id. (id is generated based on fileName but that may not be unique)
2018-08-13 18:16:11,628  INFO [      test-main] [MetadataImporter#startImport:418] - Found 0 file(s) with errors.
2018-08-13 18:16:11,628  INFO [      test-main] [MetadataImporter#startImport:420] - Update of 1 took 3 secs. Total nr of files analyzed 1
2018-08-13 18:16:11,630 DEBUG [      test-main] [MappingDefinitionResolver#getUrlStream:71] - Not a valid vocabulary URL / URI: /root/workspace/clarin-eric/VLO/415509045/vlo-importer/target/test-classes/facetConceptsTest.xml
2018-08-13 18:16:11,631  INFO [      test-main] [VLOMarshaller#lambda$getFacetConceptMapping$0:62] - Unmarshalling facet concepts definition from file /root/workspace/clarin-eric/VLO/415509045/vlo-importer/target/test-classes/facetConceptsTest.xml
2018-08-13 18:16:11,639 DEBUG [      test-main] [FacetMappingFactory#createBaseMapping:113] - Creating base mapping
2018-08-13 18:16:11,640  INFO [      test-main] [ValueMappingFactoryDOMImpl#createValueMapping:42] - Parsing value mapping in /tmp/junit5819100798314445952/1534176971630.tmp
2018-08-13 18:16:11,640 DEBUG [      test-main] [MappingDefinitionResolver#getUrlStream:71] - Not a valid vocabulary URL / URI: /tmp/junit5819100798314445952/1534176971630.tmp
2018-08-13 18:16:11,642  INFO [      test-main] [ValueMappingFactoryDOMImpl#createValueMapping:52] - Found 1 origin-facet nodes
2018-08-13 18:16:11,642  INFO [      test-main] [ValueMappingFactoryDOMImpl#processOriginFacet:75] - Processing origin-facet node with name='resourceClass'
2018-08-13 18:16:11,642  INFO [      test-main] [ValueMappingFactoryDOMImpl#processValueMap:93] - -- Processing value-map node
2018-08-13 18:16:11,642  INFO [      test-main] [ValueMappingFactoryDOMImpl#processValueMap:110] - -- Found 1 target-value-set nodes
2018-08-13 18:16:11,642 DEBUG [      test-main] [ValueMappingFactoryDOMImpl#processTargetValueSet:128] - -- -- Processing target-value-set with 1 target-value node(s)
2018-08-13 18:16:11,643 DEBUG [      test-main] [ValueMappingFactoryDOMImpl#processTargetValueSet:134] - -- -- Processing target-value node with facet='resourceClass'
2018-08-13 18:16:11,643 DEBUG [      test-main] [ValueMappingFactoryDOMImpl#processTargetValueSet:162] - -- -- -- Added target value '' [overrideExistingValues: false, removeSourceValue: true]
2018-08-13 18:16:11,643 DEBUG [      test-main] [ValueMappingFactoryDOMImpl#processTargetValueSet:168] - -- -- Continued processing of target-value-set with 1 source-value node(s)
2018-08-13 18:16:11,643 DEBUG [      test-main] [ValueMappingFactoryDOMImpl#processTargetValueSet:172] - -- -- -- Processing source-value node with content 'Televisie'
2018-08-13 18:16:11,645  INFO [      test-main] [MetadataImporter#startImport:382] - Start of processing: testRoot
2018-08-13 18:16:11,645  INFO [      test-main] [MetadataImporter#getFilesFromDataRoot:479] - Collecting files in data root /tmp/junit5819100798314445952/testSession1534176971629_a.cmdi
2018-08-13 18:16:11,645  INFO [      test-main] [MetadataImporter#getFilesFromDataRoot:482] - Data root /tmp/junit5819100798314445952/testSession1534176971629_a.cmdi is a singleton dataroot
2018-08-13 18:16:11,645 DEBUG [      test-main] [MetadataImporter#startImport:393] - PROCESSING FILE: /tmp/junit5819100798314445952/testSession1534176971629_a.cmdi
2018-08-13 18:16:11,646 DEBUG [      test-main] [FacetMappingFactory#createMapping:156] - Creating mapping for null using /root/workspace/clarin-eric/VLO/415509045/vlo-importer/target/test-classes/facetConceptsTest.xml (useLocalXSDCache: null)
2018-08-13 18:16:12,819 DEBUG [      test-main] [CMDIComponentProfileNamePostNormalizer#calculate:66] - PARSING PROFILE: http://catalog.clarin.eu/ds/ComponentRegistry/rest/registry/1.x/profiles/clarin.eu:cr1:p_1289827960126
2018-08-13 18:16:12,820 DEBUG [      test-main] [CMDIComponentProfileNamePostNormalizer#getInputStream:84] - Opening input stream at http://catalog.clarin.eu/ds/ComponentRegistry/rest/registry/1.x/profiles/clarin.eu:cr1:p_1289827960126/xml
2018-08-13 18:16:13,231 DEBUG [      test-main] [CMDIComponentProfileNamePostNormalizer#calculate:77] - PARSED PROFILE: http://catalog.clarin.eu/ds/ComponentRegistry/rest/registry/1.x/profiles/clarin.eu:cr1:p_1289827960126
2018-08-13 18:16:13,233 DEBUG [      test-main] [MetadataImporter#updateDocument:621] - Adding document for submission to SOLR: /tmp/junit5819100798314445952/testSession1534176971629_a.cmdi
2018-08-13 18:16:13,233  INFO [      test-main] [MetadataImporter#startImport:406] - End of processing: testRoot
2018-08-13 18:16:13,233  INFO [      test-main] [MetadataImporter#startImport:416] - Found 0 file(s) without an id. (id is generated based on fileName but that may not be unique)
2018-08-13 18:16:13,233  INFO [      test-main] [MetadataImporter#startImport:418] - Found 0 file(s) with errors.
2018-08-13 18:16:13,234  INFO [      test-main] [MetadataImporter#startImport:420] - Update of 1 took 1 secs. Total nr of files analyzed 1
2018-08-13 18:16:13,235 DEBUG [      test-main] [MappingDefinitionResolver#getUrlStream:71] - Not a valid vocabulary URL / URI: /root/workspace/clarin-eric/VLO/415509045/vlo-importer/target/test-classes/facetConceptsTest.xml
2018-08-13 18:16:13,235  INFO [      test-main] [VLOMarshaller#lambda$getFacetConceptMapping$0:62] - Unmarshalling facet concepts definition from file /root/workspace/clarin-eric/VLO/415509045/vlo-importer/target/test-classes/facetConceptsTest.xml
2018-08-13 18:16:13,245 DEBUG [      test-main] [FacetMappingFactory#createBaseMapping:113] - Creating base mapping
2018-08-13 18:16:13,245  INFO [      test-main] [ValueMappingFactoryDOMImpl#createValueMapping:42] - Parsing value mapping in /tmp/junit7570647956530710038/1534176973235.tmp
2018-08-13 18:16:13,246 DEBUG [      test-main] [MappingDefinitionResolver#getUrlStream:71] - Not a valid vocabulary URL / URI: /tmp/junit7570647956530710038/1534176973235.tmp
2018-08-13 18:16:13,247  INFO [      test-main] [ValueMappingFactoryDOMImpl#createValueMapping:52] - Found 2 origin-facet nodes
2018-08-13 18:16:13,247  INFO [      test-main] [ValueMappingFactoryDOMImpl#processOriginFacet:75] - Processing origin-facet node with name='name'
2018-08-13 18:16:13,247  INFO [      test-main] [ValueMappingFactoryDOMImpl#processValueMap:93] - -- Processing value-map node
2018-08-13 18:16:13,248  INFO [      test-main] [ValueMappingFactoryDOMImpl#processValueMap:110] - -- Found 1 target-value-set nodes
2018-08-13 18:16:13,248 DEBUG [      test-main] [ValueMappingFactoryDOMImpl#processTargetValueSet:128] - -- -- Processing target-value-set with 0 target-value node(s)
2018-08-13 18:16:13,248 DEBUG [      test-main] [ValueMappingFactoryDOMImpl#processTargetValueSet:168] - -- -- Continued processing of target-value-set with 1 source-value node(s)
2018-08-13 18:16:13,248 DEBUG [      test-main] [ValueMappingFactoryDOMImpl#processTargetValueSet:172] - -- -- -- Processing source-value node with content '.+'
2018-08-13 18:16:13,248  INFO [      test-main] [ValueMappingFactoryDOMImpl#processOriginFacet:75] - Processing origin-facet node with name='collection'
2018-08-13 18:16:13,248  INFO [      test-main] [ValueMappingFactoryDOMImpl#processValueMap:93] - -- Processing value-map node
2018-08-13 18:16:13,249  INFO [      test-main] [ValueMappingFactoryDOMImpl#processValueMap:110] - -- Found 1 target-value-set nodes
2018-08-13 18:16:13,249 DEBUG [      test-main] [ValueMappingFactoryDOMImpl#processTargetValueSet:128] - -- -- Processing target-value-set with 3 target-value node(s)
2018-08-13 18:16:13,249 DEBUG [      test-main] [ValueMappingFactoryDOMImpl#processTargetValueSet:134] - -- -- Processing target-value node with facet='subject'
2018-08-13 18:16:13,249 DEBUG [      test-main] [ValueMappingFactoryDOMImpl#processTargetValueSet:162] - -- -- -- Added target value 'blabla1' [overrideExistingValues: false, removeSourceValue: false]
2018-08-13 18:16:13,249 DEBUG [      test-main] [ValueMappingFactoryDOMImpl#processTargetValueSet:134] - -- -- Processing target-value node with facet='name'
2018-08-13 18:16:13,250 DEBUG [      test-main] [ValueMappingFactoryDOMImpl#processTargetValueSet:162] - -- -- -- Added target value 'blabla2' [overrideExistingValues: false, removeSourceValue: false]
2018-08-13 18:16:13,250 DEBUG [      test-main] [ValueMappingFactoryDOMImpl#processTargetValueSet:134] - -- -- Processing target-value node with facet='temporalCoverage'
2018-08-13 18:16:13,250 DEBUG [      test-main] [ValueMappingFactoryDOMImpl#processTargetValueSet:162] - -- -- -- Added target value 'blabla3' [overrideExistingValues: false, removeSourceValue: false]
2018-08-13 18:16:13,250 DEBUG [      test-main] [ValueMappingFactoryDOMImpl#processTargetValueSet:168] - -- -- Continued processing of target-value-set with 1 source-value node(s)
2018-08-13 18:16:13,250 DEBUG [      test-main] [ValueMappingFactoryDOMImpl#processTargetValueSet:172] - -- -- -- Processing source-value node with content 'CollectionName'
2018-08-13 18:16:13,252  INFO [      test-main] [MetadataImporter#startImport:382] - Start of processing: testRoot
2018-08-13 18:16:13,252  INFO [      test-main] [MetadataImporter#getFilesFromDataRoot:479] - Collecting files in data root /tmp/junit7570647956530710038/testSession1534176973235_a.cmdi
2018-08-13 18:16:13,252  INFO [      test-main] [MetadataImporter#getFilesFromDataRoot:482] - Data root /tmp/junit7570647956530710038/testSession1534176973235_a.cmdi is a singleton dataroot
2018-08-13 18:16:13,252 DEBUG [      test-main] [MetadataImporter#startImport:393] - PROCESSING FILE: /tmp/junit7570647956530710038/testSession1534176973235_a.cmdi
2018-08-13 18:16:13,253 DEBUG [      test-main] [FacetMappingFactory#createMapping:156] - Creating mapping for null using /root/workspace/clarin-eric/VLO/415509045/vlo-importer/target/test-classes/facetConceptsTest.xml (useLocalXSDCache: null)
2018-08-13 18:16:16,278  INFO [      test-main] [CMDIParserVTDXML#setTargetValue:480] - value kleve-route ignored since facet name has either defined an overriding value or doensn't allow multiple values
2018-08-13 18:16:16,286 DEBUG [      test-main] [CMDIComponentProfileNamePostNormalizer#calculate:66] - PARSING PROFILE: http://catalog.clarin.eu/ds/ComponentRegistry/rest/registry/1.x/profiles/clarin.eu:cr1:p_1271859438204
2018-08-13 18:16:16,286 DEBUG [      test-main] [CMDIComponentProfileNamePostNormalizer#getInputStream:84] - Opening input stream at http://catalog.clarin.eu/ds/ComponentRegistry/rest/registry/1.x/profiles/clarin.eu:cr1:p_1271859438204/xml
2018-08-13 18:16:17,857 DEBUG [      test-main] [CMDIComponentProfileNamePostNormalizer#calculate:77] - PARSED PROFILE: http://catalog.clarin.eu/ds/ComponentRegistry/rest/registry/1.x/profiles/clarin.eu:cr1:p_1271859438204
2018-08-13 18:16:17,859 DEBUG [      test-main] [MetadataImporter#updateDocument:621] - Adding document for submission to SOLR: /tmp/junit7570647956530710038/testSession1534176973235_a.cmdi
2018-08-13 18:16:17,859  INFO [      test-main] [MetadataImporter#startImport:406] - End of processing: testRoot
2018-08-13 18:16:17,859  INFO [      test-main] [MetadataImporter#startImport:416] - Found 0 file(s) without an id. (id is generated based on fileName but that may not be unique)
2018-08-13 18:16:17,859  INFO [      test-main] [MetadataImporter#startImport:418] - Found 0 file(s) with errors.
2018-08-13 18:16:17,860  INFO [      test-main] [MetadataImporter#startImport:420] - Update of 1 took 4 secs. Total nr of files analyzed 1
Tests run: 5, Failures: 0, Errors: 0, Skipped: 0, Time elapsed: 18.253 sec
Running eu.clarin.cmdi.vlo.importer.OrganizationPostNormalizerTest
2018-08-13 18:16:17,861 DEBUG [      test-main] [AbstractXmlVloConfigFactory#newConfig:48] - Config location: file:/root/workspace/clarin-eric/VLO/415509045/vlo-commons/target/classes/VloConfig.xml
2018-08-13 18:16:17,881  INFO [      test-main] [OrganisationPostNormalizer#lambda$getMappingFromFile$0:75] - Reading vocabulary file from: /uniform-maps/OrganisationControlledVocabulary.xml
2018-08-13 18:16:17,881 DEBUG [      test-main] [MappingDefinitionResolver#getUrlStream:71] - Not a valid vocabulary URL / URI: /uniform-maps/OrganisationControlledVocabulary.xml
2018-08-13 18:16:17,881 DEBUG [      test-main] [MappingDefinitionResolver#getFileStream:89] - Not a local file that exists: /uniform-maps/OrganisationControlledVocabulary.xml
Tests run: 1, Failures: 0, Errors: 0, Skipped: 0, Time elapsed: 0.118 sec
Running eu.clarin.cmdi.vlo.importer.MetadataImporterTest
2018-08-13 18:16:17,984 DEBUG [      test-main] [AbstractXmlVloConfigFactory#newConfig:48] - Config location: file:/root/workspace/clarin-eric/VLO/415509045/vlo-commons/target/classes/VloConfig.xml
2018-08-13 18:16:18,017 DEBUG [      test-main] [MappingDefinitionResolver#getUrlStream:71] - Not a valid vocabulary URL / URI: /root/workspace/clarin-eric/VLO/415509045/vlo-importer/target/test-classes/facetConceptsTest.xml
2018-08-13 18:16:18,017  INFO [      test-main] [VLOMarshaller#lambda$getFacetConceptMapping$0:62] - Unmarshalling facet concepts definition from file /root/workspace/clarin-eric/VLO/415509045/vlo-importer/target/test-classes/facetConceptsTest.xml
2018-08-13 18:16:18,028 DEBUG [      test-main] [FacetMappingFactory#createBaseMapping:113] - Creating base mapping
2018-08-13 18:16:18,029  INFO [      test-main] [ValueMappingFactoryDOMImpl#createValueMapping:42] - Parsing value mapping in /root/workspace/clarin-eric/VLO/415509045/vlo-importer/target/test-classes/valueMappingsTest.xml
2018-08-13 18:16:18,029 DEBUG [      test-main] [MappingDefinitionResolver#getUrlStream:71] - Not a valid vocabulary URL / URI: /root/workspace/clarin-eric/VLO/415509045/vlo-importer/target/test-classes/valueMappingsTest.xml
2018-08-13 18:16:18,031  INFO [      test-main] [ValueMappingFactoryDOMImpl#createValueMapping:52] - Found 0 origin-facet nodes
2018-08-13 18:16:18,033  INFO [      test-main] [MetadataImporter#startImport:389] - Start of processing: testRoot
2018-08-13 18:16:18,033  INFO [      test-main] [MetadataImporter#getFilesFromDataRoot:479] - Collecting files in data root /tmp/junit6473708388306917290/testSession1534176978016_a.cmdi
2018-08-13 18:16:18,033  INFO [      test-main] [MetadataImporter#getFilesFromDataRoot:482] - Data root /tmp/junit6473708388306917290/testSession1534176978016_a.cmdi is a singleton dataroot
2018-08-13 18:16:18,034 DEBUG [      test-main] [MetadataImporter#startImport:400] - PROCESSING FILE: /tmp/junit6473708388306917290/testSession1534176978016_a.cmdi
2018-08-13 18:16:18,034 DEBUG [      test-main] [FacetMappingFactory#createMapping:156] - Creating mapping for null using /root/workspace/clarin-eric/VLO/415509045/vlo-importer/target/test-classes/facetConceptsTest.xml (useLocalXSDCache: null)
2018-08-13 18:16:21,038 DEBUG [      test-main] [CMDIComponentProfileNamePostNormalizer#calculate:66] - PARSING PROFILE: http://catalog.clarin.eu/ds/ComponentRegistry/rest/registry/1.x/profiles/clarin.eu:cr1:p_1271859438204
2018-08-13 18:16:21,039 DEBUG [      test-main] [CMDIComponentProfileNamePostNormalizer#getInputStream:84] - Opening input stream at http://catalog.clarin.eu/ds/ComponentRegistry/rest/registry/1.x/profiles/clarin.eu:cr1:p_1271859438204/xml
2018-08-13 18:16:22,590 DEBUG [      test-main] [CMDIComponentProfileNamePostNormalizer#calculate:77] - PARSED PROFILE: http://catalog.clarin.eu/ds/ComponentRegistry/rest/registry/1.x/profiles/clarin.eu:cr1:p_1271859438204
2018-08-13 18:16:22,592 DEBUG [      test-main] [MetadataImporter#updateDocument:621] - Adding document for submission to SOLR: /tmp/junit6473708388306917290/testSession1534176978016_a.cmdi
2018-08-13 18:16:22,593  INFO [      test-main] [MetadataImporter#startImport:413] - End of processing: testRoot
2018-08-13 18:16:22,593  INFO [      test-main] [MetadataImporter#startImport:423] - Found 1 file(s) without an id. (id is generated based on fileName but that may not be unique)
2018-08-13 18:16:22,593  INFO [      test-main] [MetadataImporter#startImport:425] - Found 0 file(s) with errors.
2018-08-13 18:16:22,593  INFO [      test-main] [MetadataImporter#startImport:427] - Update of 1 took 4 secs. Total nr of files analyzed 1
2018-08-13 18:16:22,595 DEBUG [      test-main] [MappingDefinitionResolver#getUrlStream:71] - Not a valid vocabulary URL / URI: /root/workspace/clarin-eric/VLO/415509045/vlo-importer/target/test-classes/facetConceptsTest.xml
2018-08-13 18:16:22,595  INFO [      test-main] [VLOMarshaller#lambda$getFacetConceptMapping$0:62] - Unmarshalling facet concepts definition from file /root/workspace/clarin-eric/VLO/415509045/vlo-importer/target/test-classes/facetConceptsTest.xml
2018-08-13 18:16:22,600 DEBUG [      test-main] [FacetMappingFactory#createBaseMapping:113] - Creating base mapping
2018-08-13 18:16:22,601  INFO [      test-main] [ValueMappingFactoryDOMImpl#createValueMapping:42] - Parsing value mapping in /root/workspace/clarin-eric/VLO/415509045/vlo-importer/target/test-classes/valueMappingsTest.xml
2018-08-13 18:16:22,601 DEBUG [      test-main] [MappingDefinitionResolver#getUrlStream:71] - Not a valid vocabulary URL / URI: /root/workspace/clarin-eric/VLO/415509045/vlo-importer/target/test-classes/valueMappingsTest.xml
2018-08-13 18:16:22,602  INFO [      test-main] [ValueMappingFactoryDOMImpl#createValueMapping:52] - Found 0 origin-facet nodes
2018-08-13 18:16:22,603  INFO [      test-main] [MetadataImporter#startImport:389] - Start of processing: testRoot
2018-08-13 18:16:22,603  INFO [      test-main] [MetadataImporter#getFilesFromDataRoot:479] - Collecting files in data root /tmp/junit5489371635212101179/testSession1534176982594_a.cmdi
2018-08-13 18:16:22,603  INFO [      test-main] [MetadataImporter#getFilesFromDataRoot:482] - Data root /tmp/junit5489371635212101179/testSession1534176982594_a.cmdi is a singleton dataroot
2018-08-13 18:16:22,603 DEBUG [      test-main] [MetadataImporter#startImport:400] - PROCESSING FILE: /tmp/junit5489371635212101179/testSession1534176982594_a.cmdi
2018-08-13 18:16:22,604 DEBUG [      test-main] [FacetMappingFactory#createMapping:156] - Creating mapping for null using /root/workspace/clarin-eric/VLO/415509045/vlo-importer/target/test-classes/facetConceptsTest.xml (useLocalXSDCache: null)
2018-08-13 18:16:25,320 DEBUG [      test-main] [FacetMappingFactory#createMapping:242] - Rejecting /cmd:CMD/cmd:Components/cmdp:DynaSAND/cmdp:Size/cmdp:SizePerLanguage/cmdp:Language/cmdp:LanguageName/text() because of blacklisted substring /cmdp:LanguageName
2018-08-13 18:16:25,320 DEBUG [      test-main] [FacetMappingFactory#createMapping:242] - Rejecting /cmd:CMD/cmd:Components/cmdp:DynaSAND/cmdp:Collection/cmdp:DocumentationLanguages/cmdp:Language/cmdp:LanguageName/text() because of blacklisted substring /cmdp:LanguageName
2018-08-13 18:16:25,327 DEBUG [      test-main] [CMDIComponentProfileNamePostNormalizer#calculate:66] - PARSING PROFILE: http://catalog.clarin.eu/ds/ComponentRegistry/rest/registry/1.x/profiles/clarin.eu:cr1:p_1280305685235
2018-08-13 18:16:25,328 DEBUG [      test-main] [CMDIComponentProfileNamePostNormalizer#getInputStream:84] - Opening input stream at http://catalog.clarin.eu/ds/ComponentRegistry/rest/registry/1.x/profiles/clarin.eu:cr1:p_1280305685235/xml
2018-08-13 18:16:26,494 DEBUG [      test-main] [CMDIComponentProfileNamePostNormalizer#calculate:77] - PARSED PROFILE: http://catalog.clarin.eu/ds/ComponentRegistry/rest/registry/1.x/profiles/clarin.eu:cr1:p_1280305685235
2018-08-13 18:16:26,496 DEBUG [      test-main] [MetadataImporter#updateDocument:621] - Adding document for submission to SOLR: /tmp/junit5489371635212101179/testSession1534176982594_a.cmdi
2018-08-13 18:16:26,496  INFO [      test-main] [MetadataImporter#startImport:413] - End of processing: testRoot
2018-08-13 18:16:26,496  INFO [      test-main] [MetadataImporter#startImport:423] - Found 0 file(s) without an id. (id is generated based on fileName but that may not be unique)
2018-08-13 18:16:26,496  INFO [      test-main] [MetadataImporter#startImport:425] - Found 0 file(s) with errors.
2018-08-13 18:16:26,496  INFO [      test-main] [MetadataImporter#startImport:427] - Update of 1 took 3 secs. Total nr of files analyzed 1
2018-08-13 18:16:26,498 DEBUG [      test-main] [MappingDefinitionResolver#getUrlStream:71] - Not a valid vocabulary URL / URI: /root/workspace/clarin-eric/VLO/415509045/vlo-importer/target/test-classes/facetConceptsTest.xml
2018-08-13 18:16:26,498  INFO [      test-main] [VLOMarshaller#lambda$getFacetConceptMapping$0:62] - Unmarshalling facet concepts definition from file /root/workspace/clarin-eric/VLO/415509045/vlo-importer/target/test-classes/facetConceptsTest.xml
2018-08-13 18:16:26,504 DEBUG [      test-main] [FacetMappingFactory#createBaseMapping:113] - Creating base mapping
2018-08-13 18:16:26,504  INFO [      test-main] [ValueMappingFactoryDOMImpl#createValueMapping:42] - Parsing value mapping in /root/workspace/clarin-eric/VLO/415509045/vlo-importer/target/test-classes/valueMappingsTest.xml
2018-08-13 18:16:26,504 DEBUG [      test-main] [MappingDefinitionResolver#getUrlStream:71] - Not a valid vocabulary URL / URI: /root/workspace/clarin-eric/VLO/415509045/vlo-importer/target/test-classes/valueMappingsTest.xml
2018-08-13 18:16:26,505  INFO [      test-main] [ValueMappingFactoryDOMImpl#createValueMapping:52] - Found 0 origin-facet nodes
2018-08-13 18:16:26,506  INFO [      test-main] [MetadataImporter#startImport:389] - Start of processing: testRoot
2018-08-13 18:16:26,507  INFO [      test-main] [MetadataImporter#getFilesFromDataRoot:479] - Collecting files in data root /tmp/junit5707948669622333958/example1534176986497_a.cmdi
2018-08-13 18:16:26,507  INFO [      test-main] [MetadataImporter#getFilesFromDataRoot:482] - Data root /tmp/junit5707948669622333958/example1534176986497_a.cmdi is a singleton dataroot
2018-08-13 18:16:26,507 DEBUG [      test-main] [MetadataImporter#startImport:400] - PROCESSING FILE: /tmp/junit5707948669622333958/example1534176986497_a.cmdi
2018-08-13 18:16:26,507 DEBUG [      test-main] [FacetMappingFactory#createMapping:156] - Creating mapping for null using /root/workspace/clarin-eric/VLO/415509045/vlo-importer/target/test-classes/facetConceptsTest.xml (useLocalXSDCache: null)
2018-08-13 18:16:37,209  INFO [      test-main] [LanguageCodePostNormalizer#lambda$getMappingFromFile$0:75] - Reading vocabulary file from: /uniform-maps/LanguageNameVariantsMap.xml
2018-08-13 18:16:37,210 DEBUG [      test-main] [MappingDefinitionResolver#getUrlStream:71] - Not a valid vocabulary URL / URI: /uniform-maps/LanguageNameVariantsMap.xml
2018-08-13 18:16:37,210 DEBUG [      test-main] [MappingDefinitionResolver#getFileStream:89] - Not a local file that exists: /uniform-maps/LanguageNameVariantsMap.xml
2018-08-13 18:16:37,222  INFO [      test-main] [LanguageCodeUtils#createCodeMap:147] - Creating language code map from file:/root/workspace/clarin-eric/VLO/415509045/vlo-importer/target/test-classes/catalog_clarin_eu/c_1271859438110.xml
2018-08-13 18:16:37,416 DEBUG [      test-main] [LanguageCodeUtils#createSilToIsoCodeMap:177] - Creating silToIso code map.
2018-08-13 18:16:37,492 DEBUG [      test-main] [CMDIComponentProfileNamePostNormalizer#calculate:66] - PARSING PROFILE: http://catalog.clarin.eu/ds/ComponentRegistry/rest/registry/1.x/profiles/clarin.eu:cr1:p_1475136016208
2018-08-13 18:16:37,492 DEBUG [      test-main] [CMDIComponentProfileNamePostNormalizer#getInputStream:84] - Opening input stream at http://catalog.clarin.eu/ds/ComponentRegistry/rest/registry/1.x/profiles/clarin.eu:cr1:p_1475136016208/xml
2018-08-13 18:16:42,432 DEBUG [      test-main] [CMDIComponentProfileNamePostNormalizer#calculate:77] - PARSED PROFILE: http://catalog.clarin.eu/ds/ComponentRegistry/rest/registry/1.x/profiles/clarin.eu:cr1:p_1475136016208
2018-08-13 18:16:42,441 DEBUG [      test-main] [MetadataImporter#updateDocument:621] - Adding document for submission to SOLR: /tmp/junit5707948669622333958/example1534176986497_a.cmdi
2018-08-13 18:16:42,442  INFO [      test-main] [MetadataImporter#startImport:413] - End of processing: testRoot
2018-08-13 18:16:42,442  INFO [      test-main] [MetadataImporter#startImport:423] - Found 1 file(s) without an id. (id is generated based on fileName but that may not be unique)
2018-08-13 18:16:42,442  INFO [      test-main] [MetadataImporter#startImport:425] - Found 0 file(s) with errors.
2018-08-13 18:16:42,442  INFO [      test-main] [MetadataImporter#startImport:427] - Update of 1 took 15 secs. Total nr of files analyzed 1
2018-08-13 18:16:42,457 DEBUG [      test-main] [MappingDefinitionResolver#getUrlStream:71] - Not a valid vocabulary URL / URI: /root/workspace/clarin-eric/VLO/415509045/vlo-importer/target/test-classes/facetConceptsTest.xml
2018-08-13 18:16:42,458  INFO [      test-main] [VLOMarshaller#lambda$getFacetConceptMapping$0:62] - Unmarshalling facet concepts definition from file /root/workspace/clarin-eric/VLO/415509045/vlo-importer/target/test-classes/facetConceptsTest.xml
2018-08-13 18:16:42,469 DEBUG [      test-main] [FacetMappingFactory#createBaseMapping:113] - Creating base mapping
2018-08-13 18:16:42,470  INFO [      test-main] [ValueMappingFactoryDOMImpl#createValueMapping:42] - Parsing value mapping in /root/workspace/clarin-eric/VLO/415509045/vlo-importer/target/test-classes/valueMappingsTest.xml
2018-08-13 18:16:42,470 DEBUG [      test-main] [MappingDefinitionResolver#getUrlStream:71] - Not a valid vocabulary URL / URI: /root/workspace/clarin-eric/VLO/415509045/vlo-importer/target/test-classes/valueMappingsTest.xml
2018-08-13 18:16:42,472  INFO [      test-main] [ValueMappingFactoryDOMImpl#createValueMapping:52] - Found 0 origin-facet nodes
2018-08-13 18:16:42,473  INFO [      test-main] [MetadataImporter#startImport:389] - Start of processing: testRoot
2018-08-13 18:16:42,474  INFO [      test-main] [MetadataImporter#getFilesFromDataRoot:479] - Collecting files in data root /tmp/junit7428362524374661293/testSession1534177002457_a.cmdi
2018-08-13 18:16:42,474  INFO [      test-main] [MetadataImporter#getFilesFromDataRoot:482] - Data root /tmp/junit7428362524374661293/testSession1534177002457_a.cmdi is a singleton dataroot
2018-08-13 18:16:42,474 DEBUG [      test-main] [MetadataImporter#startImport:400] - PROCESSING FILE: /tmp/junit7428362524374661293/testSession1534177002457_a.cmdi
2018-08-13 18:16:42,475 DEBUG [      test-main] [FacetMappingFactory#createMapping:156] - Creating mapping for null using /root/workspace/clarin-eric/VLO/415509045/vlo-importer/target/test-classes/facetConceptsTest.xml (useLocalXSDCache: null)
2018-08-13 18:16:45,676 DEBUG [      test-main] [CMDIComponentProfileNamePostNormalizer#calculate:66] - PARSING PROFILE: http://catalog.clarin.eu/ds/ComponentRegistry/rest/registry/1.x/profiles/clarin.eu:cr1:p_1271859438204
2018-08-13 18:16:45,676 DEBUG [      test-main] [CMDIComponentProfileNamePostNormalizer#getInputStream:84] - Opening input stream at http://catalog.clarin.eu/ds/ComponentRegistry/rest/registry/1.x/profiles/clarin.eu:cr1:p_1271859438204/xml
2018-08-13 18:16:47,170 DEBUG [      test-main] [CMDIComponentProfileNamePostNormalizer#calculate:77] - PARSED PROFILE: http://catalog.clarin.eu/ds/ComponentRegistry/rest/registry/1.x/profiles/clarin.eu:cr1:p_1271859438204
2018-08-13 18:16:47,172  WARN [      test-main] [MetadataImporter#processCmdi:530] - Skipping /tmp/junit7428362524374661293/testSession1534177002457_a.cmdi, no resource proxy found
2018-08-13 18:16:47,172  INFO [      test-main] [MetadataImporter#startImport:413] - End of processing: testRoot
2018-08-13 18:16:47,172  INFO [      test-main] [MetadataImporter#startImport:423] - Found 1 file(s) without an id. (id is generated based on fileName but that may not be unique)
2018-08-13 18:16:47,173  INFO [      test-main] [MetadataImporter#startImport:425] - Found 0 file(s) with errors.
2018-08-13 18:16:47,173  INFO [      test-main] [MetadataImporter#startImport:427] - Update of 0 took 4 secs. Total nr of files analyzed 1
2018-08-13 18:16:47,174 DEBUG [      test-main] [MappingDefinitionResolver#getUrlStream:71] - Not a valid vocabulary URL / URI: /root/workspace/clarin-eric/VLO/415509045/vlo-importer/target/test-classes/facetConceptsTest.xml
2018-08-13 18:16:47,174  INFO [      test-main] [VLOMarshaller#lambda$getFacetConceptMapping$0:62] - Unmarshalling facet concepts definition from file /root/workspace/clarin-eric/VLO/415509045/vlo-importer/target/test-classes/facetConceptsTest.xml
2018-08-13 18:16:47,180 DEBUG [      test-main] [FacetMappingFactory#createBaseMapping:113] - Creating base mapping
2018-08-13 18:16:47,181  INFO [      test-main] [ValueMappingFactoryDOMImpl#createValueMapping:42] - Parsing value mapping in /root/workspace/clarin-eric/VLO/415509045/vlo-importer/target/test-classes/valueMappingsTest.xml
2018-08-13 18:16:47,181 DEBUG [      test-main] [MappingDefinitionResolver#getUrlStream:71] - Not a valid vocabulary URL / URI: /root/workspace/clarin-eric/VLO/415509045/vlo-importer/target/test-classes/valueMappingsTest.xml
2018-08-13 18:16:47,182  INFO [      test-main] [ValueMappingFactoryDOMImpl#createValueMapping:52] - Found 0 origin-facet nodes
2018-08-13 18:16:47,183  INFO [      test-main] [MetadataImporter#startImport:389] - Start of processing: testRoot
2018-08-13 18:16:47,183  INFO [      test-main] [MetadataImporter#getFilesFromDataRoot:479] - Collecting files in data root /tmp/junit1471338274597568778/rootFile1534177007174_a.cmdi
2018-08-13 18:16:47,184  INFO [      test-main] [MetadataImporter#getFilesFromDataRoot:482] - Data root /tmp/junit1471338274597568778/rootFile1534177007174_a.cmdi is a singleton dataroot
2018-08-13 18:16:47,184 DEBUG [      test-main] [MetadataImporter#startImport:400] - PROCESSING FILE: /tmp/junit1471338274597568778/rootFile1534177007174_a.cmdi
2018-08-13 18:16:47,184 DEBUG [      test-main] [FacetMappingFactory#createMapping:156] - Creating mapping for null using /root/workspace/clarin-eric/VLO/415509045/vlo-importer/target/test-classes/facetConceptsTest.xml (useLocalXSDCache: null)
2018-08-13 18:16:47,820 DEBUG [      test-main] [MetadataImporter#updateDocument:621] - Adding document for submission to SOLR: /tmp/junit1471338274597568778/rootFile1534177007174_a.cmdi
2018-08-13 18:16:47,821  INFO [      test-main] [MetadataImporter#startImport:413] - End of processing: testRoot
2018-08-13 18:16:47,821  INFO [      test-main] [MetadataImporter#startImport:423] - Found 0 file(s) without an id. (id is generated based on fileName but that may not be unique)
2018-08-13 18:16:47,821  INFO [      test-main] [MetadataImporter#startImport:425] - Found 0 file(s) with errors.
2018-08-13 18:16:47,821  INFO [      test-main] [MetadataImporter#startImport:427] - Update of 1 took 0 secs. Total nr of files analyzed 1
2018-08-13 18:16:47,823 DEBUG [      test-main] [MappingDefinitionResolver#getUrlStream:71] - Not a valid vocabulary URL / URI: /root/workspace/clarin-eric/VLO/415509045/vlo-importer/target/test-classes/facetConceptsTest.xml
2018-08-13 18:16:47,823  INFO [      test-main] [VLOMarshaller#lambda$getFacetConceptMapping$0:62] - Unmarshalling facet concepts definition from file /root/workspace/clarin-eric/VLO/415509045/vlo-importer/target/test-classes/facetConceptsTest.xml
2018-08-13 18:16:47,829 DEBUG [      test-main] [FacetMappingFactory#createBaseMapping:113] - Creating base mapping
2018-08-13 18:16:47,830  INFO [      test-main] [ValueMappingFactoryDOMImpl#createValueMapping:42] - Parsing value mapping in /root/workspace/clarin-eric/VLO/415509045/vlo-importer/target/test-classes/valueMappingsTest.xml
2018-08-13 18:16:47,830 DEBUG [      test-main] [MappingDefinitionResolver#getUrlStream:71] - Not a valid vocabulary URL / URI: /root/workspace/clarin-eric/VLO/415509045/vlo-importer/target/test-classes/valueMappingsTest.xml
2018-08-13 18:16:47,831  INFO [      test-main] [ValueMappingFactoryDOMImpl#createValueMapping:52] - Found 0 origin-facet nodes
2018-08-13 18:16:47,832  INFO [      test-main] [MetadataImporter#startImport:389] - Start of processing: testRoot
2018-08-13 18:16:47,832  INFO [      test-main] [MetadataImporter#getFilesFromDataRoot:479] - Collecting files in data root /tmp/junit4653512790674656288/rootFile1534177007822_a.cmdi
2018-08-13 18:16:47,832  INFO [      test-main] [MetadataImporter#getFilesFromDataRoot:482] - Data root /tmp/junit4653512790674656288/rootFile1534177007822_a.cmdi is a singleton dataroot
2018-08-13 18:16:47,833 DEBUG [      test-main] [MetadataImporter#startImport:400] - PROCESSING FILE: /tmp/junit4653512790674656288/rootFile1534177007822_a.cmdi
2018-08-13 18:16:47,833 DEBUG [      test-main] [FacetMappingFactory#createMapping:156] - Creating mapping for null using /root/workspace/clarin-eric/VLO/415509045/vlo-importer/target/test-classes/facetConceptsTest.xml (useLocalXSDCache: null)
2018-08-13 18:16:48,912 DEBUG [      test-main] [CMDIComponentProfileNamePostNormalizer#calculate:66] - PARSING PROFILE: http://catalog.clarin.eu/ds/ComponentRegistry/rest/registry/1.x/profiles/clarin.eu:cr1:p_1289827960126
2018-08-13 18:16:48,912 DEBUG [      test-main] [CMDIComponentProfileNamePostNormalizer#getInputStream:84] - Opening input stream at http://catalog.clarin.eu/ds/ComponentRegistry/rest/registry/1.x/profiles/clarin.eu:cr1:p_1289827960126/xml
2018-08-13 18:16:49,325 DEBUG [      test-main] [CMDIComponentProfileNamePostNormalizer#calculate:77] - PARSED PROFILE: http://catalog.clarin.eu/ds/ComponentRegistry/rest/registry/1.x/profiles/clarin.eu:cr1:p_1289827960126
2018-08-13 18:16:49,327 DEBUG [      test-main] [MetadataImporter#updateDocument:621] - Adding document for submission to SOLR: /tmp/junit4653512790674656288/rootFile1534177007822_a.cmdi
2018-08-13 18:16:49,327  INFO [      test-main] [MetadataImporter#startImport:413] - End of processing: testRoot
2018-08-13 18:16:49,327  INFO [      test-main] [MetadataImporter#startImport:423] - Found 0 file(s) without an id. (id is generated based on fileName but that may not be unique)
2018-08-13 18:16:49,327  INFO [      test-main] [MetadataImporter#startImport:425] - Found 0 file(s) with errors.
2018-08-13 18:16:49,328  INFO [      test-main] [MetadataImporter#startImport:427] - Update of 1 took 1 secs. Total nr of files analyzed 1
2018-08-13 18:16:49,329 DEBUG [      test-main] [MappingDefinitionResolver#getUrlStream:71] - Not a valid vocabulary URL / URI: /root/workspace/clarin-eric/VLO/415509045/vlo-importer/target/test-classes/facetConceptsTest.xml
2018-08-13 18:16:49,329  INFO [      test-main] [VLOMarshaller#lambda$getFacetConceptMapping$0:62] - Unmarshalling facet concepts definition from file /root/workspace/clarin-eric/VLO/415509045/vlo-importer/target/test-classes/facetConceptsTest.xml
2018-08-13 18:16:49,335 DEBUG [      test-main] [FacetMappingFactory#createBaseMapping:113] - Creating base mapping
2018-08-13 18:16:49,336  INFO [      test-main] [ValueMappingFactoryDOMImpl#createValueMapping:42] - Parsing value mapping in /root/workspace/clarin-eric/VLO/415509045/vlo-importer/target/test-classes/valueMappingsTest.xml
2018-08-13 18:16:49,336 DEBUG [      test-main] [MappingDefinitionResolver#getUrlStream:71] - Not a valid vocabulary URL / URI: /root/workspace/clarin-eric/VLO/415509045/vlo-importer/target/test-classes/valueMappingsTest.xml
2018-08-13 18:16:49,337  INFO [      test-main] [ValueMappingFactoryDOMImpl#createValueMapping:52] - Found 0 origin-facet nodes
2018-08-13 18:16:49,338  INFO [      test-main] [MetadataImporter#startImport:389] - Start of processing: testRoot
2018-08-13 18:16:49,338  INFO [      test-main] [MetadataImporter#getFilesFromDataRoot:479] - Collecting files in data root /tmp/junit6004242659368949510/testSession1534177009329_a.cmdi
2018-08-13 18:16:49,338  INFO [      test-main] [MetadataImporter#getFilesFromDataRoot:482] - Data root /tmp/junit6004242659368949510/testSession1534177009329_a.cmdi is a singleton dataroot
2018-08-13 18:16:49,339 DEBUG [      test-main] [MetadataImporter#startImport:400] - PROCESSING FILE: /tmp/junit6004242659368949510/testSession1534177009329_a.cmdi
2018-08-13 18:16:49,339 DEBUG [      test-main] [FacetMappingFactory#createMapping:156] - Creating mapping for null using /root/workspace/clarin-eric/VLO/415509045/vlo-importer/target/test-classes/facetConceptsTest.xml (useLocalXSDCache: null)
2018-08-13 18:16:52,495 DEBUG [      test-main] [CMDIComponentProfileNamePostNormalizer#calculate:66] - PARSING PROFILE: http://catalog.clarin.eu/ds/ComponentRegistry/rest/registry/1.x/profiles/clarin.eu:cr1:p_1271859438204
2018-08-13 18:16:52,495 DEBUG [      test-main] [CMDIComponentProfileNamePostNormalizer#getInputStream:84] - Opening input stream at http://catalog.clarin.eu/ds/ComponentRegistry/rest/registry/1.x/profiles/clarin.eu:cr1:p_1271859438204/xml
2018-08-13 18:16:54,002 DEBUG [      test-main] [CMDIComponentProfileNamePostNormalizer#calculate:77] - PARSED PROFILE: http://catalog.clarin.eu/ds/ComponentRegistry/rest/registry/1.x/profiles/clarin.eu:cr1:p_1271859438204
2018-08-13 18:16:54,004 DEBUG [      test-main] [MetadataImporter#updateDocument:621] - Adding document for submission to SOLR: /tmp/junit6004242659368949510/testSession1534177009329_a.cmdi
2018-08-13 18:16:54,004  INFO [      test-main] [MetadataImporter#startImport:413] - End of processing: testRoot
2018-08-13 18:16:54,004  INFO [      test-main] [MetadataImporter#startImport:423] - Found 0 file(s) without an id. (id is generated based on fileName but that may not be unique)
2018-08-13 18:16:54,004  INFO [      test-main] [MetadataImporter#startImport:425] - Found 0 file(s) with errors.
2018-08-13 18:16:54,004  INFO [      test-main] [MetadataImporter#startImport:427] - Update of 1 took 4 secs. Total nr of files analyzed 1
2018-08-13 18:16:54,006 DEBUG [      test-main] [MappingDefinitionResolver#getUrlStream:71] - Not a valid vocabulary URL / URI: /root/workspace/clarin-eric/VLO/415509045/vlo-importer/target/test-classes/facetConceptsTest.xml
2018-08-13 18:16:54,006  INFO [      test-main] [VLOMarshaller#lambda$getFacetConceptMapping$0:62] - Unmarshalling facet concepts definition from file /root/workspace/clarin-eric/VLO/415509045/vlo-importer/target/test-classes/facetConceptsTest.xml
2018-08-13 18:16:54,013 DEBUG [      test-main] [FacetMappingFactory#createBaseMapping:113] - Creating base mapping
2018-08-13 18:16:54,013  INFO [      test-main] [ValueMappingFactoryDOMImpl#createValueMapping:42] - Parsing value mapping in /root/workspace/clarin-eric/VLO/415509045/vlo-importer/target/test-classes/valueMappingsTest.xml
2018-08-13 18:16:54,014 DEBUG [      test-main] [MappingDefinitionResolver#getUrlStream:71] - Not a valid vocabulary URL / URI: /root/workspace/clarin-eric/VLO/415509045/vlo-importer/target/test-classes/valueMappingsTest.xml
2018-08-13 18:16:54,014  INFO [      test-main] [ValueMappingFactoryDOMImpl#createValueMapping:52] - Found 0 origin-facet nodes
2018-08-13 18:16:54,015  INFO [      test-main] [MetadataImporter#startImport:389] - Start of processing: testRoot
2018-08-13 18:16:54,016  INFO [      test-main] [MetadataImporter#getFilesFromDataRoot:479] - Collecting files in data root /tmp/junit3166641249731827028/example1534177014006_a.cmdi
2018-08-13 18:16:54,016  INFO [      test-main] [MetadataImporter#getFilesFromDataRoot:482] - Data root /tmp/junit3166641249731827028/example1534177014006_a.cmdi is a singleton dataroot
2018-08-13 18:16:54,016 DEBUG [      test-main] [MetadataImporter#startImport:400] - PROCESSING FILE: /tmp/junit3166641249731827028/example1534177014006_a.cmdi
2018-08-13 18:16:54,016 DEBUG [      test-main] [FacetMappingFactory#createMapping:156] - Creating mapping for null using /root/workspace/clarin-eric/VLO/415509045/vlo-importer/target/test-classes/facetConceptsTest.xml (useLocalXSDCache: null)
2018-08-13 18:16:55,162 DEBUG [      test-main] [CMDIComponentProfileNamePostNormalizer#calculate:66] - PARSING PROFILE: http://catalog.clarin.eu/ds/ComponentRegistry/rest/registry/1.x/profiles/clarin.eu:cr1:p_1289827960126
2018-08-13 18:16:55,162 DEBUG [      test-main] [CMDIComponentProfileNamePostNormalizer#getInputStream:84] - Opening input stream at http://catalog.clarin.eu/ds/ComponentRegistry/rest/registry/1.x/profiles/clarin.eu:cr1:p_1289827960126/xml
2018-08-13 18:16:55,569 DEBUG [      test-main] [CMDIComponentProfileNamePostNormalizer#calculate:77] - PARSED PROFILE: http://catalog.clarin.eu/ds/ComponentRegistry/rest/registry/1.x/profiles/clarin.eu:cr1:p_1289827960126
2018-08-13 18:16:55,571 DEBUG [      test-main] [MetadataImporter#updateDocument:621] - Adding document for submission to SOLR: /tmp/junit3166641249731827028/example1534177014006_a.cmdi
2018-08-13 18:16:55,571  INFO [      test-main] [MetadataImporter#startImport:413] - End of processing: testRoot
2018-08-13 18:16:55,571  INFO [      test-main] [MetadataImporter#startImport:423] - Found 1 file(s) without an id. (id is generated based on fileName but that may not be unique)
2018-08-13 18:16:55,571  INFO [      test-main] [MetadataImporter#startImport:425] - Found 0 file(s) with errors.
2018-08-13 18:16:55,572  INFO [      test-main] [MetadataImporter#startImport:427] - Update of 1 took 1 secs. Total nr of files analyzed 1
2018-08-13 18:16:55,574 DEBUG [      test-main] [MappingDefinitionResolver#getUrlStream:71] - Not a valid vocabulary URL / URI: /root/workspace/clarin-eric/VLO/415509045/vlo-importer/target/test-classes/facetConceptsTest.xml
2018-08-13 18:16:55,574  INFO [      test-main] [VLOMarshaller#lambda$getFacetConceptMapping$0:62] - Unmarshalling facet concepts definition from file /root/workspace/clarin-eric/VLO/415509045/vlo-importer/target/test-classes/facetConceptsTest.xml
2018-08-13 18:16:55,580 DEBUG [      test-main] [FacetMappingFactory#createBaseMapping:113] - Creating base mapping
2018-08-13 18:16:55,581  INFO [      test-main] [ValueMappingFactoryDOMImpl#createValueMapping:42] - Parsing value mapping in /root/workspace/clarin-eric/VLO/415509045/vlo-importer/target/test-classes/valueMappingsTest.xml
2018-08-13 18:16:55,581 DEBUG [      test-main] [MappingDefinitionResolver#getUrlStream:71] - Not a valid vocabulary URL / URI: /root/workspace/clarin-eric/VLO/415509045/vlo-importer/target/test-classes/valueMappingsTest.xml
2018-08-13 18:16:55,582  INFO [      test-main] [ValueMappingFactoryDOMImpl#createValueMapping:52] - Found 0 origin-facet nodes
2018-08-13 18:16:55,584  INFO [      test-main] [MetadataImporter#startImport:389] - Start of processing: testRoot
2018-08-13 18:16:55,584  INFO [      test-main] [MetadataImporter#getFilesFromDataRoot:479] - Collecting files in data root /tmp/junit856363838906117644/example1534177015573_a.cmdi
2018-08-13 18:16:55,584  INFO [      test-main] [MetadataImporter#getFilesFromDataRoot:482] - Data root /tmp/junit856363838906117644/example1534177015573_a.cmdi is a singleton dataroot
2018-08-13 18:16:55,584 DEBUG [      test-main] [MetadataImporter#startImport:400] - PROCESSING FILE: /tmp/junit856363838906117644/example1534177015573_a.cmdi
2018-08-13 18:16:55,585 DEBUG [      test-main] [FacetMappingFactory#createMapping:156] - Creating mapping for null using /root/workspace/clarin-eric/VLO/415509045/vlo-importer/target/test-classes/facetConceptsTest.xml (useLocalXSDCache: null)
2018-08-13 18:17:06,358 DEBUG [      test-main] [CMDIComponentProfileNamePostNormalizer#calculate:66] - PARSING PROFILE: http://catalog.clarin.eu/ds/ComponentRegistry/rest/registry/1.x/profiles/clarin.eu:cr1:p_1475136016208
2018-08-13 18:17:06,358 DEBUG [      test-main] [CMDIComponentProfileNamePostNormalizer#getInputStream:84] - Opening input stream at http://catalog.clarin.eu/ds/ComponentRegistry/rest/registry/1.x/profiles/clarin.eu:cr1:p_1475136016208/xml
2018-08-13 18:17:11,480 DEBUG [      test-main] [CMDIComponentProfileNamePostNormalizer#calculate:77] - PARSED PROFILE: http://catalog.clarin.eu/ds/ComponentRegistry/rest/registry/1.x/profiles/clarin.eu:cr1:p_1475136016208
2018-08-13 18:17:11,483  INFO [      test-main] [AvailabilityPostNormalizer#lambda$getMappingFromFile$0:75] - Reading vocabulary file from: /uniform-maps/LicenseAvailabilityMap.xml
2018-08-13 18:17:11,483 DEBUG [      test-main] [MappingDefinitionResolver#getUrlStream:71] - Not a valid vocabulary URL / URI: /uniform-maps/LicenseAvailabilityMap.xml
2018-08-13 18:17:11,484 DEBUG [      test-main] [MappingDefinitionResolver#getFileStream:89] - Not a local file that exists: /uniform-maps/LicenseAvailabilityMap.xml
2018-08-13 18:17:11,497  INFO [      test-main] [LicensePostNormalizer#lambda$getMappingFromFile$0:75] - Reading vocabulary file from: /uniform-maps/LicenseURIMap.xml
2018-08-13 18:17:11,497 DEBUG [      test-main] [MappingDefinitionResolver#getUrlStream:71] - Not a valid vocabulary URL / URI: /uniform-maps/LicenseURIMap.xml
2018-08-13 18:17:11,497 DEBUG [      test-main] [MappingDefinitionResolver#getFileStream:89] - Not a local file that exists: /uniform-maps/LicenseURIMap.xml
2018-08-13 18:17:11,526 DEBUG [      test-main] [MetadataImporter#updateDocument:621] - Adding document for submission to SOLR: /tmp/junit856363838906117644/example1534177015573_a.cmdi
2018-08-13 18:17:11,527  INFO [      test-main] [MetadataImporter#startImport:413] - End of processing: testRoot
2018-08-13 18:17:11,527  INFO [      test-main] [MetadataImporter#startImport:423] - Found 1 file(s) without an id. (id is generated based on fileName but that may not be unique)
2018-08-13 18:17:11,527  INFO [      test-main] [MetadataImporter#startImport:425] - Found 0 file(s) with errors.
2018-08-13 18:17:11,527  INFO [      test-main] [MetadataImporter#startImport:427] - Update of 1 took 15 secs. Total nr of files analyzed 1
Tests run: 9, Failures: 3, Errors: 0, Skipped: 0, Time elapsed: 53.549 sec <<< FAILURE!
testMultilingualValues(eu.clarin.cmdi.vlo.importer.MetadataImporterTest)  Time elapsed: 15.96 sec  <<< FAILURE!
java.lang.AssertionError: Order should be preserved except for preferred language priority
Expected: iterable containing ["{code:eng}Line 2", "{code:eng}Line 4", "{code:fra}Line 1", "{code:und}Line 3"]
     but: item 0: was "{code:eng}Line 4"
	at org.hamcrest.MatcherAssert.assertThat(MatcherAssert.java:20)
	at eu.clarin.cmdi.vlo.importer.MetadataImporterTest.testMultilingualValues(MetadataImporterTest.java:340)
	at sun.reflect.NativeMethodAccessorImpl.invoke0(Native Method)
	at sun.reflect.NativeMethodAccessorImpl.invoke(NativeMethodAccessorImpl.java:62)
	at sun.reflect.DelegatingMethodAccessorImpl.invoke(DelegatingMethodAccessorImpl.java:43)
	at java.lang.reflect.Method.invoke(Method.java:498)
	at org.junit.runners.model.FrameworkMethod$1.runReflectiveCall(FrameworkMethod.java:50)
	at org.junit.internal.runners.model.ReflectiveCallable.run(ReflectiveCallable.java:12)
	at org.junit.runners.model.FrameworkMethod.invokeExplosively(FrameworkMethod.java:47)
	at org.junit.internal.runners.statements.InvokeMethod.evaluate(InvokeMethod.java:17)
	at org.junit.internal.runners.statements.RunBefores.evaluate(RunBefores.java:26)
	at org.junit.rules.ExternalResource$1.evaluate(ExternalResource.java:48)
	at org.junit.rules.RunRules.evaluate(RunRules.java:20)
	at org.junit.runners.ParentRunner.runLeaf(ParentRunner.java:325)
	at org.junit.runners.BlockJUnit4ClassRunner.runChild(BlockJUnit4ClassRunner.java:78)
	at org.junit.runners.BlockJUnit4ClassRunner.runChild(BlockJUnit4ClassRunner.java:57)
	at org.junit.runners.ParentRunner$3.run(ParentRunner.java:290)
	at org.junit.runners.ParentRunner$1.schedule(ParentRunner.java:71)
	at org.junit.runners.ParentRunner.runChildren(ParentRunner.java:288)
	at org.junit.runners.ParentRunner.access$000(ParentRunner.java:58)
	at org.junit.runners.ParentRunner$2.evaluate(ParentRunner.java:268)
	at org.junit.internal.runners.statements.RunBefores.evaluate(RunBefores.java:26)
	at org.junit.runners.ParentRunner.run(ParentRunner.java:363)
	at org.apache.maven.surefire.junit4.JUnit4Provider.execute(JUnit4Provider.java:252)
	at org.apache.maven.surefire.junit4.JUnit4Provider.executeTestSet(JUnit4Provider.java:141)
	at org.apache.maven.surefire.junit4.JUnit4Provider.invoke(JUnit4Provider.java:112)
	at sun.reflect.NativeMethodAccessorImpl.invoke0(Native Method)
	at sun.reflect.NativeMethodAccessorImpl.invoke(NativeMethodAccessorImpl.java:62)
	at sun.reflect.DelegatingMethodAccessorImpl.invoke(DelegatingMethodAccessorImpl.java:43)
	at java.lang.reflect.Method.invoke(Method.java:498)
	at org.apache.maven.surefire.util.ReflectionUtils.invokeMethodWithArray(ReflectionUtils.java:189)
	at org.apache.maven.surefire.booter.ProviderFactory$ProviderProxy.invoke(ProviderFactory.java:165)
	at org.apache.maven.surefire.booter.ProviderFactory.invokeProvider(ProviderFactory.java:85)
	at org.apache.maven.surefire.booter.ForkedBooter.runSuitesInProcess(ForkedBooter.java:115)
	at org.apache.maven.surefire.booter.ForkedBooter.main(ForkedBooter.java:75)

testDerivedFacetsWithPostProcessing(eu.clarin.cmdi.vlo.importer.MetadataImporterTest)  Time elapsed: 1.568 sec  <<< FAILURE!
java.lang.AssertionError: Language code -> language name post processing expected:<Dutch> but was:<null>
	at org.junit.Assert.fail(Assert.java:88)
	at org.junit.Assert.failNotEquals(Assert.java:834)
	at org.junit.Assert.assertEquals(Assert.java:118)
	at eu.clarin.cmdi.vlo.importer.MetadataImporterTest.testDerivedFacetsWithPostProcessing(MetadataImporterTest.java:278)
	at sun.reflect.NativeMethodAccessorImpl.invoke0(Native Method)
	at sun.reflect.NativeMethodAccessorImpl.invoke(NativeMethodAccessorImpl.java:62)
	at sun.reflect.DelegatingMethodAccessorImpl.invoke(DelegatingMethodAccessorImpl.java:43)
	at java.lang.reflect.Method.invoke(Method.java:498)
	at org.junit.runners.model.FrameworkMethod$1.runReflectiveCall(FrameworkMethod.java:50)
	at org.junit.internal.runners.model.ReflectiveCallable.run(ReflectiveCallable.java:12)
	at org.junit.runners.model.FrameworkMethod.invokeExplosively(FrameworkMethod.java:47)
	at org.junit.internal.runners.statements.InvokeMethod.evaluate(InvokeMethod.java:17)
	at org.junit.internal.runners.statements.RunBefores.evaluate(RunBefores.java:26)
	at org.junit.rules.ExternalResource$1.evaluate(ExternalResource.java:48)
	at org.junit.rules.RunRules.evaluate(RunRules.java:20)
	at org.junit.runners.ParentRunner.runLeaf(ParentRunner.java:325)
	at org.junit.runners.BlockJUnit4ClassRunner.runChild(BlockJUnit4ClassRunner.java:78)
	at org.junit.runners.BlockJUnit4ClassRunner.runChild(BlockJUnit4ClassRunner.java:57)
	at org.junit.runners.ParentRunner$3.run(ParentRunner.java:290)
	at org.junit.runners.ParentRunner$1.schedule(ParentRunner.java:71)
	at org.junit.runners.ParentRunner.runChildren(ParentRunner.java:288)
	at org.junit.runners.ParentRunner.access$000(ParentRunner.java:58)
	at org.junit.runners.ParentRunner$2.evaluate(ParentRunner.java:268)
	at org.junit.internal.runners.statements.RunBefores.evaluate(RunBefores.java:26)
	at org.junit.runners.ParentRunner.run(ParentRunner.java:363)
	at org.apache.maven.surefire.junit4.JUnit4Provider.execute(JUnit4Provider.java:252)
	at org.apache.maven.surefire.junit4.JUnit4Provider.executeTestSet(JUnit4Provider.java:141)
	at org.apache.maven.surefire.junit4.JUnit4Provider.invoke(JUnit4Provider.java:112)
	at sun.reflect.NativeMethodAccessorImpl.invoke0(Native Method)
	at sun.reflect.NativeMethodAccessorImpl.invoke(NativeMethodAccessorImpl.java:62)
	at sun.reflect.DelegatingMethodAccessorImpl.invoke(DelegatingMethodAccessorImpl.java:43)
	at java.lang.reflect.Method.invoke(Method.java:498)
	at org.apache.maven.surefire.util.ReflectionUtils.invokeMethodWithArray(ReflectionUtils.java:189)
	at org.apache.maven.surefire.booter.ProviderFactory$ProviderProxy.invoke(ProviderFactory.java:165)
	at org.apache.maven.surefire.booter.ProviderFactory.invokeProvider(ProviderFactory.java:85)
	at org.apache.maven.surefire.booter.ForkedBooter.runSuitesInProcess(ForkedBooter.java:115)
	at org.apache.maven.surefire.booter.ForkedBooter.main(ForkedBooter.java:75)

testDefaultValuePostProcessing(eu.clarin.cmdi.vlo.importer.MetadataImporterTest)  Time elapsed: 15.956 sec  <<< FAILURE!
java.lang.AssertionError: Explicit license filled in from availability expected:<PUB> but was:<null>
	at org.junit.Assert.fail(Assert.java:88)
	at org.junit.Assert.failNotEquals(Assert.java:834)
	at org.junit.Assert.assertEquals(Assert.java:118)
	at eu.clarin.cmdi.vlo.importer.MetadataImporterTest.testDefaultValuePostProcessing(MetadataImporterTest.java:308)
	at sun.reflect.NativeMethodAccessorImpl.invoke0(Native Method)
	at sun.reflect.NativeMethodAccessorImpl.invoke(NativeMethodAccessorImpl.java:62)
	at sun.reflect.DelegatingMethodAccessorImpl.invoke(DelegatingMethodAccessorImpl.java:43)
	at java.lang.reflect.Method.invoke(Method.java:498)
	at org.junit.runners.model.FrameworkMethod$1.runReflectiveCall(FrameworkMethod.java:50)
	at org.junit.internal.runners.model.ReflectiveCallable.run(ReflectiveCallable.java:12)
	at org.junit.runners.model.FrameworkMethod.invokeExplosively(FrameworkMethod.java:47)
	at org.junit.internal.runners.statements.InvokeMethod.evaluate(InvokeMethod.java:17)
	at org.junit.internal.runners.statements.RunBefores.evaluate(RunBefores.java:26)
	at org.junit.rules.ExternalResource$1.evaluate(ExternalResource.java:48)
	at org.junit.rules.RunRules.evaluate(RunRules.java:20)
	at org.junit.runners.ParentRunner.runLeaf(ParentRunner.java:325)
	at org.junit.runners.BlockJUnit4ClassRunner.runChild(BlockJUnit4ClassRunner.java:78)
	at org.junit.runners.BlockJUnit4ClassRunner.runChild(BlockJUnit4ClassRunner.java:57)
	at org.junit.runners.ParentRunner$3.run(ParentRunner.java:290)
	at org.junit.runners.ParentRunner$1.schedule(ParentRunner.java:71)
	at org.junit.runners.ParentRunner.runChildren(ParentRunner.java:288)
	at org.junit.runners.ParentRunner.access$000(ParentRunner.java:58)
	at org.junit.runners.ParentRunner$2.evaluate(ParentRunner.java:268)
	at org.junit.internal.runners.statements.RunBefores.evaluate(RunBefores.java:26)
	at org.junit.runners.ParentRunner.run(ParentRunner.java:363)
	at org.apache.maven.surefire.junit4.JUnit4Provider.execute(JUnit4Provider.java:252)
	at org.apache.maven.surefire.junit4.JUnit4Provider.executeTestSet(JUnit4Provider.java:141)
	at org.apache.maven.surefire.junit4.JUnit4Provider.invoke(JUnit4Provider.java:112)
	at sun.reflect.NativeMethodAccessorImpl.invoke0(Native Method)
	at sun.reflect.NativeMethodAccessorImpl.invoke(NativeMethodAccessorImpl.java:62)
	at sun.reflect.DelegatingMethodAccessorImpl.invoke(DelegatingMethodAccessorImpl.java:43)
	at java.lang.reflect.Method.invoke(Method.java:498)
	at org.apache.maven.surefire.util.ReflectionUtils.invokeMethodWithArray(ReflectionUtils.java:189)
	at org.apache.maven.surefire.booter.ProviderFactory$ProviderProxy.invoke(ProviderFactory.java:165)
	at org.apache.maven.surefire.booter.ProviderFactory.invokeProvider(ProviderFactory.java:85)
	at org.apache.maven.surefire.booter.ForkedBooter.runSuitesInProcess(ForkedBooter.java:115)
	at org.apache.maven.surefire.booter.ForkedBooter.main(ForkedBooter.java:75)

Running eu.clarin.cmdi.vlo.importer.AvailabilityPostNormalizerTest
2018-08-13 18:17:11,531 DEBUG [      test-main] [AbstractXmlVloConfigFactory#newConfig:48] - Config location: file:/root/workspace/clarin-eric/VLO/415509045/vlo-commons/target/classes/VloConfig.xml
Tests run: 1, Failures: 0, Errors: 0, Skipped: 0, Time elapsed: 0.017 sec
Running eu.clarin.cmdi.vlo.importer.normalizer.CMDIComponentProfileNamePostNormalizerTest
2018-08-13 18:17:11,556 DEBUG [      test-main] [AbstractXmlVloConfigFactory#newConfig:48] - Config location: file:/root/workspace/clarin-eric/VLO/415509045/vlo-commons/target/classes/VloConfig.xml
2018-08-13 18:17:11,579 DEBUG [      test-main] [CMDIComponentProfileNamePostNormalizer#calculate:66] - PARSING PROFILE: http://catalog.clarin.eu/ds/ComponentRegistry/rest/registry/1.x/profiles/clarin.eu:cr1:p_1282306194508
2018-08-13 18:17:11,579 DEBUG [      test-main] [CMDIComponentProfileNamePostNormalizerTest#getInputStream:44] - Profile definition from static resources: /testProfiles/clarin.eu:cr1:p_1282306194508.xml
2018-08-13 18:17:11,580 DEBUG [      test-main] [CMDIComponentProfileNamePostNormalizer#calculate:77] - PARSED PROFILE: http://catalog.clarin.eu/ds/ComponentRegistry/rest/registry/1.x/profiles/clarin.eu:cr1:p_1282306194508
2018-08-13 18:17:11,584 DEBUG [      test-main] [CMDIComponentProfileNamePostNormalizer#calculate:66] - PARSING PROFILE: http://catalog.clarin.eu/ds/ComponentRegistry/rest/registry/1.x/profiles/clarin.xx:cr1:p_1282zzz
2018-08-13 18:17:11,585 DEBUG [      test-main] [CMDIComponentProfileNamePostNormalizerTest#getInputStream:44] - Profile definition from static resources: /testProfiles/clarin.xx:cr1:p_1282zzz.xml
2018-08-13 18:17:11,586  INFO [      test-main] [CMDIComponentProfileNamePostNormalizerTest#getInputStream:47] - No static resource {}, using default method/testProfiles/clarin.xx:cr1:p_1282zzz.xml
2018-08-13 18:17:11,586 DEBUG [      test-main] [CMDIComponentProfileNamePostNormalizer#getInputStream:84] - Opening input stream at http://catalog.clarin.eu/ds/ComponentRegistry/rest/registry/1.x/profiles/clarin.xx:cr1:p_1282zzz/xml
2018-08-13 18:17:11,651 ERROR [      test-main] [CMDIComponentProfileNamePostNormalizer#lambda$process$0:48] - Error while looking up profile name for profile clarin.xx:cr1:p_1282zzz
java.io.FileNotFoundException: http://catalog.clarin.eu/ds/ComponentRegistry/rest/registry/1.x/profiles/clarin.xx:cr1:p_1282zzz/xml
	at sun.net.www.protocol.http.HttpURLConnection.getInputStream0(HttpURLConnection.java:1872)
	at sun.net.www.protocol.http.HttpURLConnection.getInputStream(HttpURLConnection.java:1474)
	at java.net.URL.openStream(URL.java:1045)
	at eu.clarin.cmdi.vlo.importer.normalizer.CMDIComponentProfileNamePostNormalizer.getInputStream(CMDIComponentProfileNamePostNormalizer.java:85)
	at eu.clarin.cmdi.vlo.importer.normalizer.CMDIComponentProfileNamePostNormalizerTest$1.getInputStream(CMDIComponentProfileNamePostNormalizerTest.java:48)
	at eu.clarin.cmdi.vlo.importer.normalizer.CMDIComponentProfileNamePostNormalizer.calculate(CMDIComponentProfileNamePostNormalizer.java:68)
	at eu.clarin.cmdi.vlo.importer.normalizer.CMDIComponentProfileNamePostNormalizer.lambda$process$0(CMDIComponentProfileNamePostNormalizer.java:46)
	at java.util.concurrent.ConcurrentHashMap.computeIfAbsent(ConcurrentHashMap.java:1660)
	at eu.clarin.cmdi.vlo.importer.normalizer.CMDIComponentProfileNamePostNormalizer.process(CMDIComponentProfileNamePostNormalizer.java:44)
	at eu.clarin.cmdi.vlo.importer.normalizer.CMDIComponentProfileNamePostNormalizerTest.testProcessNonExistingProfile(CMDIComponentProfileNamePostNormalizerTest.java:73)
	at sun.reflect.NativeMethodAccessorImpl.invoke0(Native Method)
	at sun.reflect.NativeMethodAccessorImpl.invoke(NativeMethodAccessorImpl.java:62)
	at sun.reflect.DelegatingMethodAccessorImpl.invoke(DelegatingMethodAccessorImpl.java:43)
	at java.lang.reflect.Method.invoke(Method.java:498)
	at org.junit.runners.model.FrameworkMethod$1.runReflectiveCall(FrameworkMethod.java:50)
	at org.junit.internal.runners.model.ReflectiveCallable.run(ReflectiveCallable.java:12)
	at org.junit.runners.model.FrameworkMethod.invokeExplosively(FrameworkMethod.java:47)
	at org.junit.internal.runners.statements.InvokeMethod.evaluate(InvokeMethod.java:17)
	at org.junit.internal.runners.statements.RunBefores.evaluate(RunBefores.java:26)
	at org.junit.rules.ExternalResource$1.evaluate(ExternalResource.java:48)
	at org.junit.rules.RunRules.evaluate(RunRules.java:20)
	at org.junit.runners.ParentRunner.runLeaf(ParentRunner.java:325)
	at org.junit.runners.BlockJUnit4ClassRunner.runChild(BlockJUnit4ClassRunner.java:78)
	at org.junit.runners.BlockJUnit4ClassRunner.runChild(BlockJUnit4ClassRunner.java:57)
	at org.junit.runners.ParentRunner$3.run(ParentRunner.java:290)
	at org.junit.runners.ParentRunner$1.schedule(ParentRunner.java:71)
	at org.junit.runners.ParentRunner.runChildren(ParentRunner.java:288)
	at org.junit.runners.ParentRunner.access$000(ParentRunner.java:58)
	at org.junit.runners.ParentRunner$2.evaluate(ParentRunner.java:268)
	at org.junit.internal.runners.statements.RunBefores.evaluate(RunBefores.java:26)
	at org.junit.runners.ParentRunner.run(ParentRunner.java:363)
	at org.apache.maven.surefire.junit4.JUnit4Provider.execute(JUnit4Provider.java:252)
	at org.apache.maven.surefire.junit4.JUnit4Provider.executeTestSet(JUnit4Provider.java:141)
	at org.apache.maven.surefire.junit4.JUnit4Provider.invoke(JUnit4Provider.java:112)
	at sun.reflect.NativeMethodAccessorImpl.invoke0(Native Method)
	at sun.reflect.NativeMethodAccessorImpl.invoke(NativeMethodAccessorImpl.java:62)
	at sun.reflect.DelegatingMethodAccessorImpl.invoke(DelegatingMethodAccessorImpl.java:43)
	at java.lang.reflect.Method.invoke(Method.java:498)
	at org.apache.maven.surefire.util.ReflectionUtils.invokeMethodWithArray(ReflectionUtils.java:189)
	at org.apache.maven.surefire.booter.ProviderFactory$ProviderProxy.invoke(ProviderFactory.java:165)
	at org.apache.maven.surefire.booter.ProviderFactory.invokeProvider(ProviderFactory.java:85)
	at org.apache.maven.surefire.booter.ForkedBooter.runSuitesInProcess(ForkedBooter.java:115)
	at org.apache.maven.surefire.booter.ForkedBooter.main(ForkedBooter.java:75)
Tests run: 2, Failures: 0, Errors: 0, Skipped: 0, Time elapsed: 0.098 sec
Running eu.clarin.cmdi.vlo.importer.CMDIDataProcessorTest
2018-08-13 18:17:11,656 DEBUG [      test-main] [AbstractXmlVloConfigFactory#newConfig:48] - Config location: file:/root/workspace/clarin-eric/VLO/415509045/vlo-commons/target/classes/VloConfig.xml
2018-08-13 18:17:11,675 DEBUG [      test-main] [MappingDefinitionResolver#getUrlStream:71] - Not a valid vocabulary URL / URI: /root/workspace/clarin-eric/VLO/415509045/vlo-importer/target/test-classes/facetConceptsTest.xml
2018-08-13 18:17:11,675  INFO [      test-main] [VLOMarshaller#lambda$getFacetConceptMapping$0:62] - Unmarshalling facet concepts definition from file /root/workspace/clarin-eric/VLO/415509045/vlo-importer/target/test-classes/facetConceptsTest.xml
2018-08-13 18:17:11,683 DEBUG [      test-main] [FacetMappingFactory#createBaseMapping:113] - Creating base mapping
2018-08-13 18:17:11,683  INFO [      test-main] [ValueMappingFactoryDOMImpl#createValueMapping:42] - Parsing value mapping in /root/workspace/clarin-eric/VLO/415509045/vlo-importer/target/test-classes/valueMappingsTest.xml
2018-08-13 18:17:11,683 DEBUG [      test-main] [MappingDefinitionResolver#getUrlStream:71] - Not a valid vocabulary URL / URI: /root/workspace/clarin-eric/VLO/415509045/vlo-importer/target/test-classes/valueMappingsTest.xml
2018-08-13 18:17:11,684  INFO [      test-main] [ValueMappingFactoryDOMImpl#createValueMapping:52] - Found 0 origin-facet nodes
2018-08-13 18:17:11,696 DEBUG [      test-main] [FacetMappingFactory#createMapping:156] - Creating mapping for null using /root/workspace/clarin-eric/VLO/415509045/vlo-importer/target/test-classes/facetConceptsTest.xml (useLocalXSDCache: null)
2018-08-13 18:17:11,705  INFO [      test-main] [LanguageCodeUtils#createCodeMap:147] - Creating language code map from file:/root/workspace/clarin-eric/VLO/415509045/vlo-importer/target/test-classes/catalog_clarin_eu/c_1271859438110.xml
2018-08-13 18:17:11,798 DEBUG [      test-main] [LanguageCodeUtils#createSilToIsoCodeMap:177] - Creating silToIso code map.
2018-08-13 18:17:11,831 DEBUG [      test-main] [LanguageCodeUtils#createReverseCodeMap:162] - Creating language code map.
2018-08-13 18:17:11,874 DEBUG [      test-main] [CMDIComponentProfileNamePostNormalizer#calculate:66] - PARSING PROFILE: http://catalog.clarin.eu/ds/ComponentRegistry/rest/registry/1.x/profiles/clarin.eu:cr1:p_1288172614026
2018-08-13 18:17:11,875 DEBUG [      test-main] [CMDIComponentProfileNamePostNormalizer#getInputStream:84] - Opening input stream at http://catalog.clarin.eu/ds/ComponentRegistry/rest/registry/1.x/profiles/clarin.eu:cr1:p_1288172614026/xml
2018-08-13 18:17:11,994 DEBUG [      test-main] [CMDIComponentProfileNamePostNormalizer#calculate:77] - PARSED PROFILE: http://catalog.clarin.eu/ds/ComponentRegistry/rest/registry/1.x/profiles/clarin.eu:cr1:p_1288172614026
2018-08-13 18:17:11,997 DEBUG [      test-main] [MappingDefinitionResolver#getUrlStream:71] - Not a valid vocabulary URL / URI: /root/workspace/clarin-eric/VLO/415509045/vlo-importer/target/test-classes/facetConceptsTest.xml
2018-08-13 18:17:11,997  INFO [      test-main] [VLOMarshaller#lambda$getFacetConceptMapping$0:62] - Unmarshalling facet concepts definition from file /root/workspace/clarin-eric/VLO/415509045/vlo-importer/target/test-classes/facetConceptsTest.xml
2018-08-13 18:17:12,003 DEBUG [      test-main] [FacetMappingFactory#createBaseMapping:113] - Creating base mapping
2018-08-13 18:17:12,004  INFO [      test-main] [ValueMappingFactoryDOMImpl#createValueMapping:42] - Parsing value mapping in /root/workspace/clarin-eric/VLO/415509045/vlo-importer/target/test-classes/valueMappingsTest.xml
2018-08-13 18:17:12,004 DEBUG [      test-main] [MappingDefinitionResolver#getUrlStream:71] - Not a valid vocabulary URL / URI: /root/workspace/clarin-eric/VLO/415509045/vlo-importer/target/test-classes/valueMappingsTest.xml
2018-08-13 18:17:12,005  INFO [      test-main] [ValueMappingFactoryDOMImpl#createValueMapping:52] - Found 0 origin-facet nodes
2018-08-13 18:17:12,006 DEBUG [      test-main] [FacetMappingFactory#createMapping:156] - Creating mapping for null using /root/workspace/clarin-eric/VLO/415509045/vlo-importer/target/test-classes/facetConceptsTest.xml (useLocalXSDCache: null)
2018-08-13 18:17:12,012 DEBUG [      test-main] [CMDIComponentProfileNamePostNormalizer#calculate:66] - PARSING PROFILE: http://catalog.clarin.eu/ds/ComponentRegistry/rest/registry/1.x/profiles/clarin.eu:cr1:p_1274880881885
2018-08-13 18:17:12,012 DEBUG [      test-main] [CMDIComponentProfileNamePostNormalizer#getInputStream:84] - Opening input stream at http://catalog.clarin.eu/ds/ComponentRegistry/rest/registry/1.x/profiles/clarin.eu:cr1:p_1274880881885/xml
2018-08-13 18:17:12,176 DEBUG [      test-main] [CMDIComponentProfileNamePostNormalizer#calculate:77] - PARSED PROFILE: http://catalog.clarin.eu/ds/ComponentRegistry/rest/registry/1.x/profiles/clarin.eu:cr1:p_1274880881885
2018-08-13 18:17:12,178 DEBUG [      test-main] [MappingDefinitionResolver#getUrlStream:71] - Not a valid vocabulary URL / URI: /root/workspace/clarin-eric/VLO/415509045/vlo-importer/target/test-classes/facetConceptsTest.xml
2018-08-13 18:17:12,178  INFO [      test-main] [VLOMarshaller#lambda$getFacetConceptMapping$0:62] - Unmarshalling facet concepts definition from file /root/workspace/clarin-eric/VLO/415509045/vlo-importer/target/test-classes/facetConceptsTest.xml
2018-08-13 18:17:12,183 DEBUG [      test-main] [FacetMappingFactory#createBaseMapping:113] - Creating base mapping
2018-08-13 18:17:12,184  INFO [      test-main] [ValueMappingFactoryDOMImpl#createValueMapping:42] - Parsing value mapping in /root/workspace/clarin-eric/VLO/415509045/vlo-importer/target/test-classes/valueMappingsTest.xml
2018-08-13 18:17:12,184 DEBUG [      test-main] [MappingDefinitionResolver#getUrlStream:71] - Not a valid vocabulary URL / URI: /root/workspace/clarin-eric/VLO/415509045/vlo-importer/target/test-classes/valueMappingsTest.xml
2018-08-13 18:17:12,185  INFO [      test-main] [ValueMappingFactoryDOMImpl#createValueMapping:52] - Found 0 origin-facet nodes
2018-08-13 18:17:12,187 DEBUG [      test-main] [FacetMappingFactory#createMapping:156] - Creating mapping for null using /root/workspace/clarin-eric/VLO/415509045/vlo-importer/target/test-classes/facetConceptsTest.xml (useLocalXSDCache: null)
2018-08-13 18:17:12,206 DEBUG [      test-main] [CMDIComponentProfileNamePostNormalizer#calculate:66] - PARSING PROFILE: http://catalog.clarin.eu/ds/ComponentRegistry/rest/registry/1.x/profiles/clarin.eu:cr1:p_1271859438204
2018-08-13 18:17:12,206 DEBUG [      test-main] [CMDIComponentProfileNamePostNormalizer#getInputStream:84] - Opening input stream at http://catalog.clarin.eu/ds/ComponentRegistry/rest/registry/1.x/profiles/clarin.eu:cr1:p_1271859438204/xml
2018-08-13 18:17:13,662 DEBUG [      test-main] [CMDIComponentProfileNamePostNormalizer#calculate:77] - PARSED PROFILE: http://catalog.clarin.eu/ds/ComponentRegistry/rest/registry/1.x/profiles/clarin.eu:cr1:p_1271859438204
2018-08-13 18:17:13,664 DEBUG [      test-main] [MappingDefinitionResolver#getUrlStream:71] - Not a valid vocabulary URL / URI: /root/workspace/clarin-eric/VLO/415509045/vlo-importer/target/test-classes/facetConceptsTest.xml
2018-08-13 18:17:13,665  INFO [      test-main] [VLOMarshaller#lambda$getFacetConceptMapping$0:62] - Unmarshalling facet concepts definition from file /root/workspace/clarin-eric/VLO/415509045/vlo-importer/target/test-classes/facetConceptsTest.xml
2018-08-13 18:17:13,670 DEBUG [      test-main] [FacetMappingFactory#createBaseMapping:113] - Creating base mapping
2018-08-13 18:17:13,670  INFO [      test-main] [ValueMappingFactoryDOMImpl#createValueMapping:42] - Parsing value mapping in /root/workspace/clarin-eric/VLO/415509045/vlo-importer/target/test-classes/valueMappingsTest.xml
2018-08-13 18:17:13,670 DEBUG [      test-main] [MappingDefinitionResolver#getUrlStream:71] - Not a valid vocabulary URL / URI: /root/workspace/clarin-eric/VLO/415509045/vlo-importer/target/test-classes/valueMappingsTest.xml
2018-08-13 18:17:13,671  INFO [      test-main] [ValueMappingFactoryDOMImpl#createValueMapping:52] - Found 0 origin-facet nodes
2018-08-13 18:17:13,673 DEBUG [      test-main] [FacetMappingFactory#createMapping:156] - Creating mapping for null using /root/workspace/clarin-eric/VLO/415509045/vlo-importer/target/test-classes/facetConceptsTest.xml (useLocalXSDCache: null)
2018-08-13 18:17:13,680  INFO [      test-main] [CountryNamePostNormalizer#createCountryCodeMap:55] - Creating country code map from file:/root/workspace/clarin-eric/VLO/415509045/vlo-importer/target/test-classes/catalog_clarin_eu/c_1271859438104.xml
2018-08-13 18:17:13,689 DEBUG [      test-main] [CMDIComponentProfileNamePostNormalizer#calculate:66] - PARSING PROFILE: http://catalog.clarin.eu/ds/ComponentRegistry/rest/registry/1.x/profiles/clarin.eu:cr1:p_1288172614026
2018-08-13 18:17:13,689 DEBUG [      test-main] [CMDIComponentProfileNamePostNormalizer#getInputStream:84] - Opening input stream at http://catalog.clarin.eu/ds/ComponentRegistry/rest/registry/1.x/profiles/clarin.eu:cr1:p_1288172614026/xml
2018-08-13 18:17:13,806 DEBUG [      test-main] [CMDIComponentProfileNamePostNormalizer#calculate:77] - PARSED PROFILE: http://catalog.clarin.eu/ds/ComponentRegistry/rest/registry/1.x/profiles/clarin.eu:cr1:p_1288172614026
2018-08-13 18:17:13,810 DEBUG [      test-main] [ResourceStructureGraph#addResource:65] - Duplicate resource vertex mdSelfLink: 
2018-08-13 18:17:13,813  INFO [      test-main] [CountryNamePostNormalizer#createCountryCodeMap:55] - Creating country code map from file:/root/workspace/clarin-eric/VLO/415509045/vlo-importer/target/test-classes/catalog_clarin_eu/c_1271859438104.xml
2018-08-13 18:17:13,819 DEBUG [      test-main] [CMDIComponentProfileNamePostNormalizer#calculate:66] - PARSING PROFILE: http://catalog.clarin.eu/ds/ComponentRegistry/rest/registry/1.x/profiles/clarin.eu:cr1:p_1288172614026
2018-08-13 18:17:13,819 DEBUG [      test-main] [CMDIComponentProfileNamePostNormalizer#getInputStream:84] - Opening input stream at http://catalog.clarin.eu/ds/ComponentRegistry/rest/registry/1.x/profiles/clarin.eu:cr1:p_1288172614026/xml
2018-08-13 18:17:13,937 DEBUG [      test-main] [CMDIComponentProfileNamePostNormalizer#calculate:77] - PARSED PROFILE: http://catalog.clarin.eu/ds/ComponentRegistry/rest/registry/1.x/profiles/clarin.eu:cr1:p_1288172614026
2018-08-13 18:17:13,940 DEBUG [      test-main] [ResourceStructureGraph#addResource:65] - Duplicate resource vertex mdSelfLink: 
2018-08-13 18:17:13,942  INFO [      test-main] [CountryNamePostNormalizer#createCountryCodeMap:55] - Creating country code map from file:/root/workspace/clarin-eric/VLO/415509045/vlo-importer/target/test-classes/catalog_clarin_eu/c_1271859438104.xml
2018-08-13 18:17:13,948 DEBUG [      test-main] [CMDIComponentProfileNamePostNormalizer#calculate:66] - PARSING PROFILE: http://catalog.clarin.eu/ds/ComponentRegistry/rest/registry/1.x/profiles/clarin.eu:cr1:p_1288172614026
2018-08-13 18:17:13,948 DEBUG [      test-main] [CMDIComponentProfileNamePostNormalizer#getInputStream:84] - Opening input stream at http://catalog.clarin.eu/ds/ComponentRegistry/rest/registry/1.x/profiles/clarin.eu:cr1:p_1288172614026/xml
2018-08-13 18:17:14,066 DEBUG [      test-main] [CMDIComponentProfileNamePostNormalizer#calculate:77] - PARSED PROFILE: http://catalog.clarin.eu/ds/ComponentRegistry/rest/registry/1.x/profiles/clarin.eu:cr1:p_1288172614026
2018-08-13 18:17:14,069 DEBUG [      test-main] [MappingDefinitionResolver#getUrlStream:71] - Not a valid vocabulary URL / URI: /root/workspace/clarin-eric/VLO/415509045/vlo-importer/target/test-classes/facetConceptsTest.xml
2018-08-13 18:17:14,069  INFO [      test-main] [VLOMarshaller#lambda$getFacetConceptMapping$0:62] - Unmarshalling facet concepts definition from file /root/workspace/clarin-eric/VLO/415509045/vlo-importer/target/test-classes/facetConceptsTest.xml
2018-08-13 18:17:14,074 DEBUG [      test-main] [FacetMappingFactory#createBaseMapping:113] - Creating base mapping
2018-08-13 18:17:14,074  INFO [      test-main] [ValueMappingFactoryDOMImpl#createValueMapping:42] - Parsing value mapping in /root/workspace/clarin-eric/VLO/415509045/vlo-importer/target/test-classes/valueMappingsTest.xml
2018-08-13 18:17:14,074 DEBUG [      test-main] [MappingDefinitionResolver#getUrlStream:71] - Not a valid vocabulary URL / URI: /root/workspace/clarin-eric/VLO/415509045/vlo-importer/target/test-classes/valueMappingsTest.xml
2018-08-13 18:17:14,075  INFO [      test-main] [ValueMappingFactoryDOMImpl#createValueMapping:52] - Found 0 origin-facet nodes
2018-08-13 18:17:14,077 DEBUG [      test-main] [FacetMappingFactory#createMapping:156] - Creating mapping for null using /root/workspace/clarin-eric/VLO/415509045/vlo-importer/target/test-classes/facetConceptsTest.xml (useLocalXSDCache: null)
2018-08-13 18:17:14,087 DEBUG [      test-main] [CMDIComponentProfileNamePostNormalizer#calculate:66] - PARSING PROFILE: http://catalog.clarin.eu/ds/ComponentRegistry/rest/registry/1.x/profiles/clarin.eu:cr1:p_1288172614026
2018-08-13 18:17:14,087 DEBUG [      test-main] [CMDIComponentProfileNamePostNormalizer#getInputStream:84] - Opening input stream at http://catalog.clarin.eu/ds/ComponentRegistry/rest/registry/1.x/profiles/clarin.eu:cr1:p_1288172614026/xml
2018-08-13 18:17:14,204 DEBUG [      test-main] [CMDIComponentProfileNamePostNormalizer#calculate:77] - PARSED PROFILE: http://catalog.clarin.eu/ds/ComponentRegistry/rest/registry/1.x/profiles/clarin.eu:cr1:p_1288172614026
2018-08-13 18:17:14,206 DEBUG [      test-main] [MappingDefinitionResolver#getUrlStream:71] - Not a valid vocabulary URL / URI: /root/workspace/clarin-eric/VLO/415509045/vlo-importer/target/test-classes/facetConceptsTest.xml
2018-08-13 18:17:14,206  INFO [      test-main] [VLOMarshaller#lambda$getFacetConceptMapping$0:62] - Unmarshalling facet concepts definition from file /root/workspace/clarin-eric/VLO/415509045/vlo-importer/target/test-classes/facetConceptsTest.xml
2018-08-13 18:17:14,211 DEBUG [      test-main] [FacetMappingFactory#createBaseMapping:113] - Creating base mapping
2018-08-13 18:17:14,211  INFO [      test-main] [ValueMappingFactoryDOMImpl#createValueMapping:42] - Parsing value mapping in /root/workspace/clarin-eric/VLO/415509045/vlo-importer/target/test-classes/valueMappingsTest.xml
2018-08-13 18:17:14,212 DEBUG [      test-main] [MappingDefinitionResolver#getUrlStream:71] - Not a valid vocabulary URL / URI: /root/workspace/clarin-eric/VLO/415509045/vlo-importer/target/test-classes/valueMappingsTest.xml
2018-08-13 18:17:14,212  INFO [      test-main] [ValueMappingFactoryDOMImpl#createValueMapping:52] - Found 0 origin-facet nodes
2018-08-13 18:17:14,214 DEBUG [      test-main] [FacetMappingFactory#createMapping:156] - Creating mapping for null using /root/workspace/clarin-eric/VLO/415509045/vlo-importer/target/test-classes/facetConceptsTest.xml (useLocalXSDCache: null)
2018-08-13 18:17:14,232  INFO [      test-main] [CountryNamePostNormalizer#createCountryCodeMap:55] - Creating country code map from file:/root/workspace/clarin-eric/VLO/415509045/vlo-importer/target/test-classes/catalog_clarin_eu/c_1271859438104.xml
2018-08-13 18:17:14,251 DEBUG [      test-main] [CMDIComponentProfileNamePostNormalizer#calculate:66] - PARSING PROFILE: http://catalog.clarin.eu/ds/ComponentRegistry/rest/registry/1.x/profiles/clarin.eu:cr1:p_1271859438204
2018-08-13 18:17:14,252 DEBUG [      test-main] [CMDIComponentProfileNamePostNormalizer#getInputStream:84] - Opening input stream at http://catalog.clarin.eu/ds/ComponentRegistry/rest/registry/1.x/profiles/clarin.eu:cr1:p_1271859438204/xml
2018-08-13 18:17:15,753 DEBUG [      test-main] [CMDIComponentProfileNamePostNormalizer#calculate:77] - PARSED PROFILE: http://catalog.clarin.eu/ds/ComponentRegistry/rest/registry/1.x/profiles/clarin.eu:cr1:p_1271859438204
2018-08-13 18:17:15,756 DEBUG [      test-main] [MappingDefinitionResolver#getUrlStream:71] - Not a valid vocabulary URL / URI: /root/workspace/clarin-eric/VLO/415509045/vlo-importer/target/test-classes/facetConceptsTest.xml
2018-08-13 18:17:15,756  INFO [      test-main] [VLOMarshaller#lambda$getFacetConceptMapping$0:62] - Unmarshalling facet concepts definition from file /root/workspace/clarin-eric/VLO/415509045/vlo-importer/target/test-classes/facetConceptsTest.xml
2018-08-13 18:17:15,761 DEBUG [      test-main] [FacetMappingFactory#createBaseMapping:113] - Creating base mapping
2018-08-13 18:17:15,761  INFO [      test-main] [ValueMappingFactoryDOMImpl#createValueMapping:42] - Parsing value mapping in /root/workspace/clarin-eric/VLO/415509045/vlo-importer/target/test-classes/valueMappingsTest.xml
2018-08-13 18:17:15,761 DEBUG [      test-main] [MappingDefinitionResolver#getUrlStream:71] - Not a valid vocabulary URL / URI: /root/workspace/clarin-eric/VLO/415509045/vlo-importer/target/test-classes/valueMappingsTest.xml
2018-08-13 18:17:15,762  INFO [      test-main] [ValueMappingFactoryDOMImpl#createValueMapping:52] - Found 0 origin-facet nodes
2018-08-13 18:17:15,764 DEBUG [      test-main] [FacetMappingFactory#createMapping:156] - Creating mapping for null using /root/workspace/clarin-eric/VLO/415509045/vlo-importer/target/test-classes/facetConceptsTest.xml (useLocalXSDCache: null)
2018-08-13 18:17:15,805  INFO [      test-main] [CountryNamePostNormalizer#createCountryCodeMap:55] - Creating country code map from file:/root/workspace/clarin-eric/VLO/415509045/vlo-importer/target/test-classes/catalog_clarin_eu/c_1271859438104.xml
2018-08-13 18:17:15,823 DEBUG [      test-main] [CMDIComponentProfileNamePostNormalizer#calculate:66] - PARSING PROFILE: http://catalog.clarin.eu/ds/ComponentRegistry/rest/registry/1.x/profiles/clarin.eu:cr1:p_1289827960126
2018-08-13 18:17:15,823 DEBUG [      test-main] [CMDIComponentProfileNamePostNormalizer#getInputStream:84] - Opening input stream at http://catalog.clarin.eu/ds/ComponentRegistry/rest/registry/1.x/profiles/clarin.eu:cr1:p_1289827960126/xml
2018-08-13 18:17:16,230 DEBUG [      test-main] [CMDIComponentProfileNamePostNormalizer#calculate:77] - PARSED PROFILE: http://catalog.clarin.eu/ds/ComponentRegistry/rest/registry/1.x/profiles/clarin.eu:cr1:p_1289827960126
2018-08-13 18:17:16,233 DEBUG [      test-main] [MappingDefinitionResolver#getUrlStream:71] - Not a valid vocabulary URL / URI: /root/workspace/clarin-eric/VLO/415509045/vlo-importer/target/test-classes/facetConceptsTest.xml
2018-08-13 18:17:16,233  INFO [      test-main] [VLOMarshaller#lambda$getFacetConceptMapping$0:62] - Unmarshalling facet concepts definition from file /root/workspace/clarin-eric/VLO/415509045/vlo-importer/target/test-classes/facetConceptsTest.xml
2018-08-13 18:17:16,238 DEBUG [      test-main] [FacetMappingFactory#createBaseMapping:113] - Creating base mapping
2018-08-13 18:17:16,238  INFO [      test-main] [ValueMappingFactoryDOMImpl#createValueMapping:42] - Parsing value mapping in /root/workspace/clarin-eric/VLO/415509045/vlo-importer/target/test-classes/valueMappingsTest.xml
2018-08-13 18:17:16,238 DEBUG [      test-main] [MappingDefinitionResolver#getUrlStream:71] - Not a valid vocabulary URL / URI: /root/workspace/clarin-eric/VLO/415509045/vlo-importer/target/test-classes/valueMappingsTest.xml
2018-08-13 18:17:16,239  INFO [      test-main] [ValueMappingFactoryDOMImpl#createValueMapping:52] - Found 0 origin-facet nodes
2018-08-13 18:17:16,240 DEBUG [      test-main] [FacetMappingFactory#createMapping:156] - Creating mapping for null using /root/workspace/clarin-eric/VLO/415509045/vlo-importer/target/test-classes/facetConceptsTest.xml (useLocalXSDCache: null)
2018-08-13 18:17:16,252  INFO [      test-main] [CountryNamePostNormalizer#createCountryCodeMap:55] - Creating country code map from file:/root/workspace/clarin-eric/VLO/415509045/vlo-importer/target/test-classes/catalog_clarin_eu/c_1271859438104.xml
2018-08-13 18:17:16,270 DEBUG [      test-main] [CMDIComponentProfileNamePostNormalizer#calculate:66] - PARSING PROFILE: http://catalog.clarin.eu/ds/ComponentRegistry/rest/registry/1.x/profiles/clarin.eu:cr1:p_1288172614026
2018-08-13 18:17:16,270 DEBUG [      test-main] [CMDIComponentProfileNamePostNormalizer#getInputStream:84] - Opening input stream at http://catalog.clarin.eu/ds/ComponentRegistry/rest/registry/1.x/profiles/clarin.eu:cr1:p_1288172614026/xml
2018-08-13 18:17:16,387 DEBUG [      test-main] [CMDIComponentProfileNamePostNormalizer#calculate:77] - PARSED PROFILE: http://catalog.clarin.eu/ds/ComponentRegistry/rest/registry/1.x/profiles/clarin.eu:cr1:p_1288172614026
2018-08-13 18:17:16,390 DEBUG [      test-main] [MappingDefinitionResolver#getUrlStream:71] - Not a valid vocabulary URL / URI: /root/workspace/clarin-eric/VLO/415509045/vlo-importer/target/test-classes/facetConceptsTest.xml
2018-08-13 18:17:16,390  INFO [      test-main] [VLOMarshaller#lambda$getFacetConceptMapping$0:62] - Unmarshalling facet concepts definition from file /root/workspace/clarin-eric/VLO/415509045/vlo-importer/target/test-classes/facetConceptsTest.xml
2018-08-13 18:17:16,394 DEBUG [      test-main] [FacetMappingFactory#createBaseMapping:113] - Creating base mapping
2018-08-13 18:17:16,395  INFO [      test-main] [ValueMappingFactoryDOMImpl#createValueMapping:42] - Parsing value mapping in /root/workspace/clarin-eric/VLO/415509045/vlo-importer/target/test-classes/valueMappingsTest.xml
2018-08-13 18:17:16,395 DEBUG [      test-main] [MappingDefinitionResolver#getUrlStream:71] - Not a valid vocabulary URL / URI: /root/workspace/clarin-eric/VLO/415509045/vlo-importer/target/test-classes/valueMappingsTest.xml
2018-08-13 18:17:16,396  INFO [      test-main] [ValueMappingFactoryDOMImpl#createValueMapping:52] - Found 0 origin-facet nodes
2018-08-13 18:17:16,397 DEBUG [      test-main] [FacetMappingFactory#createMapping:156] - Creating mapping for null using /root/workspace/clarin-eric/VLO/415509045/vlo-importer/target/test-classes/facetConceptsTest.xml (useLocalXSDCache: null)
2018-08-13 18:17:16,409 DEBUG [      test-main] [CMDIComponentProfileNamePostNormalizer#calculate:66] - PARSING PROFILE: http://catalog.clarin.eu/ds/ComponentRegistry/rest/registry/1.x/profiles/clarin.eu:cr1:p_1288172614026
2018-08-13 18:17:16,409 DEBUG [      test-main] [CMDIComponentProfileNamePostNormalizer#getInputStream:84] - Opening input stream at http://catalog.clarin.eu/ds/ComponentRegistry/rest/registry/1.x/profiles/clarin.eu:cr1:p_1288172614026/xml
2018-08-13 18:17:16,526 DEBUG [      test-main] [CMDIComponentProfileNamePostNormalizer#calculate:77] - PARSED PROFILE: http://catalog.clarin.eu/ds/ComponentRegistry/rest/registry/1.x/profiles/clarin.eu:cr1:p_1288172614026
2018-08-13 18:17:16,528 DEBUG [      test-main] [MappingDefinitionResolver#getUrlStream:71] - Not a valid vocabulary URL / URI: /root/workspace/clarin-eric/VLO/415509045/vlo-importer/target/test-classes/facetConceptsTest.xml
2018-08-13 18:17:16,528  INFO [      test-main] [VLOMarshaller#lambda$getFacetConceptMapping$0:62] - Unmarshalling facet concepts definition from file /root/workspace/clarin-eric/VLO/415509045/vlo-importer/target/test-classes/facetConceptsTest.xml
2018-08-13 18:17:16,533 DEBUG [      test-main] [FacetMappingFactory#createBaseMapping:113] - Creating base mapping
2018-08-13 18:17:16,533  INFO [      test-main] [ValueMappingFactoryDOMImpl#createValueMapping:42] - Parsing value mapping in /root/workspace/clarin-eric/VLO/415509045/vlo-importer/target/test-classes/valueMappingsTest.xml
2018-08-13 18:17:16,533 DEBUG [      test-main] [MappingDefinitionResolver#getUrlStream:71] - Not a valid vocabulary URL / URI: /root/workspace/clarin-eric/VLO/415509045/vlo-importer/target/test-classes/valueMappingsTest.xml
2018-08-13 18:17:16,534  INFO [      test-main] [ValueMappingFactoryDOMImpl#createValueMapping:52] - Found 0 origin-facet nodes
2018-08-13 18:17:16,535 DEBUG [      test-main] [FacetMappingFactory#createMapping:156] - Creating mapping for null using /root/workspace/clarin-eric/VLO/415509045/vlo-importer/target/test-classes/facetConceptsTest.xml (useLocalXSDCache: null)
2018-08-13 18:17:16,545 DEBUG [      test-main] [CMDIComponentProfileNamePostNormalizer#calculate:66] - PARSING PROFILE: http://catalog.clarin.eu/ds/ComponentRegistry/rest/registry/1.x/profiles/clarin.eu:cr1:p_1288172614026
2018-08-13 18:17:16,545 DEBUG [      test-main] [CMDIComponentProfileNamePostNormalizer#getInputStream:84] - Opening input stream at http://catalog.clarin.eu/ds/ComponentRegistry/rest/registry/1.x/profiles/clarin.eu:cr1:p_1288172614026/xml
2018-08-13 18:17:16,661 DEBUG [      test-main] [CMDIComponentProfileNamePostNormalizer#calculate:77] - PARSED PROFILE: http://catalog.clarin.eu/ds/ComponentRegistry/rest/registry/1.x/profiles/clarin.eu:cr1:p_1288172614026
2018-08-13 18:17:16,663 DEBUG [      test-main] [MappingDefinitionResolver#getUrlStream:71] - Not a valid vocabulary URL / URI: /root/workspace/clarin-eric/VLO/415509045/vlo-importer/target/test-classes/facetConceptsTest.xml
2018-08-13 18:17:16,664  INFO [      test-main] [VLOMarshaller#lambda$getFacetConceptMapping$0:62] - Unmarshalling facet concepts definition from file /root/workspace/clarin-eric/VLO/415509045/vlo-importer/target/test-classes/facetConceptsTest.xml
2018-08-13 18:17:16,668 DEBUG [      test-main] [FacetMappingFactory#createBaseMapping:113] - Creating base mapping
2018-08-13 18:17:16,668  INFO [      test-main] [ValueMappingFactoryDOMImpl#createValueMapping:42] - Parsing value mapping in /root/workspace/clarin-eric/VLO/415509045/vlo-importer/target/test-classes/valueMappingsTest.xml
2018-08-13 18:17:16,669 DEBUG [      test-main] [MappingDefinitionResolver#getUrlStream:71] - Not a valid vocabulary URL / URI: /root/workspace/clarin-eric/VLO/415509045/vlo-importer/target/test-classes/valueMappingsTest.xml
2018-08-13 18:17:16,669  INFO [      test-main] [ValueMappingFactoryDOMImpl#createValueMapping:52] - Found 0 origin-facet nodes
2018-08-13 18:17:16,671 DEBUG [      test-main] [FacetMappingFactory#createMapping:156] - Creating mapping for null using /root/workspace/clarin-eric/VLO/415509045/vlo-importer/target/test-classes/facetConceptsTest.xml (useLocalXSDCache: null)
2018-08-13 18:17:16,687 DEBUG [      test-main] [FacetMappingFactory#createMapping:242] - Rejecting /cmd:CMD/cmd:Components/cmdp:teiHeader/cmdp:profileDesc/cmdp:textClass/cmdp:classCode/text() because of blacklisted substring /cmd:CMD/cmd:Components/cmdp:teiHeader/cmdp:profileDesc/cmdp:textClass
2018-08-13 18:17:16,694 DEBUG [      test-main] [CMDIComponentProfileNamePostNormalizer#calculate:66] - PARSING PROFILE: http://catalog.clarin.eu/ds/ComponentRegistry/rest/registry/1.x/profiles/clarin.eu:cr1:p_1380106710826
2018-08-13 18:17:16,694 DEBUG [      test-main] [CMDIComponentProfileNamePostNormalizer#getInputStream:84] - Opening input stream at http://catalog.clarin.eu/ds/ComponentRegistry/rest/registry/1.x/profiles/clarin.eu:cr1:p_1380106710826/xml
2018-08-13 18:17:18,288 DEBUG [      test-main] [CMDIComponentProfileNamePostNormalizer#calculate:77] - PARSED PROFILE: http://catalog.clarin.eu/ds/ComponentRegistry/rest/registry/1.x/profiles/clarin.eu:cr1:p_1380106710826
2018-08-13 18:17:18,292 DEBUG [      test-main] [MappingDefinitionResolver#getUrlStream:71] - Not a valid vocabulary URL / URI: /root/workspace/clarin-eric/VLO/415509045/vlo-importer/target/test-classes/facetConceptsTest.xml
2018-08-13 18:17:18,292  INFO [      test-main] [VLOMarshaller#lambda$getFacetConceptMapping$0:62] - Unmarshalling facet concepts definition from file /root/workspace/clarin-eric/VLO/415509045/vlo-importer/target/test-classes/facetConceptsTest.xml
2018-08-13 18:17:18,296 DEBUG [      test-main] [FacetMappingFactory#createBaseMapping:113] - Creating base mapping
2018-08-13 18:17:18,297  INFO [      test-main] [ValueMappingFactoryDOMImpl#createValueMapping:42] - Parsing value mapping in /root/workspace/clarin-eric/VLO/415509045/vlo-importer/target/test-classes/valueMappingsTest.xml
2018-08-13 18:17:18,297 DEBUG [      test-main] [MappingDefinitionResolver#getUrlStream:71] - Not a valid vocabulary URL / URI: /root/workspace/clarin-eric/VLO/415509045/vlo-importer/target/test-classes/valueMappingsTest.xml
2018-08-13 18:17:18,298  INFO [      test-main] [ValueMappingFactoryDOMImpl#createValueMapping:52] - Found 0 origin-facet nodes
2018-08-13 18:17:18,303 DEBUG [      test-main] [FacetMappingFactory#createMapping:156] - Creating mapping for null using /root/workspace/clarin-eric/VLO/415509045/vlo-importer/target/test-classes/facetConceptsTest.xml (useLocalXSDCache: null)
2018-08-13 18:17:18,325  INFO [      test-main] [CountryNamePostNormalizer#createCountryCodeMap:55] - Creating country code map from file:/root/workspace/clarin-eric/VLO/415509045/vlo-importer/target/test-classes/catalog_clarin_eu/c_1271859438104.xml
2018-08-13 18:17:18,356 DEBUG [      test-main] [CMDIComponentProfileNamePostNormalizer#calculate:66] - PARSING PROFILE: http://catalog.clarin.eu/ds/ComponentRegistry/rest/registry/1.x/profiles/clarin.eu:cr1:p_1271859438204
2018-08-13 18:17:18,357 DEBUG [      test-main] [CMDIComponentProfileNamePostNormalizer#getInputStream:84] - Opening input stream at http://catalog.clarin.eu/ds/ComponentRegistry/rest/registry/1.x/profiles/clarin.eu:cr1:p_1271859438204/xml
2018-08-13 18:17:20,055 DEBUG [      test-main] [CMDIComponentProfileNamePostNormalizer#calculate:77] - PARSED PROFILE: http://catalog.clarin.eu/ds/ComponentRegistry/rest/registry/1.x/profiles/clarin.eu:cr1:p_1271859438204
Tests run: 12, Failures: 3, Errors: 0, Skipped: 0, Time elapsed: 8.407 sec <<< FAILURE!
testOlac(eu.clarin.cmdi.vlo.importer.CMDIDataProcessorTest)  Time elapsed: 0.323 sec  <<< FAILURE!
java.lang.AssertionError: expected:<10> but was:<9>
	at org.junit.Assert.fail(Assert.java:88)
	at org.junit.Assert.failNotEquals(Assert.java:834)
	at org.junit.Assert.assertEquals(Assert.java:645)
	at org.junit.Assert.assertEquals(Assert.java:631)
	at eu.clarin.cmdi.vlo.importer.CMDIDataProcessorTest.testOlac(CMDIDataProcessorTest.java:595)
	at sun.reflect.NativeMethodAccessorImpl.invoke0(Native Method)
	at sun.reflect.NativeMethodAccessorImpl.invoke(NativeMethodAccessorImpl.java:62)
	at sun.reflect.DelegatingMethodAccessorImpl.invoke(DelegatingMethodAccessorImpl.java:43)
	at java.lang.reflect.Method.invoke(Method.java:498)
	at org.junit.runners.model.FrameworkMethod$1.runReflectiveCall(FrameworkMethod.java:50)
	at org.junit.internal.runners.model.ReflectiveCallable.run(ReflectiveCallable.java:12)
	at org.junit.runners.model.FrameworkMethod.invokeExplosively(FrameworkMethod.java:47)
	at org.junit.internal.runners.statements.InvokeMethod.evaluate(InvokeMethod.java:17)
	at org.junit.internal.runners.statements.RunBefores.evaluate(RunBefores.java:26)
	at org.junit.rules.ExternalResource$1.evaluate(ExternalResource.java:48)
	at org.junit.rules.RunRules.evaluate(RunRules.java:20)
	at org.junit.runners.ParentRunner.runLeaf(ParentRunner.java:325)
	at org.junit.runners.BlockJUnit4ClassRunner.runChild(BlockJUnit4ClassRunner.java:78)
	at org.junit.runners.BlockJUnit4ClassRunner.runChild(BlockJUnit4ClassRunner.java:57)
	at org.junit.runners.ParentRunner$3.run(ParentRunner.java:290)
	at org.junit.runners.ParentRunner$1.schedule(ParentRunner.java:71)
	at org.junit.runners.ParentRunner.runChildren(ParentRunner.java:288)
	at org.junit.runners.ParentRunner.access$000(ParentRunner.java:58)
	at org.junit.runners.ParentRunner$2.evaluate(ParentRunner.java:268)
	at org.junit.internal.runners.statements.RunBefores.evaluate(RunBefores.java:26)
	at org.junit.runners.ParentRunner.run(ParentRunner.java:363)
	at org.apache.maven.surefire.junit4.JUnit4Provider.execute(JUnit4Provider.java:252)
	at org.apache.maven.surefire.junit4.JUnit4Provider.executeTestSet(JUnit4Provider.java:141)
	at org.apache.maven.surefire.junit4.JUnit4Provider.invoke(JUnit4Provider.java:112)
	at sun.reflect.NativeMethodAccessorImpl.invoke0(Native Method)
	at sun.reflect.NativeMethodAccessorImpl.invoke(NativeMethodAccessorImpl.java:62)
	at sun.reflect.DelegatingMethodAccessorImpl.invoke(DelegatingMethodAccessorImpl.java:43)
	at java.lang.reflect.Method.invoke(Method.java:498)
	at org.apache.maven.surefire.util.ReflectionUtils.invokeMethodWithArray(ReflectionUtils.java:189)
	at org.apache.maven.surefire.booter.ProviderFactory$ProviderProxy.invoke(ProviderFactory.java:165)
	at org.apache.maven.surefire.booter.ProviderFactory.invokeProvider(ProviderFactory.java:85)
	at org.apache.maven.surefire.booter.ForkedBooter.runSuitesInProcess(ForkedBooter.java:115)
	at org.apache.maven.surefire.booter.ForkedBooter.main(ForkedBooter.java:75)

testLrtCollection(eu.clarin.cmdi.vlo.importer.CMDIDataProcessorTest)  Time elapsed: 0.477 sec  <<< FAILURE!
java.lang.AssertionError: expected:<Estonian> but was:<null>
	at org.junit.Assert.fail(Assert.java:88)
	at org.junit.Assert.failNotEquals(Assert.java:834)
	at org.junit.Assert.assertEquals(Assert.java:118)
	at org.junit.Assert.assertEquals(Assert.java:144)
	at eu.clarin.cmdi.vlo.importer.CMDIDataProcessorTest.testLrtCollection(CMDIDataProcessorTest.java:889)
	at sun.reflect.NativeMethodAccessorImpl.invoke0(Native Method)
	at sun.reflect.NativeMethodAccessorImpl.invoke(NativeMethodAccessorImpl.java:62)
	at sun.reflect.DelegatingMethodAccessorImpl.invoke(DelegatingMethodAccessorImpl.java:43)
	at java.lang.reflect.Method.invoke(Method.java:498)
	at org.junit.runners.model.FrameworkMethod$1.runReflectiveCall(FrameworkMethod.java:50)
	at org.junit.internal.runners.model.ReflectiveCallable.run(ReflectiveCallable.java:12)
	at org.junit.runners.model.FrameworkMethod.invokeExplosively(FrameworkMethod.java:47)
	at org.junit.internal.runners.statements.InvokeMethod.evaluate(InvokeMethod.java:17)
	at org.junit.internal.runners.statements.RunBefores.evaluate(RunBefores.java:26)
	at org.junit.rules.ExternalResource$1.evaluate(ExternalResource.java:48)
	at org.junit.rules.RunRules.evaluate(RunRules.java:20)
	at org.junit.runners.ParentRunner.runLeaf(ParentRunner.java:325)
	at org.junit.runners.BlockJUnit4ClassRunner.runChild(BlockJUnit4ClassRunner.java:78)
	at org.junit.runners.BlockJUnit4ClassRunner.runChild(BlockJUnit4ClassRunner.java:57)
	at org.junit.runners.ParentRunner$3.run(ParentRunner.java:290)
	at org.junit.runners.ParentRunner$1.schedule(ParentRunner.java:71)
	at org.junit.runners.ParentRunner.runChildren(ParentRunner.java:288)
	at org.junit.runners.ParentRunner.access$000(ParentRunner.java:58)
	at org.junit.runners.ParentRunner$2.evaluate(ParentRunner.java:268)
	at org.junit.internal.runners.statements.RunBefores.evaluate(RunBefores.java:26)
	at org.junit.runners.ParentRunner.run(ParentRunner.java:363)
	at org.apache.maven.surefire.junit4.JUnit4Provider.execute(JUnit4Provider.java:252)
	at org.apache.maven.surefire.junit4.JUnit4Provider.executeTestSet(JUnit4Provider.java:141)
	at org.apache.maven.surefire.junit4.JUnit4Provider.invoke(JUnit4Provider.java:112)
	at sun.reflect.NativeMethodAccessorImpl.invoke0(Native Method)
	at sun.reflect.NativeMethodAccessorImpl.invoke(NativeMethodAccessorImpl.java:62)
	at sun.reflect.DelegatingMethodAccessorImpl.invoke(DelegatingMethodAccessorImpl.java:43)
	at java.lang.reflect.Method.invoke(Method.java:498)
	at org.apache.maven.surefire.util.ReflectionUtils.invokeMethodWithArray(ReflectionUtils.java:189)
	at org.apache.maven.surefire.booter.ProviderFactory$ProviderProxy.invoke(ProviderFactory.java:165)
	at org.apache.maven.surefire.booter.ProviderFactory.invokeProvider(ProviderFactory.java:85)
	at org.apache.maven.surefire.booter.ForkedBooter.runSuitesInProcess(ForkedBooter.java:115)
	at org.apache.maven.surefire.booter.ForkedBooter.main(ForkedBooter.java:75)

testCreateCMDIDataFromSession(eu.clarin.cmdi.vlo.importer.CMDIDataProcessorTest)  Time elapsed: 1.771 sec  <<< FAILURE!
java.lang.AssertionError: expected:<English> but was:<null>
	at org.junit.Assert.fail(Assert.java:88)
	at org.junit.Assert.failNotEquals(Assert.java:834)
	at org.junit.Assert.assertEquals(Assert.java:118)
	at org.junit.Assert.assertEquals(Assert.java:144)
	at eu.clarin.cmdi.vlo.importer.CMDIDataProcessorTest.testCreateCMDIDataFromSession(CMDIDataProcessorTest.java:408)
	at sun.reflect.NativeMethodAccessorImpl.invoke0(Native Method)
	at sun.reflect.NativeMethodAccessorImpl.invoke(NativeMethodAccessorImpl.java:62)
	at sun.reflect.DelegatingMethodAccessorImpl.invoke(DelegatingMethodAccessorImpl.java:43)
	at java.lang.reflect.Method.invoke(Method.java:498)
	at org.junit.runners.model.FrameworkMethod$1.runReflectiveCall(FrameworkMethod.java:50)
	at org.junit.internal.runners.model.ReflectiveCallable.run(ReflectiveCallable.java:12)
	at org.junit.runners.model.FrameworkMethod.invokeExplosively(FrameworkMethod.java:47)
	at org.junit.internal.runners.statements.InvokeMethod.evaluate(InvokeMethod.java:17)
	at org.junit.internal.runners.statements.RunBefores.evaluate(RunBefores.java:26)
	at org.junit.rules.ExternalResource$1.evaluate(ExternalResource.java:48)
	at org.junit.rules.RunRules.evaluate(RunRules.java:20)
	at org.junit.runners.ParentRunner.runLeaf(ParentRunner.java:325)
	at org.junit.runners.BlockJUnit4ClassRunner.runChild(BlockJUnit4ClassRunner.java:78)
	at org.junit.runners.BlockJUnit4ClassRunner.runChild(BlockJUnit4ClassRunner.java:57)
	at org.junit.runners.ParentRunner$3.run(ParentRunner.java:290)
	at org.junit.runners.ParentRunner$1.schedule(ParentRunner.java:71)
	at org.junit.runners.ParentRunner.runChildren(ParentRunner.java:288)
	at org.junit.runners.ParentRunner.access$000(ParentRunner.java:58)
	at org.junit.runners.ParentRunner$2.evaluate(ParentRunner.java:268)
	at org.junit.internal.runners.statements.RunBefores.evaluate(RunBefores.java:26)
	at org.junit.runners.ParentRunner.run(ParentRunner.java:363)
	at org.apache.maven.surefire.junit4.JUnit4Provider.execute(JUnit4Provider.java:252)
	at org.apache.maven.surefire.junit4.JUnit4Provider.executeTestSet(JUnit4Provider.java:141)
	at org.apache.maven.surefire.junit4.JUnit4Provider.invoke(JUnit4Provider.java:112)
	at sun.reflect.NativeMethodAccessorImpl.invoke0(Native Method)
	at sun.reflect.NativeMethodAccessorImpl.invoke(NativeMethodAccessorImpl.java:62)
	at sun.reflect.DelegatingMethodAccessorImpl.invoke(DelegatingMethodAccessorImpl.java:43)
	at java.lang.reflect.Method.invoke(Method.java:498)
	at org.apache.maven.surefire.util.ReflectionUtils.invokeMethodWithArray(ReflectionUtils.java:189)
	at org.apache.maven.surefire.booter.ProviderFactory$ProviderProxy.invoke(ProviderFactory.java:165)
	at org.apache.maven.surefire.booter.ProviderFactory.invokeProvider(ProviderFactory.java:85)
	at org.apache.maven.surefire.booter.ForkedBooter.runSuitesInProcess(ForkedBooter.java:115)
	at org.apache.maven.surefire.booter.ForkedBooter.main(ForkedBooter.java:75)

Running eu.clarin.cmdi.vlo.importer.TemporalCoveragePostNormalizerTest
2018-08-13 18:17:20,062 DEBUG [      test-main] [AbstractXmlVloConfigFactory#newConfig:48] - Config location: file:/root/workspace/clarin-eric/VLO/415509045/vlo-commons/target/classes/VloConfig.xml
Tests run: 1, Failures: 0, Errors: 0, Skipped: 0, Time elapsed: 0.013 sec
Running eu.clarin.cmdi.vlo.importer.CountryNamePostNormalizerTest
2018-08-13 18:17:20,078 DEBUG [      test-main] [AbstractXmlVloConfigFactory#newConfig:48] - Config location: file:/root/workspace/clarin-eric/VLO/415509045/vlo-commons/target/classes/VloConfig.xml
2018-08-13 18:17:20,091  INFO [      test-main] [CountryNamePostNormalizer#createCountryCodeMap:55] - Creating country code map from file:/root/workspace/clarin-eric/VLO/415509045/vlo-importer/target/test-classes/catalog_clarin_eu/c_1271859438104.xml
Tests run: 1, Failures: 0, Errors: 0, Skipped: 0, Time elapsed: 0.016 sec
Running eu.clarin.cmdi.vlo.importer.SelfLinkExtractorImplTest
2018-08-13 18:17:20,106 DEBUG [      test-main] [SelfLinkExtractorImpl#extractMdSelfLink:73] - Halt point reached, no self link found in document /tmp/selfLinkExtractor1802662802843405490cmdi
Tests run: 4, Failures: 0, Errors: 0, Skipped: 2, Time elapsed: 0.011 sec
Running eu.clarin.cmdi.vlo.importer.LicenseTypePostNormalizerTest
2018-08-13 18:17:20,108 DEBUG [      test-main] [AbstractXmlVloConfigFactory#newConfig:48] - Config location: file:/root/workspace/clarin-eric/VLO/415509045/vlo-commons/target/classes/VloConfig.xml
2018-08-13 18:17:20,124  INFO [      test-main] [LicenseTypePostNormalizer#lambda$getMappingFromFile$0:75] - Reading vocabulary file from: /uniform-maps/LicenseTypeMap.xml
2018-08-13 18:17:20,125 DEBUG [      test-main] [MappingDefinitionResolver#getUrlStream:71] - Not a valid vocabulary URL / URI: /uniform-maps/LicenseTypeMap.xml
2018-08-13 18:17:20,125 DEBUG [      test-main] [MappingDefinitionResolver#getFileStream:89] - Not a local file that exists: /uniform-maps/LicenseTypeMap.xml
Tests run: 4, Failures: 0, Errors: 0, Skipped: 0, Time elapsed: 0.033 sec
Running eu.clarin.cmdi.vlo.importer.ValueMappingFactoryTest
2018-08-13 18:17:20,143 DEBUG [      test-main] [MappingDefinitionResolver#getUrlStream:71] - Not a valid vocabulary URL / URI: /root/workspace/clarin-eric/VLO/415509045/vlo-importer/target/test-classes/facetConceptsTest.xml
2018-08-13 18:17:20,143  INFO [      test-main] [VLOMarshaller#lambda$getFacetConceptMapping$0:62] - Unmarshalling facet concepts definition from file /root/workspace/clarin-eric/VLO/415509045/vlo-importer/target/test-classes/facetConceptsTest.xml
2018-08-13 18:17:20,151  INFO [      test-main] [ValueMappingFactoryDOMImpl#createValueMapping:42] - Parsing value mapping in /tmp/1534177040150309386625609339104.tmp
2018-08-13 18:17:20,151 DEBUG [      test-main] [MappingDefinitionResolver#getUrlStream:71] - Not a valid vocabulary URL / URI: /tmp/1534177040150309386625609339104.tmp
2018-08-13 18:17:20,153  INFO [      test-main] [ValueMappingFactoryDOMImpl#createValueMapping:52] - Found 1 origin-facet nodes
2018-08-13 18:17:20,153  INFO [      test-main] [ValueMappingFactoryDOMImpl#processOriginFacet:75] - Processing origin-facet node with name='name'
2018-08-13 18:17:20,153  INFO [      test-main] [ValueMappingFactoryDOMImpl#processValueMap:93] - -- Processing value-map node
2018-08-13 18:17:20,153  INFO [      test-main] [ValueMappingFactoryDOMImpl#processValueMap:110] - -- Found 1 target-value-set nodes
2018-08-13 18:17:20,154 DEBUG [      test-main] [ValueMappingFactoryDOMImpl#processTargetValueSet:128] - -- -- Processing target-value-set with 1 target-value node(s)
2018-08-13 18:17:20,154 DEBUG [      test-main] [ValueMappingFactoryDOMImpl#processTargetValueSet:134] - -- -- Processing target-value node with facet='subject'
2018-08-13 18:17:20,154 DEBUG [      test-main] [ValueMappingFactoryDOMImpl#processTargetValueSet:162] - -- -- -- Added target value 'blabla1' [overrideExistingValues: false, removeSourceValue: false]
2018-08-13 18:17:20,154 DEBUG [      test-main] [ValueMappingFactoryDOMImpl#processTargetValueSet:168] - -- -- Continued processing of target-value-set with 1 source-value node(s)
2018-08-13 18:17:20,155 DEBUG [      test-main] [ValueMappingFactoryDOMImpl#processTargetValueSet:172] - -- -- -- Processing source-value node with content 'C.+'
2018-08-13 18:17:20,155  INFO [      test-main] [ValueMappingFactoryDOMImpl#processValueMap:93] - -- Processing value-map node
2018-08-13 18:17:20,155  INFO [      test-main] [ValueMappingFactoryDOMImpl#processValueMap:110] - -- Found 2 target-value-set nodes
2018-08-13 18:17:20,155 DEBUG [      test-main] [ValueMappingFactoryDOMImpl#processTargetValueSet:128] - -- -- Processing target-value-set with 1 target-value node(s)
2018-08-13 18:17:20,155 DEBUG [      test-main] [ValueMappingFactoryDOMImpl#processTargetValueSet:134] - -- -- Processing target-value node with facet='name'
2018-08-13 18:17:20,155 DEBUG [      test-main] [ValueMappingFactoryDOMImpl#processTargetValueSet:162] - -- -- -- Added target value 'blabla1' [overrideExistingValues: false, removeSourceValue: false]
2018-08-13 18:17:20,156 DEBUG [      test-main] [ValueMappingFactoryDOMImpl#processTargetValueSet:168] - -- -- Continued processing of target-value-set with 1 source-value node(s)
2018-08-13 18:17:20,156 DEBUG [      test-main] [ValueMappingFactoryDOMImpl#processTargetValueSet:172] - -- -- -- Processing source-value node with content 'DonauDampfschifffahrtsGesellschaftsKaptitän'
2018-08-13 18:17:20,156 DEBUG [      test-main] [ValueMappingFactoryDOMImpl#processTargetValueSet:128] - -- -- Processing target-value-set with 1 target-value node(s)
2018-08-13 18:17:20,156 DEBUG [      test-main] [ValueMappingFactoryDOMImpl#processTargetValueSet:134] - -- -- Processing target-value node with facet='name'
2018-08-13 18:17:20,157 DEBUG [      test-main] [ValueMappingFactoryDOMImpl#processTargetValueSet:162] - -- -- -- Added target value 'blabla2' [overrideExistingValues: false, removeSourceValue: false]
2018-08-13 18:17:20,157 DEBUG [      test-main] [ValueMappingFactoryDOMImpl#processTargetValueSet:168] - -- -- Continued processing of target-value-set with 1 source-value node(s)
2018-08-13 18:17:20,157 DEBUG [      test-main] [ValueMappingFactoryDOMImpl#processTargetValueSet:172] - -- -- -- Processing source-value node with content 'DonauDampfschifffahrtsGesellschaftsKaptitän'
2018-08-13 18:17:20,158 DEBUG [      test-main] [MappingDefinitionResolver#getUrlStream:71] - Not a valid vocabulary URL / URI: /root/workspace/clarin-eric/VLO/415509045/vlo-importer/target/test-classes/facetConceptsTest.xml
2018-08-13 18:17:20,158  INFO [      test-main] [VLOMarshaller#lambda$getFacetConceptMapping$0:62] - Unmarshalling facet concepts definition from file /root/workspace/clarin-eric/VLO/415509045/vlo-importer/target/test-classes/facetConceptsTest.xml
2018-08-13 18:17:20,164  INFO [      test-main] [ValueMappingFactoryDOMImpl#createValueMapping:42] - Parsing value mapping in /tmp/15341770401635858151768755999848.tmp
2018-08-13 18:17:20,164 DEBUG [      test-main] [MappingDefinitionResolver#getUrlStream:71] - Not a valid vocabulary URL / URI: /tmp/15341770401635858151768755999848.tmp
2018-08-13 18:17:20,166  INFO [      test-main] [ValueMappingFactoryDOMImpl#createValueMapping:52] - Found 2 origin-facet nodes
2018-08-13 18:17:20,167  INFO [      test-main] [ValueMappingFactoryDOMImpl#processOriginFacet:75] - Processing origin-facet node with name='name'
2018-08-13 18:17:20,167  INFO [      test-main] [ValueMappingFactoryDOMImpl#processValueMap:93] - -- Processing value-map node
2018-08-13 18:17:20,167  INFO [      test-main] [ValueMappingFactoryDOMImpl#processValueMap:110] - -- Found 1 target-value-set nodes
2018-08-13 18:17:20,167 DEBUG [      test-main] [ValueMappingFactoryDOMImpl#processTargetValueSet:128] - -- -- Processing target-value-set with 2 target-value node(s)
2018-08-13 18:17:20,167 DEBUG [      test-main] [ValueMappingFactoryDOMImpl#processTargetValueSet:134] - -- -- Processing target-value node with facet='subject'
2018-08-13 18:17:20,168 DEBUG [      test-main] [ValueMappingFactoryDOMImpl#processTargetValueSet:162] - -- -- -- Added target value 'blabla1' [overrideExistingValues: false, removeSourceValue: false]
2018-08-13 18:17:20,168 DEBUG [      test-main] [ValueMappingFactoryDOMImpl#processTargetValueSet:134] - -- -- Processing target-value node with facet='name'
2018-08-13 18:17:20,168 DEBUG [      test-main] [ValueMappingFactoryDOMImpl#processTargetValueSet:162] - -- -- -- Added target value 'blabla2' [overrideExistingValues: true, removeSourceValue: false]
2018-08-13 18:17:20,168 DEBUG [      test-main] [ValueMappingFactoryDOMImpl#processTargetValueSet:168] - -- -- Continued processing of target-value-set with 1 source-value node(s)
2018-08-13 18:17:20,168 DEBUG [      test-main] [ValueMappingFactoryDOMImpl#processTargetValueSet:172] - -- -- -- Processing source-value node with content '.+'
2018-08-13 18:17:20,169  INFO [      test-main] [ValueMappingFactoryDOMImpl#processOriginFacet:75] - Processing origin-facet node with name='collection'
2018-08-13 18:17:20,169  INFO [      test-main] [ValueMappingFactoryDOMImpl#processValueMap:93] - -- Processing value-map node
2018-08-13 18:17:20,170  INFO [      test-main] [ValueMappingFactoryDOMImpl#processValueMap:110] - -- Found 1 target-value-set nodes
2018-08-13 18:17:20,170 DEBUG [      test-main] [ValueMappingFactoryDOMImpl#processTargetValueSet:128] - -- -- Processing target-value-set with 2 target-value node(s)
2018-08-13 18:17:20,170 DEBUG [      test-main] [ValueMappingFactoryDOMImpl#processTargetValueSet:134] - -- -- Processing target-value node with facet='subject'
2018-08-13 18:17:20,171 DEBUG [      test-main] [ValueMappingFactoryDOMImpl#processTargetValueSet:162] - -- -- -- Added target value 'blabla1' [overrideExistingValues: false, removeSourceValue: false]
2018-08-13 18:17:20,171 DEBUG [      test-main] [ValueMappingFactoryDOMImpl#processTargetValueSet:134] - -- -- Processing target-value node with facet='name'
2018-08-13 18:17:20,172 DEBUG [      test-main] [ValueMappingFactoryDOMImpl#processTargetValueSet:154] - -- -- -- Added target value 'blabla2' (cloned target definition: [overrideExistingValues: true, removeSourceValue: true])
2018-08-13 18:17:20,172 DEBUG [      test-main] [ValueMappingFactoryDOMImpl#processTargetValueSet:168] - -- -- Continued processing of target-value-set with 1 source-value node(s)
2018-08-13 18:17:20,172 DEBUG [      test-main] [ValueMappingFactoryDOMImpl#processTargetValueSet:172] - -- -- -- Processing source-value node with content 'a.+'
2018-08-13 18:17:20,173  INFO [      test-main] [ValueMappingFactoryDOMImpl#processValueMap:93] - -- Processing value-map node
2018-08-13 18:17:20,173  INFO [      test-main] [ValueMappingFactoryDOMImpl#processValueMap:110] - -- Found 1 target-value-set nodes
2018-08-13 18:17:20,173 DEBUG [      test-main] [ValueMappingFactoryDOMImpl#processTargetValueSet:128] - -- -- Processing target-value-set with 2 target-value node(s)
2018-08-13 18:17:20,173 DEBUG [      test-main] [ValueMappingFactoryDOMImpl#processTargetValueSet:134] - -- -- Processing target-value node with facet=''
2018-08-13 18:17:20,174 DEBUG [      test-main] [ValueMappingFactoryDOMImpl#processTargetValueSet:134] - -- -- Processing target-value node with facet=''
2018-08-13 18:17:20,174 DEBUG [      test-main] [ValueMappingFactoryDOMImpl#processTargetValueSet:168] - -- -- Continued processing of target-value-set with 1 source-value node(s)
2018-08-13 18:17:20,174 DEBUG [      test-main] [ValueMappingFactoryDOMImpl#processTargetValueSet:172] - -- -- -- Processing source-value node with content 'b.+'
2018-08-13 18:17:20,175 DEBUG [      test-main] [MappingDefinitionResolver#getUrlStream:71] - Not a valid vocabulary URL / URI: /root/workspace/clarin-eric/VLO/415509045/vlo-importer/target/test-classes/facetConceptsTest.xml
2018-08-13 18:17:20,176  INFO [      test-main] [VLOMarshaller#lambda$getFacetConceptMapping$0:62] - Unmarshalling facet concepts definition from file /root/workspace/clarin-eric/VLO/415509045/vlo-importer/target/test-classes/facetConceptsTest.xml
2018-08-13 18:17:20,181  INFO [      test-main] [ValueMappingFactoryDOMImpl#createValueMapping:42] - Parsing value mapping in /tmp/15341770401814660420171832260821.tmp
2018-08-13 18:17:20,181 DEBUG [      test-main] [MappingDefinitionResolver#getUrlStream:71] - Not a valid vocabulary URL / URI: /tmp/15341770401814660420171832260821.tmp
2018-08-13 18:17:20,183  INFO [      test-main] [ValueMappingFactoryDOMImpl#createValueMapping:52] - Found 2 origin-facet nodes
2018-08-13 18:17:20,183  INFO [      test-main] [ValueMappingFactoryDOMImpl#processOriginFacet:75] - Processing origin-facet node with name='name'
2018-08-13 18:17:20,183  INFO [      test-main] [ValueMappingFactoryDOMImpl#processValueMap:93] - -- Processing value-map node
2018-08-13 18:17:20,183  INFO [      test-main] [ValueMappingFactoryDOMImpl#processValueMap:110] - -- Found 1 target-value-set nodes
2018-08-13 18:17:20,183 DEBUG [      test-main] [ValueMappingFactoryDOMImpl#processTargetValueSet:128] - -- -- Processing target-value-set with 1 target-value node(s)
2018-08-13 18:17:20,183 DEBUG [      test-main] [ValueMappingFactoryDOMImpl#processTargetValueSet:134] - -- -- Processing target-value node with facet='subject'
2018-08-13 18:17:20,184 DEBUG [      test-main] [ValueMappingFactoryDOMImpl#processTargetValueSet:162] - -- -- -- Added target value 'blabla1' [overrideExistingValues: false, removeSourceValue: false]
2018-08-13 18:17:20,184 DEBUG [      test-main] [ValueMappingFactoryDOMImpl#processTargetValueSet:168] - -- -- Continued processing of target-value-set with 1 source-value node(s)
2018-08-13 18:17:20,184 DEBUG [      test-main] [ValueMappingFactoryDOMImpl#processTargetValueSet:172] - -- -- -- Processing source-value node with content '.+'
2018-08-13 18:17:20,184  INFO [      test-main] [ValueMappingFactoryDOMImpl#processOriginFacet:75] - Processing origin-facet node with name='collection'
2018-08-13 18:17:20,184  INFO [      test-main] [ValueMappingFactoryDOMImpl#processValueMap:93] - -- Processing value-map node
2018-08-13 18:17:20,184  INFO [      test-main] [ValueMappingFactoryDOMImpl#processValueMap:110] - -- Found 1 target-value-set nodes
2018-08-13 18:17:20,185 DEBUG [      test-main] [ValueMappingFactoryDOMImpl#processTargetValueSet:128] - -- -- Processing target-value-set with 3 target-value node(s)
2018-08-13 18:17:20,185 DEBUG [      test-main] [ValueMappingFactoryDOMImpl#processTargetValueSet:134] - -- -- Processing target-value node with facet='subject'
2018-08-13 18:17:20,185 DEBUG [      test-main] [ValueMappingFactoryDOMImpl#processTargetValueSet:162] - -- -- -- Added target value 'blabla1' [overrideExistingValues: false, removeSourceValue: false]
2018-08-13 18:17:20,185 DEBUG [      test-main] [ValueMappingFactoryDOMImpl#processTargetValueSet:134] - -- -- Processing target-value node with facet='name'
2018-08-13 18:17:20,185 DEBUG [      test-main] [ValueMappingFactoryDOMImpl#processTargetValueSet:162] - -- -- -- Added target value 'blabla2' [overrideExistingValues: false, removeSourceValue: false]
2018-08-13 18:17:20,186 DEBUG [      test-main] [ValueMappingFactoryDOMImpl#processTargetValueSet:134] - -- -- Processing target-value node with facet='temporalCoverage'
2018-08-13 18:17:20,186 DEBUG [      test-main] [ValueMappingFactoryDOMImpl#processTargetValueSet:162] - -- -- -- Added target value 'blabla3' [overrideExistingValues: false, removeSourceValue: false]
2018-08-13 18:17:20,186 DEBUG [      test-main] [ValueMappingFactoryDOMImpl#processTargetValueSet:168] - -- -- Continued processing of target-value-set with 1 source-value node(s)
2018-08-13 18:17:20,186 DEBUG [      test-main] [ValueMappingFactoryDOMImpl#processTargetValueSet:172] - -- -- -- Processing source-value node with content 'CollectionName'
Tests run: 3, Failures: 0, Errors: 0, Skipped: 0, Time elapsed: 0.045 sec
Running eu.clarin.cmdi.vlo.importer.LanguageCodePostNormalizerTest
2018-08-13 18:17:20,189 DEBUG [      test-main] [AbstractXmlVloConfigFactory#newConfig:48] - Config location: file:/root/workspace/clarin-eric/VLO/415509045/vlo-commons/target/classes/VloConfig.xml
2018-08-13 18:17:20,217 DEBUG [      test-main] [AbstractXmlVloConfigFactory#newConfig:48] - Config location: file:/root/workspace/clarin-eric/VLO/415509045/vlo-commons/target/classes/VloConfig.xml
2018-08-13 18:17:20,231  INFO [      test-main] [LanguageCodeUtils#createCodeMap:147] - Creating language code map from file:/root/workspace/clarin-eric/VLO/415509045/vlo-importer/target/test-classes/catalog_clarin_eu/c_1271859438110.xml
2018-08-13 18:17:20,306 DEBUG [      test-main] [LanguageCodeUtils#createSilToIsoCodeMap:177] - Creating silToIso code map.
2018-08-13 18:17:20,328 DEBUG [      test-main] [LanguageCodeUtils#createReverseCodeMap:162] - Creating language code map.
Tests run: 1, Failures: 0, Errors: 0, Skipped: 0, Time elapsed: 0.184 sec
Running eu.clarin.cmdi.vlo.importer.MetadataImporterMultiDatarootsTest
2018-08-13 18:17:20,372 DEBUG [      test-main] [AbstractXmlVloConfigFactory#newConfig:48] - Config location: file:/root/workspace/clarin-eric/VLO/415509045/vlo-commons/target/classes/VloConfig.xml
2018-08-13 18:17:20,391  INFO [      test-main] [BufferingSolrBridgeImpl#<init>:64] - Buffered will be submitted to the Solr server if it contains 1024 or more documents
2018-08-13 18:17:20,392 DEBUG [      test-main] [MappingDefinitionResolver#getUrlStream:71] - Not a valid vocabulary URL / URI: /mapping/facetConcepts.xml
2018-08-13 18:17:20,392 DEBUG [      test-main] [MappingDefinitionResolver#getFileStream:89] - Not a local file that exists: /mapping/facetConcepts.xml
2018-08-13 18:17:20,392  INFO [      test-main] [VLOMarshaller#lambda$getFacetConceptMapping$0:62] - Unmarshalling facet concepts definition from file /mapping/facetConcepts.xml
2018-08-13 18:17:20,397 DEBUG [      test-main] [FacetMappingFactory#createBaseMapping:113] - Creating base mapping
2018-08-13 18:17:20,397  INFO [      test-main] [ValueMappingFactoryDOMImpl#createValueMapping:42] - Parsing value mapping in /root/workspace/clarin-eric/VLO/415509045/vlo-importer/target/test-classes/valueMappingsTest.xml
2018-08-13 18:17:20,398 DEBUG [      test-main] [MappingDefinitionResolver#getUrlStream:71] - Not a valid vocabulary URL / URI: /root/workspace/clarin-eric/VLO/415509045/vlo-importer/target/test-classes/valueMappingsTest.xml
2018-08-13 18:17:20,398  INFO [      test-main] [ValueMappingFactoryDOMImpl#createValueMapping:52] - Found 0 origin-facet nodes
2018-08-13 18:17:20,399  WARN [      test-main] [MetadataImporter#checkDataRoots:417] - Root file C:\Users\dostojic\AppData\Local\Temp\dummy1.cmdi does not exist. It could be configuration error! Proceeding with next ...
2018-08-13 18:17:20,399  WARN [      test-main] [MetadataImporter#checkDataRoots:417] - Root file C:\Users\dostojic\AppData\Local\Temp\dummy2.cmdi does not exist. It could be configuration error! Proceeding with next ...
Tests run: 1, Failures: 0, Errors: 0, Skipped: 0, Time elapsed: 0.027 sec

Results :

Failed tests:   testMultilingualValues(eu.clarin.cmdi.vlo.importer.MetadataImporterTest): Order should be preserved except for preferred language priority(..)
  testDerivedFacetsWithPostProcessing(eu.clarin.cmdi.vlo.importer.MetadataImporterTest): Language code -> language name post processing expected:<Dutch> but was:<null>
  testDefaultValuePostProcessing(eu.clarin.cmdi.vlo.importer.MetadataImporterTest): Explicit license filled in from availability expected:<PUB> but was:<null>
  testOlac(eu.clarin.cmdi.vlo.importer.CMDIDataProcessorTest): expected:<10> but was:<9>
  testLrtCollection(eu.clarin.cmdi.vlo.importer.CMDIDataProcessorTest): expected:<Estonian> but was:<null>
  testCreateCMDIDataFromSession(eu.clarin.cmdi.vlo.importer.CMDIDataProcessorTest): expected:<English> but was:<null>

Tests run: 58, Failures: 6, Errors: 0, Skipped: 2

[INFO] ------------------------------------------------------------------------
[INFO] Reactor Summary:
[INFO] 
[INFO] Virtual Language Observatory ....................... SUCCESS [  0.002 s]
[INFO] VLO Solr ........................................... SUCCESS [  7.852 s]
[INFO] VLO Commons ........................................ SUCCESS [  4.129 s]
[INFO] VLO Vocabularies ................................... SUCCESS [  0.033 s]
[INFO] VLO Importer ....................................... FAILURE [01:23 min]
[INFO] VLO Web Application ................................ SKIPPED
[INFO] VLO Sitemap Generator .............................. SKIPPED
[INFO] VLO Report Generator ............................... SKIPPED
[INFO] VLO Distribution ................................... SKIPPED
[INFO] ------------------------------------------------------------------------
[INFO] BUILD FAILURE
[INFO] ------------------------------------------------------------------------
[INFO] Total time: 01:35 min
[INFO] Finished at: 2018-08-13T18:17:20+02:00
[INFO] Final Memory: 33M/387M
[INFO] ------------------------------------------------------------------------
[ERROR] Failed to execute goal org.apache.maven.plugins:maven-surefire-plugin:2.12.4:test (default-test) on project vlo-importer: There are test failures.
[ERROR] 
[ERROR] Please refer to /root/workspace/clarin-eric/VLO/415509045/vlo-importer/target/surefire-reports for the individual test results.
[ERROR] -> [Help 1]
[ERROR] 
[ERROR] To see the full stack trace of the errors, re-run Maven with the -e switch.
[ERROR] Re-run Maven using the -X switch to enable full debug logging.
[ERROR] 
[ERROR] For more information about the errors and possible solutions, please read the following articles:
[ERROR] [Help 1] http://cwiki.apache.org/confluence/display/MAVEN/MojoFailureException
[ERROR] 
[ERROR] After correcting the problems, you can resume the build with the command
[ERROR]   mvn <goals> -rf :vlo-importer
